May 13, 2009 7:17:38 AM org.apache.catalina.core.AprLifecycleListener init
INFO: The APR based Apache Tomcat Native library which allows optimal performance in production environments was not found on the java.library.path: D:\HRM\server\bin;.;C:\WINDOWS\Sun\Java\bin;C:\WINDOWS\system32;C:\WINDOWS;C:\WINDOWS\system32;C:\WINDOWS;C:\WINDOWS\System32\Wbem;C:\Program Files\Subversion\bin;C:\Program Files\TortoiseSVN\bin
May 13, 2009 7:17:39 AM org.apache.coyote.http11.Http11Protocol init
SEVERE: Error initializing endpoint
java.net.BindException: Address already in use: JVM_Bind:80
	at org.apache.tomcat.util.net.JIoEndpoint.init(JIoEndpoint.java:501)
	at org.apache.coyote.http11.Http11Protocol.init(Http11Protocol.java:176)
	at org.apache.catalina.connector.Connector.initialize(Connector.java:1058)
	at org.apache.catalina.core.StandardService.initialize(StandardService.java:677)
	at org.apache.catalina.core.StandardServer.initialize(StandardServer.java:795)
	at org.apache.catalina.startup.Catalina.load(Catalina.java:530)
	at org.apache.catalina.startup.Catalina.load(Catalina.java:550)
	at sun.reflect.NativeMethodAccessorImpl.invoke0(Native Method)
	at sun.reflect.NativeMethodAccessorImpl.invoke(NativeMethodAccessorImpl.java:39)
	at sun.reflect.DelegatingMethodAccessorImpl.invoke(DelegatingMethodAccessorImpl.java:25)
	at java.lang.reflect.Method.invoke(Method.java:597)
	at org.apache.catalina.startup.Bootstrap.load(Bootstrap.java:260)
	at org.apache.catalina.startup.Bootstrap.main(Bootstrap.java:412)
May 13, 2009 7:17:39 AM org.apache.catalina.startup.Catalina load
SEVERE: Catalina.start
LifecycleException:  Protocol handler initialization failed: java.net.BindException: Address already in use: JVM_Bind:80
	at org.apache.catalina.connector.Connector.initialize(Connector.java:1060)
	at org.apache.catalina.core.StandardService.initialize(StandardService.java:677)
	at org.apache.catalina.core.StandardServer.initialize(StandardServer.java:795)
	at org.apache.catalina.startup.Catalina.load(Catalina.java:530)
	at org.apache.catalina.startup.Catalina.load(Catalina.java:550)
	at sun.reflect.NativeMethodAccessorImpl.invoke0(Native Method)
	at sun.reflect.NativeMethodAccessorImpl.invoke(NativeMethodAccessorImpl.java:39)
	at sun.reflect.DelegatingMethodAccessorImpl.invoke(DelegatingMethodAccessorImpl.java:25)
	at java.lang.reflect.Method.invoke(Method.java:597)
	at org.apache.catalina.startup.Bootstrap.load(Bootstrap.java:260)
	at org.apache.catalina.startup.Bootstrap.main(Bootstrap.java:412)
May 13, 2009 7:17:39 AM org.apache.catalina.startup.Catalina load
INFO: Initialization processed in 2672 ms
May 13, 2009 7:17:39 AM org.apache.catalina.core.StandardService start
INFO: Starting service Catalina
May 13, 2009 7:17:39 AM org.apache.catalina.core.StandardEngine start
INFO: Starting Servlet Engine: Apache Tomcat/6.0.16
May 13, 2009 7:17:40 AM org.apache.catalina.loader.WebappClassLoader validateJarFile
INFO: validateJarFile(D:\HRM\server\webapps\ROOT\WEB-INF\lib\servlet-api.jar) - jar not loaded. See Servlet Spec 2.3, section 9.7.2. Offending class: javax/servlet/Servlet.class
May 13, 2009 7:17:50 AM org.apache.coyote.http11.Http11Protocol start
SEVERE: Error starting endpoint
java.net.BindException: Address already in use: JVM_Bind:80
	at org.apache.tomcat.util.net.JIoEndpoint.init(JIoEndpoint.java:501)
	at org.apache.tomcat.util.net.JIoEndpoint.start(JIoEndpoint.java:515)
	at org.apache.coyote.http11.Http11Protocol.start(Http11Protocol.java:203)
	at org.apache.catalina.connector.Connector.start(Connector.java:1131)
	at org.apache.catalina.core.StandardService.start(StandardService.java:531)
	at org.apache.catalina.core.StandardServer.start(StandardServer.java:710)
	at org.apache.catalina.startup.Catalina.start(Catalina.java:578)
	at sun.reflect.NativeMethodAccessorImpl.invoke0(Native Method)
	at sun.reflect.NativeMethodAccessorImpl.invoke(NativeMethodAccessorImpl.java:39)
	at sun.reflect.DelegatingMethodAccessorImpl.invoke(DelegatingMethodAccessorImpl.java:25)
	at java.lang.reflect.Method.invoke(Method.java:597)
	at org.apache.catalina.startup.Bootstrap.start(Bootstrap.java:288)
	at org.apache.catalina.startup.Bootstrap.main(Bootstrap.java:413)
May 13, 2009 7:17:50 AM org.apache.catalina.startup.Catalina start
SEVERE: Catalina.start: 
LifecycleException:  service.getName(): "Catalina";  Protocol handler start failed: java.net.BindException: Address already in use: JVM_Bind:80
	at org.apache.catalina.connector.Connector.start(Connector.java:1138)
	at org.apache.catalina.core.StandardService.start(StandardService.java:531)
	at org.apache.catalina.core.StandardServer.start(StandardServer.java:710)
	at org.apache.catalina.startup.Catalina.start(Catalina.java:578)
	at sun.reflect.NativeMethodAccessorImpl.invoke0(Native Method)
	at sun.reflect.NativeMethodAccessorImpl.invoke(NativeMethodAccessorImpl.java:39)
	at sun.reflect.DelegatingMethodAccessorImpl.invoke(DelegatingMethodAccessorImpl.java:25)
	at java.lang.reflect.Method.invoke(Method.java:597)
	at org.apache.catalina.startup.Bootstrap.start(Bootstrap.java:288)
	at org.apache.catalina.startup.Bootstrap.main(Bootstrap.java:413)
May 13, 2009 7:17:50 AM org.apache.catalina.startup.Catalina start
INFO: Server startup in 11575 ms
May 13, 2009 7:18:49 AM org.apache.coyote.http11.Http11Protocol pause
INFO: Pausing Coyote HTTP/1.1 on http-80
May 13, 2009 7:18:49 AM org.apache.catalina.connector.Connector pause
SEVERE: Protocol handler pause failed
java.lang.NullPointerException
	at org.apache.jk.server.JkMain.pause(JkMain.java:679)
	at org.apache.jk.server.JkCoyoteHandler.pause(JkCoyoteHandler.java:153)
	at org.apache.catalina.connector.Connector.pause(Connector.java:1073)
	at org.apache.catalina.core.StandardService.stop(StandardService.java:563)
	at org.apache.catalina.core.StandardServer.stop(StandardServer.java:744)
	at org.apache.catalina.startup.Catalina.stop(Catalina.java:628)
	at org.apache.catalina.startup.Catalina.start(Catalina.java:603)
	at sun.reflect.NativeMethodAccessorImpl.invoke0(Native Method)
	at sun.reflect.NativeMethodAccessorImpl.invoke(NativeMethodAccessorImpl.java:39)
	at sun.reflect.DelegatingMethodAccessorImpl.invoke(DelegatingMethodAccessorImpl.java:25)
	at java.lang.reflect.Method.invoke(Method.java:597)
	at org.apache.catalina.startup.Bootstrap.start(Bootstrap.java:288)
	at org.apache.catalina.startup.Bootstrap.main(Bootstrap.java:413)
May 13, 2009 7:18:50 AM org.apache.catalina.core.StandardService stop
INFO: Stopping service Catalina
May 13, 2009 7:18:51 AM org.apache.catalina.connector.MapperListener destroy
WARNING: Error unregistering MBeanServerDelegate
java.lang.NullPointerException
	at org.apache.catalina.connector.MapperListener.destroy(MapperListener.java:162)
	at org.apache.catalina.connector.Connector.stop(Connector.java:1179)
	at org.apache.catalina.core.StandardService.stop(StandardService.java:593)
	at org.apache.catalina.core.StandardServer.stop(StandardServer.java:744)
	at org.apache.catalina.startup.Catalina.stop(Catalina.java:628)
	at org.apache.catalina.startup.Catalina.start(Catalina.java:603)
	at sun.reflect.NativeMethodAccessorImpl.invoke0(Native Method)
	at sun.reflect.NativeMethodAccessorImpl.invoke(NativeMethodAccessorImpl.java:39)
	at sun.reflect.DelegatingMethodAccessorImpl.invoke(DelegatingMethodAccessorImpl.java:25)
	at java.lang.reflect.Method.invoke(Method.java:597)
	at org.apache.catalina.startup.Bootstrap.start(Bootstrap.java:288)
	at org.apache.catalina.startup.Bootstrap.main(Bootstrap.java:413)
May 13, 2009 7:18:51 AM org.apache.coyote.http11.Http11Protocol destroy
INFO: Stopping Coyote HTTP/1.1 on http-80
May 13, 2009 7:18:51 AM org.apache.catalina.connector.Connector stop
SEVERE: Coyote connector has not been started
May 13, 2009 7:18:54 AM org.apache.catalina.core.AprLifecycleListener init
INFO: The APR based Apache Tomcat Native library which allows optimal performance in production environments was not found on the java.library.path: D:\HRM\server\bin;.;C:\WINDOWS\Sun\Java\bin;C:\WINDOWS\system32;C:\WINDOWS;C:\WINDOWS\system32;C:\WINDOWS;C:\WINDOWS\System32\Wbem;C:\Program Files\Subversion\bin;C:\Program Files\TortoiseSVN\bin
May 13, 2009 7:18:54 AM org.apache.coyote.http11.Http11Protocol init
INFO: Initializing Coyote HTTP/1.1 on http-80
May 13, 2009 7:18:54 AM org.apache.catalina.startup.Catalina load
INFO: Initialization processed in 1867 ms
May 13, 2009 7:18:54 AM org.apache.catalina.core.StandardService start
INFO: Starting service Catalina
May 13, 2009 7:18:54 AM org.apache.catalina.core.StandardEngine start
INFO: Starting Servlet Engine: Apache Tomcat/6.0.16
May 13, 2009 7:18:54 AM org.apache.catalina.loader.WebappClassLoader validateJarFile
INFO: validateJarFile(D:\HRM\server\webapps\ROOT\WEB-INF\lib\servlet-api.jar) - jar not loaded. See Servlet Spec 2.3, section 9.7.2. Offending class: javax/servlet/Servlet.class
May 13, 2009 7:19:01 AM org.apache.coyote.http11.Http11Protocol start
INFO: Starting Coyote HTTP/1.1 on http-80
May 13, 2009 7:19:01 AM org.apache.jk.common.ChannelSocket init
INFO: JK: ajp13 listening on /0.0.0.0:8009
May 13, 2009 7:19:01 AM org.apache.jk.server.JkMain start
INFO: Jk running ID=0 time=0/100  config=null
May 13, 2009 7:19:01 AM org.apache.catalina.startup.Catalina start
INFO: Server startup in 7882 ms
May 13, 2009 7:40:40 AM org.apache.coyote.http11.Http11Protocol pause
INFO: Pausing Coyote HTTP/1.1 on http-80
May 13, 2009 7:40:41 AM org.apache.catalina.core.StandardService stop
INFO: Stopping service Catalina
May 13, 2009 7:40:43 AM org.apache.coyote.http11.Http11Protocol destroy
INFO: Stopping Coyote HTTP/1.1 on http-80
