Aug 31, 2010 9:00:11 AM org.apache.catalina.core.AprLifecycleListener init
INFO: The APR based Apache Tomcat Native library which allows optimal performance in production environments was not found on the java.library.path: E:\WORKING\PROJECTS\Henessy\Setup_web\server\bin;.;C:\WINDOWS\Sun\Java\bin;C:\WINDOWS\system32;C:\WINDOWS;%CommonProgramFiles%\Microsoft Shared\Windows Live;C:\Program Files\Borland\Delphi7\Bin;C:\Program Files\Borland\Delphi7\Projects\Bpl\;C:\WINDOWS\system32;C:\WINDOWS;C:\WINDOWS\System32\Wbem;C:\Program Files\Intel\WiFi\bin\;C:\Program Files\QuickTime\QTSystem\;C:\Program Files\TortoiseSVN\bin
Aug 31, 2010 9:00:11 AM org.apache.coyote.http11.Http11Protocol init
INFO: Initializing Coyote HTTP/1.1 on http-8080
Aug 31, 2010 9:00:11 AM org.apache.catalina.startup.Catalina load
INFO: Initialization processed in 1637 ms
Aug 31, 2010 9:00:11 AM org.apache.catalina.core.StandardService start
INFO: Starting service Catalina
Aug 31, 2010 9:00:11 AM org.apache.catalina.core.StandardEngine start
INFO: Starting Servlet Engine: Apache Tomcat/6.0.16
Aug 31, 2010 9:00:12 AM org.apache.catalina.loader.WebappClassLoader validateJarFile
INFO: validateJarFile(E:\WORKING\PROJECTS\Henessy\Setup_web\server\webapps\ROOT\WEB-INF\lib\servlet-api.jar) - jar not loaded. See Servlet Spec 2.3, section 9.7.2. Offending class: javax/servlet/Servlet.class
Aug 31, 2010 9:00:20 AM org.apache.coyote.http11.Http11Protocol start
INFO: Starting Coyote HTTP/1.1 on http-8080
Aug 31, 2010 9:00:20 AM org.apache.jk.common.ChannelSocket init
INFO: JK: ajp13 listening on /0.0.0.0:8009
Aug 31, 2010 9:00:20 AM org.apache.jk.server.JkMain start
INFO: Jk running ID=0 time=0/79  config=null
Aug 31, 2010 9:00:20 AM org.apache.catalina.startup.Catalina start
INFO: Server startup in 9260 ms
Aug 31, 2010 9:35:34 AM org.apache.coyote.http11.Http11Protocol pause
INFO: Pausing Coyote HTTP/1.1 on http-8080
Aug 31, 2010 9:35:35 AM org.apache.catalina.core.StandardService stop
INFO: Stopping service Catalina
Aug 31, 2010 9:35:35 AM org.apache.coyote.http11.Http11Protocol destroy
INFO: Stopping Coyote HTTP/1.1 on http-8080
Aug 31, 2010 9:35:38 AM org.apache.catalina.core.AprLifecycleListener init
INFO: The APR based Apache Tomcat Native library which allows optimal performance in production environments was not found on the java.library.path: E:\WORKING\PROJECTS\Henessy\Setup_web\server\bin;.;C:\WINDOWS\Sun\Java\bin;C:\WINDOWS\system32;C:\WINDOWS;%CommonProgramFiles%\Microsoft Shared\Windows Live;C:\Program Files\Borland\Delphi7\Bin;C:\Program Files\Borland\Delphi7\Projects\Bpl\;C:\WINDOWS\system32;C:\WINDOWS;C:\WINDOWS\System32\Wbem;C:\Program Files\Intel\WiFi\bin\;C:\Program Files\QuickTime\QTSystem\;C:\Program Files\TortoiseSVN\bin
Aug 31, 2010 9:35:38 AM org.apache.coyote.http11.Http11Protocol init
INFO: Initializing Coyote HTTP/1.1 on http-8080
Aug 31, 2010 9:35:38 AM org.apache.catalina.startup.Catalina load
INFO: Initialization processed in 652 ms
Aug 31, 2010 9:35:38 AM org.apache.catalina.core.StandardService start
INFO: Starting service Catalina
Aug 31, 2010 9:35:38 AM org.apache.catalina.core.StandardEngine start
INFO: Starting Servlet Engine: Apache Tomcat/6.0.16
Aug 31, 2010 9:35:38 AM org.apache.catalina.loader.WebappClassLoader validateJarFile
INFO: validateJarFile(E:\WORKING\PROJECTS\Henessy\Setup_web\server\webapps\ROOT\WEB-INF\lib\servlet-api.jar) - jar not loaded. See Servlet Spec 2.3, section 9.7.2. Offending class: javax/servlet/Servlet.class
Aug 31, 2010 9:35:41 AM org.apache.coyote.http11.Http11Protocol start
INFO: Starting Coyote HTTP/1.1 on http-8080
Aug 31, 2010 9:35:41 AM org.apache.jk.common.ChannelSocket init
INFO: JK: ajp13 listening on /0.0.0.0:8009
Aug 31, 2010 9:35:41 AM org.apache.jk.server.JkMain start
INFO: Jk running ID=0 time=0/15  config=null
Aug 31, 2010 9:35:41 AM org.apache.catalina.startup.Catalina start
INFO: Server startup in 3134 ms
Aug 31, 2010 11:36:50 AM org.apache.coyote.http11.Http11Protocol pause
INFO: Pausing Coyote HTTP/1.1 on http-8080
Aug 31, 2010 11:36:51 AM org.apache.catalina.core.StandardService stop
INFO: Stopping service Catalina
Aug 31, 2010 11:36:51 AM org.apache.coyote.http11.Http11Protocol destroy
INFO: Stopping Coyote HTTP/1.1 on http-8080
Aug 31, 2010 11:38:11 AM org.apache.catalina.core.AprLifecycleListener init
INFO: The APR based Apache Tomcat Native library which allows optimal performance in production environments was not found on the java.library.path: E:\WORKING\PROJECTS\Henessy\Setup_web\server\bin;.;C:\WINDOWS\Sun\Java\bin;C:\WINDOWS\system32;C:\WINDOWS;%CommonProgramFiles%\Microsoft Shared\Windows Live;C:\Program Files\Borland\Delphi7\Bin;C:\Program Files\Borland\Delphi7\Projects\Bpl\;C:\WINDOWS\system32;C:\WINDOWS;C:\WINDOWS\System32\Wbem;C:\Program Files\Intel\WiFi\bin\;C:\Program Files\QuickTime\QTSystem\;C:\Program Files\TortoiseSVN\bin
Aug 31, 2010 11:38:11 AM org.apache.coyote.http11.Http11Protocol init
INFO: Initializing Coyote HTTP/1.1 on http-8080
Aug 31, 2010 11:38:11 AM org.apache.catalina.startup.Catalina load
INFO: Initialization processed in 2671 ms
Aug 31, 2010 11:38:12 AM org.apache.catalina.core.StandardService start
INFO: Starting service Catalina
Aug 31, 2010 11:38:12 AM org.apache.catalina.core.StandardEngine start
INFO: Starting Servlet Engine: Apache Tomcat/6.0.16
Aug 31, 2010 11:38:13 AM org.apache.catalina.loader.WebappClassLoader validateJarFile
INFO: validateJarFile(E:\WORKING\PROJECTS\Henessy\Setup_web\server\webapps\ROOT\WEB-INF\lib\servlet-api.jar) - jar not loaded. See Servlet Spec 2.3, section 9.7.2. Offending class: javax/servlet/Servlet.class
Aug 31, 2010 11:38:23 AM org.apache.coyote.http11.Http11Protocol start
INFO: Starting Coyote HTTP/1.1 on http-8080
Aug 31, 2010 11:38:23 AM org.apache.jk.common.ChannelSocket init
INFO: JK: ajp13 listening on /0.0.0.0:8009
Aug 31, 2010 11:38:23 AM org.apache.jk.server.JkMain start
INFO: Jk running ID=0 time=0/78  config=null
Aug 31, 2010 11:38:23 AM org.apache.catalina.startup.Catalina start
INFO: Server startup in 11792 ms
Aug 31, 2010 10:37:31 PM org.apache.coyote.http11.Http11Protocol pause
INFO: Pausing Coyote HTTP/1.1 on http-8080
Aug 31, 2010 10:37:32 PM org.apache.catalina.core.StandardService stop
INFO: Stopping service Catalina
Aug 31, 2010 10:37:33 PM org.apache.coyote.http11.Http11Protocol destroy
INFO: Stopping Coyote HTTP/1.1 on http-8080
