Sep 13, 2010 8:55:54 AM org.apache.catalina.core.AprLifecycleListener init
INFO: The APR based Apache Tomcat Native library which allows optimal performance in production environments was not found on the java.library.path: E:\WORKING\PROJECTS\Henessy\Setup_web\server\bin;.;C:\WINDOWS\Sun\Java\bin;C:\WINDOWS\system32;C:\WINDOWS;%CommonProgramFiles%\Microsoft Shared\Windows Live;C:\Program Files\Borland\Delphi7\Bin;C:\Program Files\Borland\Delphi7\Projects\Bpl\;C:\WINDOWS\system32;C:\WINDOWS;C:\WINDOWS\System32\Wbem;C:\Program Files\Intel\WiFi\bin\;C:\Program Files\QuickTime\QTSystem\;C:\Program Files\TortoiseSVN\bin
Sep 13, 2010 8:55:54 AM org.apache.coyote.http11.Http11Protocol init
INFO: Initializing Coyote HTTP/1.1 on http-8080
Sep 13, 2010 8:55:54 AM org.apache.catalina.startup.Catalina load
INFO: Initialization processed in 2565 ms
Sep 13, 2010 8:55:55 AM org.apache.catalina.core.StandardService start
INFO: Starting service Catalina
Sep 13, 2010 8:55:55 AM org.apache.catalina.core.StandardEngine start
INFO: Starting Servlet Engine: Apache Tomcat/6.0.16
Sep 13, 2010 8:55:56 AM org.apache.catalina.loader.WebappClassLoader validateJarFile
INFO: validateJarFile(E:\WORKING\PROJECTS\Henessy\Setup_web\server\webapps\ROOT\WEB-INF\lib\servlet-api.jar) - jar not loaded. See Servlet Spec 2.3, section 9.7.2. Offending class: javax/servlet/Servlet.class
Sep 13, 2010 8:56:04 AM org.apache.coyote.http11.Http11Protocol start
INFO: Starting Coyote HTTP/1.1 on http-8080
Sep 13, 2010 8:56:04 AM org.apache.jk.common.ChannelSocket init
INFO: JK: ajp13 listening on /0.0.0.0:8009
Sep 13, 2010 8:56:04 AM org.apache.jk.server.JkMain start
INFO: Jk running ID=0 time=0/63  config=null
Sep 13, 2010 8:56:04 AM org.apache.catalina.startup.Catalina start
INFO: Server startup in 10089 ms
Sep 13, 2010 9:11:18 AM org.apache.coyote.http11.Http11Protocol pause
INFO: Pausing Coyote HTTP/1.1 on http-8080
Sep 13, 2010 9:11:19 AM org.apache.catalina.core.StandardService stop
INFO: Stopping service Catalina
Sep 13, 2010 9:11:19 AM org.apache.coyote.http11.Http11Protocol destroy
INFO: Stopping Coyote HTTP/1.1 on http-8080
Sep 13, 2010 9:12:38 AM org.apache.catalina.core.AprLifecycleListener init
INFO: The APR based Apache Tomcat Native library which allows optimal performance in production environments was not found on the java.library.path: E:\WORKING\PROJECTS\Henessy\Setup_web\server\bin;.;C:\WINDOWS\Sun\Java\bin;C:\WINDOWS\system32;C:\WINDOWS;%CommonProgramFiles%\Microsoft Shared\Windows Live;C:\Program Files\Borland\Delphi7\Bin;C:\Program Files\Borland\Delphi7\Projects\Bpl\;C:\WINDOWS\system32;C:\WINDOWS;C:\WINDOWS\System32\Wbem;C:\Program Files\Intel\WiFi\bin\;C:\Program Files\QuickTime\QTSystem\;C:\Program Files\TortoiseSVN\bin
Sep 13, 2010 9:12:39 AM org.apache.coyote.http11.Http11Protocol init
INFO: Initializing Coyote HTTP/1.1 on http-8080
Sep 13, 2010 9:12:39 AM org.apache.catalina.startup.Catalina load
INFO: Initialization processed in 2653 ms
Sep 13, 2010 9:12:39 AM org.apache.catalina.core.StandardService start
INFO: Starting service Catalina
Sep 13, 2010 9:12:39 AM org.apache.catalina.core.StandardEngine start
INFO: Starting Servlet Engine: Apache Tomcat/6.0.16
Sep 13, 2010 9:12:41 AM org.apache.catalina.loader.WebappClassLoader validateJarFile
INFO: validateJarFile(E:\WORKING\PROJECTS\Henessy\Setup_web\server\webapps\ROOT\WEB-INF\lib\servlet-api.jar) - jar not loaded. See Servlet Spec 2.3, section 9.7.2. Offending class: javax/servlet/Servlet.class
Sep 13, 2010 9:13:10 AM org.apache.coyote.http11.Http11Protocol start
INFO: Starting Coyote HTTP/1.1 on http-8080
Sep 13, 2010 9:13:12 AM org.apache.jk.common.ChannelSocket init
INFO: JK: ajp13 listening on /0.0.0.0:8009
Sep 13, 2010 9:13:12 AM org.apache.jk.server.JkMain start
INFO: Jk running ID=0 time=0/406  config=null
Sep 13, 2010 9:13:12 AM org.apache.catalina.startup.Catalina start
INFO: Server startup in 33133 ms
