Oct 16, 2009 11:35:20 AM org.apache.catalina.core.AprLifecycleListener init
INFO: The APR based Apache Tomcat Native library which allows optimal performance in production environments was not found on the java.library.path: E:\SSP_HRM_3.0\Setup_web\server\bin;.;C:\WINDOWS\Sun\Java\bin;C:\WINDOWS\system32;C:\WINDOWS;C:\Program Files\Borland\Delphi7\Bin;C:\Program Files\Borland\Delphi7\Projects\Bpl\;C:\WINDOWS\system32;C:\WINDOWS;C:\WINDOWS\System32\Wbem;C:\Program Files\TortoiseSVN\bin
Oct 16, 2009 11:35:20 AM org.apache.coyote.http11.Http11Protocol init
INFO: Initializing Coyote HTTP/1.1 on http-80
Oct 16, 2009 11:35:20 AM org.apache.catalina.startup.Catalina load
INFO: Initialization processed in 1840 ms
Oct 16, 2009 11:35:21 AM org.apache.catalina.core.StandardService start
INFO: Starting service Catalina
Oct 16, 2009 11:35:21 AM org.apache.catalina.core.StandardEngine start
INFO: Starting Servlet Engine: Apache Tomcat/6.0.16
Oct 16, 2009 11:35:22 AM org.apache.catalina.loader.WebappClassLoader validateJarFile
INFO: validateJarFile(E:\SSP_HRM_3.0\Setup_web\server\webapps\ROOT\WEB-INF\lib\servlet-api.jar) - jar not loaded. See Servlet Spec 2.3, section 9.7.2. Offending class: javax/servlet/Servlet.class
Oct 16, 2009 11:35:28 AM org.apache.coyote.http11.Http11Protocol start
INFO: Starting Coyote HTTP/1.1 on http-80
Oct 16, 2009 11:35:28 AM org.apache.jk.common.ChannelSocket init
INFO: JK: ajp13 listening on /0.0.0.0:8009
Oct 16, 2009 11:35:28 AM org.apache.jk.server.JkMain start
INFO: Jk running ID=0 time=0/31  config=null
Oct 16, 2009 11:35:28 AM org.apache.catalina.startup.Catalina start
INFO: Server startup in 7725 ms
Oct 16, 2009 11:38:19 AM org.apache.coyote.http11.Http11Protocol pause
INFO: Pausing Coyote HTTP/1.1 on http-80
Oct 16, 2009 11:38:20 AM org.apache.catalina.core.StandardService stop
INFO: Stopping service Catalina
Oct 16, 2009 11:38:21 AM org.apache.coyote.http11.Http11Protocol destroy
INFO: Stopping Coyote HTTP/1.1 on http-80
