Sep 10, 2010 2:43:32 PM org.apache.catalina.core.AprLifecycleListener init
INFO: The APR based Apache Tomcat Native library which allows optimal performance in production environments was not found on the java.library.path: E:\WORKING\PROJECTS\Henessy\Setup_web\server\bin;.;C:\WINDOWS\Sun\Java\bin;C:\WINDOWS\system32;C:\WINDOWS;%CommonProgramFiles%\Microsoft Shared\Windows Live;C:\Program Files\Borland\Delphi7\Bin;C:\Program Files\Borland\Delphi7\Projects\Bpl\;C:\WINDOWS\system32;C:\WINDOWS;C:\WINDOWS\System32\Wbem;C:\Program Files\Intel\WiFi\bin\;C:\Program Files\QuickTime\QTSystem\;C:\Program Files\TortoiseSVN\bin
Sep 10, 2010 2:43:32 PM org.apache.coyote.http11.Http11Protocol init
INFO: Initializing Coyote HTTP/1.1 on http-8080
Sep 10, 2010 2:43:32 PM org.apache.catalina.startup.Catalina load
INFO: Initialization processed in 5416 ms
Sep 10, 2010 2:43:32 PM org.apache.catalina.core.StandardService start
INFO: Starting service Catalina
Sep 10, 2010 2:43:32 PM org.apache.catalina.core.StandardEngine start
INFO: Starting Servlet Engine: Apache Tomcat/6.0.16
Sep 10, 2010 2:43:34 PM org.apache.catalina.loader.WebappClassLoader validateJarFile
INFO: validateJarFile(E:\WORKING\PROJECTS\Henessy\Setup_web\server\webapps\ROOT\WEB-INF\lib\servlet-api.jar) - jar not loaded. See Servlet Spec 2.3, section 9.7.2. Offending class: javax/servlet/Servlet.class
Sep 10, 2010 2:43:42 PM org.apache.coyote.http11.Http11Protocol start
INFO: Starting Coyote HTTP/1.1 on http-8080
Sep 10, 2010 2:43:43 PM org.apache.jk.common.ChannelSocket init
INFO: JK: ajp13 listening on /0.0.0.0:8009
Sep 10, 2010 2:43:43 PM org.apache.jk.server.JkMain start
INFO: Jk running ID=0 time=0/78  config=null
Sep 10, 2010 2:43:43 PM org.apache.catalina.startup.Catalina start
INFO: Server startup in 10660 ms
Sep 10, 2010 5:47:22 PM org.apache.coyote.http11.Http11Protocol pause
INFO: Pausing Coyote HTTP/1.1 on http-8080
Sep 10, 2010 5:47:23 PM org.apache.catalina.core.StandardService stop
INFO: Stopping service Catalina
Sep 10, 2010 5:47:23 PM org.apache.coyote.http11.Http11Protocol destroy
INFO: Stopping Coyote HTTP/1.1 on http-8080
Sep 10, 2010 5:48:44 PM org.apache.catalina.core.AprLifecycleListener init
INFO: The APR based Apache Tomcat Native library which allows optimal performance in production environments was not found on the java.library.path: E:\WORKING\PROJECTS\Henessy\Setup_web\server\bin;.;C:\WINDOWS\Sun\Java\bin;C:\WINDOWS\system32;C:\WINDOWS;%CommonProgramFiles%\Microsoft Shared\Windows Live;C:\Program Files\Borland\Delphi7\Bin;C:\Program Files\Borland\Delphi7\Projects\Bpl\;C:\WINDOWS\system32;C:\WINDOWS;C:\WINDOWS\System32\Wbem;C:\Program Files\Intel\WiFi\bin\;C:\Program Files\QuickTime\QTSystem\;C:\Program Files\TortoiseSVN\bin
Sep 10, 2010 5:48:44 PM org.apache.coyote.http11.Http11Protocol init
INFO: Initializing Coyote HTTP/1.1 on http-8080
Sep 10, 2010 5:48:44 PM org.apache.catalina.startup.Catalina load
INFO: Initialization processed in 2678 ms
Sep 10, 2010 5:48:45 PM org.apache.catalina.core.StandardService start
INFO: Starting service Catalina
Sep 10, 2010 5:48:45 PM org.apache.catalina.core.StandardEngine start
INFO: Starting Servlet Engine: Apache Tomcat/6.0.16
Sep 10, 2010 5:48:46 PM org.apache.catalina.loader.WebappClassLoader validateJarFile
INFO: validateJarFile(E:\WORKING\PROJECTS\Henessy\Setup_web\server\webapps\ROOT\WEB-INF\lib\servlet-api.jar) - jar not loaded. See Servlet Spec 2.3, section 9.7.2. Offending class: javax/servlet/Servlet.class
Sep 10, 2010 5:48:55 PM org.apache.coyote.http11.Http11Protocol start
INFO: Starting Coyote HTTP/1.1 on http-8080
Sep 10, 2010 5:48:55 PM org.apache.jk.common.ChannelSocket init
INFO: JK: ajp13 listening on /0.0.0.0:8009
Sep 10, 2010 5:48:55 PM org.apache.jk.server.JkMain start
INFO: Jk running ID=0 time=0/63  config=null
Sep 10, 2010 5:48:55 PM org.apache.catalina.startup.Catalina start
INFO: Server startup in 10455 ms
Sep 10, 2010 6:12:34 PM org.apache.coyote.http11.Http11Protocol pause
INFO: Pausing Coyote HTTP/1.1 on http-8080
Sep 10, 2010 6:12:35 PM org.apache.catalina.core.StandardService stop
INFO: Stopping service Catalina
Sep 10, 2010 6:12:36 PM org.apache.coyote.http11.Http11Protocol destroy
INFO: Stopping Coyote HTTP/1.1 on http-8080
Sep 10, 2010 8:20:02 PM org.apache.catalina.core.AprLifecycleListener init
INFO: The APR based Apache Tomcat Native library which allows optimal performance in production environments was not found on the java.library.path: E:\WORKING\PROJECTS\Henessy\Setup_web\server\bin;.;C:\WINDOWS\Sun\Java\bin;C:\WINDOWS\system32;C:\WINDOWS;%CommonProgramFiles%\Microsoft Shared\Windows Live;C:\Program Files\Borland\Delphi7\Bin;C:\Program Files\Borland\Delphi7\Projects\Bpl\;C:\WINDOWS\system32;C:\WINDOWS;C:\WINDOWS\System32\Wbem;C:\Program Files\Intel\WiFi\bin\;C:\Program Files\QuickTime\QTSystem\;C:\Program Files\TortoiseSVN\bin
Sep 10, 2010 8:20:03 PM org.apache.coyote.http11.Http11Protocol init
INFO: Initializing Coyote HTTP/1.1 on http-8080
Sep 10, 2010 8:20:03 PM org.apache.catalina.startup.Catalina load
INFO: Initialization processed in 3003 ms
Sep 10, 2010 8:20:04 PM org.apache.catalina.core.StandardService start
INFO: Starting service Catalina
Sep 10, 2010 8:20:04 PM org.apache.catalina.core.StandardEngine start
INFO: Starting Servlet Engine: Apache Tomcat/6.0.16
Sep 10, 2010 8:20:05 PM org.apache.catalina.loader.WebappClassLoader validateJarFile
INFO: validateJarFile(E:\WORKING\PROJECTS\Henessy\Setup_web\server\webapps\ROOT\WEB-INF\lib\servlet-api.jar) - jar not loaded. See Servlet Spec 2.3, section 9.7.2. Offending class: javax/servlet/Servlet.class
Sep 10, 2010 8:20:15 PM org.apache.coyote.http11.Http11Protocol start
INFO: Starting Coyote HTTP/1.1 on http-8080
Sep 10, 2010 8:20:15 PM org.apache.jk.common.ChannelSocket init
INFO: JK: ajp13 listening on /0.0.0.0:8009
Sep 10, 2010 8:20:15 PM org.apache.jk.server.JkMain start
INFO: Jk running ID=0 time=0/62  config=null
Sep 10, 2010 8:20:15 PM org.apache.catalina.startup.Catalina start
INFO: Server startup in 11723 ms
