Nov 20, 2009 8:40:26 AM org.apache.catalina.startup.Embedded initDirs
SEVERE: Cannot find specified temporary folder at D:\server\temp
Nov 20, 2009 8:40:27 AM org.apache.catalina.core.AprLifecycleListener init
INFO: The APR based Apache Tomcat Native library which allows optimal performance in production environments was not found on the java.library.path: D:\server\bin;.;C:\WINDOWS\Sun\Java\bin;C:\WINDOWS\system32;C:\WINDOWS;C:\WINDOWS\system32;C:\WINDOWS;C:\WINDOWS\System32\Wbem;C:\Program Files\Subversion\bin;C:\Program Files\TortoiseSVN\bin
Nov 20, 2009 8:40:27 AM org.apache.coyote.http11.Http11Protocol init
INFO: Initializing Coyote HTTP/1.1 on http-8080
Nov 20, 2009 8:40:27 AM org.apache.catalina.startup.Catalina load
INFO: Initialization processed in 911 ms
Nov 20, 2009 8:40:27 AM org.apache.catalina.core.StandardService start
INFO: Starting service Catalina
Nov 20, 2009 8:40:27 AM org.apache.catalina.core.StandardEngine start
INFO: Starting Servlet Engine: Apache Tomcat/6.0.16
Nov 20, 2009 8:40:28 AM org.apache.catalina.loader.WebappClassLoader validateJarFile
INFO: validateJarFile(D:\server\webapps\ROOT\WEB-INF\lib\servlet-api.jar) - jar not loaded. See Servlet Spec 2.3, section 9.7.2. Offending class: javax/servlet/Servlet.class
Nov 20, 2009 8:40:33 AM org.apache.coyote.http11.Http11Protocol start
INFO: Starting Coyote HTTP/1.1 on http-8080
Nov 20, 2009 8:40:33 AM org.apache.jk.common.ChannelSocket init
INFO: JK: ajp13 listening on /0.0.0.0:8009
Nov 20, 2009 8:40:33 AM org.apache.jk.server.JkMain start
INFO: Jk running ID=0 time=0/109  config=null
Nov 20, 2009 8:40:33 AM org.apache.catalina.startup.Catalina start
INFO: Server startup in 5781 ms
Nov 20, 2009 8:47:14 AM org.apache.coyote.http11.Http11Protocol pause
INFO: Pausing Coyote HTTP/1.1 on http-8080
Nov 20, 2009 8:47:15 AM org.apache.catalina.core.StandardService stop
INFO: Stopping service Catalina
Nov 20, 2009 8:47:16 AM org.apache.coyote.http11.Http11Protocol destroy
INFO: Stopping Coyote HTTP/1.1 on http-8080
Nov 20, 2009 9:07:46 AM org.apache.catalina.startup.Embedded initDirs
SEVERE: Cannot find specified temporary folder at D:\server\temp
Nov 20, 2009 9:07:47 AM org.apache.catalina.core.AprLifecycleListener init
INFO: The APR based Apache Tomcat Native library which allows optimal performance in production environments was not found on the java.library.path: D:\server\bin;.;C:\WINDOWS\Sun\Java\bin;C:\WINDOWS\system32;C:\WINDOWS;C:\WINDOWS\system32;C:\WINDOWS;C:\WINDOWS\System32\Wbem;C:\Program Files\Subversion\bin;C:\Program Files\TortoiseSVN\bin
Nov 20, 2009 9:07:47 AM org.apache.coyote.http11.Http11Protocol init
INFO: Initializing Coyote HTTP/1.1 on http-8080
Nov 20, 2009 9:07:47 AM org.apache.catalina.startup.Catalina load
INFO: Initialization processed in 1015 ms
Nov 20, 2009 9:07:47 AM org.apache.catalina.core.StandardService start
INFO: Starting service Catalina
Nov 20, 2009 9:07:47 AM org.apache.catalina.core.StandardEngine start
INFO: Starting Servlet Engine: Apache Tomcat/6.0.16
Nov 20, 2009 9:07:48 AM org.apache.catalina.loader.WebappClassLoader validateJarFile
INFO: validateJarFile(D:\server\webapps\ROOT\WEB-INF\lib\servlet-api.jar) - jar not loaded. See Servlet Spec 2.3, section 9.7.2. Offending class: javax/servlet/Servlet.class
Nov 20, 2009 9:07:53 AM org.apache.coyote.http11.Http11Protocol start
INFO: Starting Coyote HTTP/1.1 on http-8080
Nov 20, 2009 9:07:54 AM org.apache.jk.common.ChannelSocket init
INFO: JK: ajp13 listening on /0.0.0.0:8009
Nov 20, 2009 9:07:54 AM org.apache.jk.server.JkMain start
INFO: Jk running ID=0 time=0/109  config=null
Nov 20, 2009 9:07:54 AM org.apache.catalina.startup.Catalina start
INFO: Server startup in 6369 ms
Nov 20, 2009 9:13:59 AM org.apache.coyote.http11.Http11Protocol pause
INFO: Pausing Coyote HTTP/1.1 on http-8080
Nov 20, 2009 9:14:00 AM org.apache.catalina.core.StandardService stop
INFO: Stopping service Catalina
Nov 20, 2009 9:14:01 AM org.apache.coyote.http11.Http11Protocol destroy
INFO: Stopping Coyote HTTP/1.1 on http-8080
Nov 20, 2009 9:14:11 AM org.apache.catalina.startup.Embedded initDirs
SEVERE: Cannot find specified temporary folder at D:\server\temp
Nov 20, 2009 9:14:12 AM org.apache.catalina.core.AprLifecycleListener init
INFO: The APR based Apache Tomcat Native library which allows optimal performance in production environments was not found on the java.library.path: D:\server\bin;.;C:\WINDOWS\Sun\Java\bin;C:\WINDOWS\system32;C:\WINDOWS;C:\WINDOWS\system32;C:\WINDOWS;C:\WINDOWS\System32\Wbem;C:\Program Files\Subversion\bin;C:\Program Files\TortoiseSVN\bin
Nov 20, 2009 9:14:12 AM org.apache.coyote.http11.Http11Protocol init
INFO: Initializing Coyote HTTP/1.1 on http-8080
Nov 20, 2009 9:14:12 AM org.apache.catalina.startup.Catalina load
INFO: Initialization processed in 887 ms
Nov 20, 2009 9:14:12 AM org.apache.catalina.core.StandardService start
INFO: Starting service Catalina
Nov 20, 2009 9:14:12 AM org.apache.catalina.core.StandardEngine start
INFO: Starting Servlet Engine: Apache Tomcat/6.0.16
Nov 20, 2009 9:14:13 AM org.apache.catalina.loader.WebappClassLoader validateJarFile
INFO: validateJarFile(D:\server\webapps\ROOT\WEB-INF\lib\servlet-api.jar) - jar not loaded. See Servlet Spec 2.3, section 9.7.2. Offending class: javax/servlet/Servlet.class
Nov 20, 2009 9:14:19 AM org.apache.coyote.http11.Http11Protocol start
INFO: Starting Coyote HTTP/1.1 on http-8080
Nov 20, 2009 9:14:19 AM org.apache.jk.common.ChannelSocket init
INFO: JK: ajp13 listening on /0.0.0.0:8009
Nov 20, 2009 9:14:19 AM org.apache.jk.server.JkMain start
INFO: Jk running ID=0 time=0/31  config=null
Nov 20, 2009 9:14:19 AM org.apache.catalina.startup.Catalina start
INFO: Server startup in 6761 ms
Nov 20, 2009 5:24:55 PM org.apache.coyote.http11.Http11Protocol pause
INFO: Pausing Coyote HTTP/1.1 on http-8080
Nov 20, 2009 5:24:56 PM org.apache.catalina.core.StandardService stop
INFO: Stopping service Catalina
Nov 20, 2009 5:24:57 PM org.apache.coyote.http11.Http11Protocol destroy
INFO: Stopping Coyote HTTP/1.1 on http-8080
