Sep 27, 2010 9:46:18 AM org.apache.catalina.core.AprLifecycleListener init
INFO: The APR based Apache Tomcat Native library which allows optimal performance in production environments was not found on the java.library.path: C:\Documents and Settings\Administrator\Desktop\Setup_web\server\bin;.;C:\WINDOWS\Sun\Java\bin;C:\WINDOWS\system32;C:\WINDOWS;C:\WINDOWS\system32;C:\WINDOWS;C:\WINDOWS\System32\Wbem;C:\Program Files\EmEditor;C:\Program Files\Microsoft SQL Server\90\Tools\binn\;C:\Program Files\TortoiseSVN\bin
Sep 27, 2010 9:46:18 AM org.apache.coyote.http11.Http11Protocol init
INFO: Initializing Coyote HTTP/1.1 on http-8080
Sep 27, 2010 9:46:18 AM org.apache.catalina.startup.Catalina load
INFO: Initialization processed in 542 ms
Sep 27, 2010 9:46:18 AM org.apache.catalina.core.StandardService start
INFO: Starting service Catalina
Sep 27, 2010 9:46:18 AM org.apache.catalina.core.StandardEngine start
INFO: Starting Servlet Engine: Apache Tomcat/6.0.16
Sep 27, 2010 9:46:18 AM org.apache.catalina.loader.WebappClassLoader validateJarFile
INFO: validateJarFile(C:\Documents and Settings\Administrator\Desktop\Setup_web\server\webapps\ROOT\WEB-INF\lib\servlet-api.jar) - jar not loaded. See Servlet Spec 2.3, section 9.7.2. Offending class: javax/servlet/Servlet.class
Sep 27, 2010 9:46:20 AM org.apache.coyote.http11.Http11Protocol start
INFO: Starting Coyote HTTP/1.1 on http-8080
Sep 27, 2010 9:46:20 AM org.apache.jk.common.ChannelSocket init
INFO: Port busy 8009 java.net.BindException: Address already in use: JVM_Bind
Sep 27, 2010 9:46:20 AM org.apache.jk.common.ChannelSocket init
INFO: JK: ajp13 listening on /0.0.0.0:8010
Sep 27, 2010 9:46:20 AM org.apache.jk.server.JkMain start
INFO: Jk running ID=1 time=0/15  config=null
Sep 27, 2010 9:46:20 AM org.apache.catalina.startup.Catalina start
INFO: Server startup in 2310 ms
Sep 27, 2010 9:46:20 AM org.apache.catalina.core.StandardServer await
SEVERE: StandardServer.await: create[8005]: 
java.net.BindException: Address already in use: JVM_Bind
	at java.net.PlainSocketImpl.socketBind(Native Method)
	at java.net.PlainSocketImpl.bind(PlainSocketImpl.java:359)
	at java.net.ServerSocket.bind(ServerSocket.java:319)
	at java.net.ServerSocket.<init>(ServerSocket.java:185)
	at org.apache.catalina.core.StandardServer.await(StandardServer.java:373)
	at org.apache.catalina.startup.Catalina.await(Catalina.java:642)
	at org.apache.catalina.startup.Catalina.start(Catalina.java:602)
	at sun.reflect.NativeMethodAccessorImpl.invoke0(Native Method)
	at sun.reflect.NativeMethodAccessorImpl.invoke(NativeMethodAccessorImpl.java:39)
	at sun.reflect.DelegatingMethodAccessorImpl.invoke(DelegatingMethodAccessorImpl.java:25)
	at java.lang.reflect.Method.invoke(Method.java:597)
	at org.apache.catalina.startup.Bootstrap.start(Bootstrap.java:288)
	at org.apache.catalina.startup.Bootstrap.main(Bootstrap.java:413)
Sep 27, 2010 9:46:21 AM org.apache.catalina.core.StandardService stop
INFO: Stopping service Catalina
Sep 27, 2010 9:46:21 AM org.apache.coyote.http11.Http11Protocol destroy
INFO: Stopping Coyote HTTP/1.1 on http-8080
Sep 27, 2010 9:48:33 AM org.apache.catalina.core.AprLifecycleListener init
INFO: The APR based Apache Tomcat Native library which allows optimal performance in production environments was not found on the java.library.path: C:\Documents and Settings\Administrator\Desktop\Setup_web\server\bin;.;C:\WINDOWS\Sun\Java\bin;C:\WINDOWS\system32;C:\WINDOWS;C:\WINDOWS\system32;C:\WINDOWS;C:\WINDOWS\System32\Wbem;C:\Program Files\EmEditor;C:\Program Files\Microsoft SQL Server\90\Tools\binn\;C:\Program Files\TortoiseSVN\bin
Sep 27, 2010 9:48:33 AM org.apache.coyote.http11.Http11Protocol init
INFO: Initializing Coyote HTTP/1.1 on http-8088
Sep 27, 2010 9:48:33 AM org.apache.catalina.startup.Catalina load
INFO: Initialization processed in 496 ms
Sep 27, 2010 9:48:33 AM org.apache.catalina.core.StandardService start
INFO: Starting service Catalina
Sep 27, 2010 9:48:33 AM org.apache.catalina.core.StandardEngine start
INFO: Starting Servlet Engine: Apache Tomcat/6.0.16
Sep 27, 2010 9:48:33 AM org.apache.catalina.loader.WebappClassLoader validateJarFile
INFO: validateJarFile(C:\Documents and Settings\Administrator\Desktop\Setup_web\server\webapps\ROOT\WEB-INF\lib\servlet-api.jar) - jar not loaded. See Servlet Spec 2.3, section 9.7.2. Offending class: javax/servlet/Servlet.class
Sep 27, 2010 9:48:35 AM org.apache.coyote.http11.Http11Protocol start
INFO: Starting Coyote HTTP/1.1 on http-8088
Sep 27, 2010 9:48:35 AM org.apache.jk.common.ChannelSocket init
INFO: JK: ajp13 listening on /0.0.0.0:8009
Sep 27, 2010 9:48:35 AM org.apache.jk.server.JkMain start
INFO: Jk running ID=0 time=0/16  config=null
Sep 27, 2010 9:48:35 AM org.apache.catalina.startup.Catalina start
INFO: Server startup in 2130 ms
Sep 27, 2010 9:50:15 AM org.apache.coyote.http11.Http11Protocol pause
INFO: Pausing Coyote HTTP/1.1 on http-8088
Sep 27, 2010 9:50:16 AM org.apache.catalina.core.StandardService stop
INFO: Stopping service Catalina
Sep 27, 2010 9:50:16 AM org.apache.coyote.http11.Http11Protocol destroy
INFO: Stopping Coyote HTTP/1.1 on http-8088
Sep 27, 2010 9:50:19 AM org.apache.catalina.core.AprLifecycleListener init
INFO: The APR based Apache Tomcat Native library which allows optimal performance in production environments was not found on the java.library.path: C:\Documents and Settings\Administrator\Desktop\Setup_web\server\bin;.;C:\WINDOWS\Sun\Java\bin;C:\WINDOWS\system32;C:\WINDOWS;C:\WINDOWS\system32;C:\WINDOWS;C:\WINDOWS\System32\Wbem;C:\Program Files\EmEditor;C:\Program Files\Microsoft SQL Server\90\Tools\binn\;C:\Program Files\TortoiseSVN\bin
Sep 27, 2010 9:50:19 AM org.apache.coyote.http11.Http11Protocol init
INFO: Initializing Coyote HTTP/1.1 on http-8088
Sep 27, 2010 9:50:19 AM org.apache.catalina.startup.Catalina load
INFO: Initialization processed in 500 ms
Sep 27, 2010 9:50:19 AM org.apache.catalina.core.StandardService start
INFO: Starting service Catalina
Sep 27, 2010 9:50:19 AM org.apache.catalina.core.StandardEngine start
INFO: Starting Servlet Engine: Apache Tomcat/6.0.16
Sep 27, 2010 9:50:19 AM org.apache.catalina.loader.WebappClassLoader validateJarFile
INFO: validateJarFile(C:\Documents and Settings\Administrator\Desktop\Setup_web\server\webapps\ROOT\WEB-INF\lib\servlet-api.jar) - jar not loaded. See Servlet Spec 2.3, section 9.7.2. Offending class: javax/servlet/Servlet.class
Sep 27, 2010 9:50:21 AM org.apache.coyote.http11.Http11Protocol start
INFO: Starting Coyote HTTP/1.1 on http-8088
Sep 27, 2010 9:50:21 AM org.apache.jk.common.ChannelSocket init
INFO: JK: ajp13 listening on /0.0.0.0:8009
Sep 27, 2010 9:50:21 AM org.apache.jk.server.JkMain start
INFO: Jk running ID=0 time=0/15  config=null
Sep 27, 2010 9:50:21 AM org.apache.catalina.startup.Catalina start
INFO: Server startup in 2343 ms
Sep 27, 2010 9:55:17 AM org.apache.coyote.http11.Http11Protocol pause
INFO: Pausing Coyote HTTP/1.1 on http-8088
Sep 27, 2010 9:55:18 AM org.apache.catalina.core.StandardService stop
INFO: Stopping service Catalina
Sep 27, 2010 9:55:19 AM org.apache.coyote.http11.Http11Protocol destroy
INFO: Stopping Coyote HTTP/1.1 on http-8088
