Dec 23, 2009 1:55:53 PM org.apache.catalina.startup.Embedded initDirs
SEVERE: Cannot find specified temporary folder at D:\server\temp
Dec 23, 2009 1:55:55 PM org.apache.catalina.core.AprLifecycleListener init
INFO: The APR based Apache Tomcat Native library which allows optimal performance in production environments was not found on the java.library.path: D:\server\bin;.;C:\WINDOWS\Sun\Java\bin;C:\WINDOWS\system32;C:\WINDOWS;C:\WINDOWS\system32;C:\WINDOWS;C:\WINDOWS\System32\Wbem;C:\Program Files\TortoiseSVN\bin;C:\Program Files\QuickTime\QTSystem\
Dec 23, 2009 1:55:55 PM org.apache.coyote.http11.Http11Protocol init
INFO: Initializing Coyote HTTP/1.1 on http-8080
Dec 23, 2009 1:55:55 PM org.apache.catalina.startup.Catalina load
INFO: Initialization processed in 2154 ms
Dec 23, 2009 1:55:55 PM org.apache.catalina.core.StandardService start
INFO: Starting service Catalina
Dec 23, 2009 1:55:55 PM org.apache.catalina.core.StandardEngine start
INFO: Starting Servlet Engine: Apache Tomcat/6.0.16
Dec 23, 2009 1:55:57 PM org.apache.catalina.loader.WebappClassLoader validateJarFile
INFO: validateJarFile(D:\server\webapps\ROOT\WEB-INF\lib\servlet-api.jar) - jar not loaded. See Servlet Spec 2.3, section 9.7.2. Offending class: javax/servlet/Servlet.class
Dec 23, 2009 1:56:08 PM org.apache.coyote.http11.Http11Protocol start
INFO: Starting Coyote HTTP/1.1 on http-8080
Dec 23, 2009 1:56:08 PM org.apache.jk.common.ChannelSocket init
INFO: JK: ajp13 listening on /0.0.0.0:8009
Dec 23, 2009 1:56:08 PM org.apache.jk.server.JkMain start
INFO: Jk running ID=0 time=0/93  config=null
Dec 23, 2009 1:56:08 PM org.apache.catalina.startup.Catalina start
INFO: Server startup in 13091 ms
Dec 23, 2009 1:58:09 PM org.apache.coyote.http11.Http11Protocol pause
INFO: Pausing Coyote HTTP/1.1 on http-8080
Dec 23, 2009 1:58:10 PM org.apache.catalina.core.StandardService stop
INFO: Stopping service Catalina
Dec 23, 2009 1:58:11 PM org.apache.coyote.http11.Http11Protocol destroy
INFO: Stopping Coyote HTTP/1.1 on http-8080
Dec 23, 2009 2:16:57 PM org.apache.catalina.startup.Embedded initDirs
SEVERE: Cannot find specified temporary folder at E:\SSP_HRM_3.0\Setup_web\server\temp
Dec 23, 2009 2:16:58 PM org.apache.catalina.core.AprLifecycleListener init
INFO: The APR based Apache Tomcat Native library which allows optimal performance in production environments was not found on the java.library.path: E:\SSP_HRM_3.0\Setup_web\server\bin;.;C:\WINDOWS\Sun\Java\bin;C:\WINDOWS\system32;C:\WINDOWS;C:\Program Files\Borland\Delphi7\Bin;C:\Program Files\Borland\Delphi7\Projects\Bpl\;C:\WINDOWS\system32;C:\WINDOWS;C:\WINDOWS\System32\Wbem;C:\Program Files\TortoiseSVN\bin
Dec 23, 2009 2:16:58 PM org.apache.coyote.http11.Http11Protocol init
INFO: Initializing Coyote HTTP/1.1 on http-8080
Dec 23, 2009 2:16:58 PM org.apache.catalina.startup.Catalina load
INFO: Initialization processed in 744 ms
Dec 23, 2009 2:16:58 PM org.apache.catalina.core.StandardService start
INFO: Starting service Catalina
Dec 23, 2009 2:16:58 PM org.apache.catalina.core.StandardEngine start
INFO: Starting Servlet Engine: Apache Tomcat/6.0.16
Dec 23, 2009 2:16:59 PM org.apache.catalina.loader.WebappClassLoader validateJarFile
INFO: validateJarFile(E:\SSP_HRM_3.0\Setup_web\server\webapps\ROOT\WEB-INF\lib\servlet-api.jar) - jar not loaded. See Servlet Spec 2.3, section 9.7.2. Offending class: javax/servlet/Servlet.class
Dec 23, 2009 2:17:13 PM org.apache.coyote.http11.Http11Protocol start
INFO: Starting Coyote HTTP/1.1 on http-8080
Dec 23, 2009 2:17:13 PM org.apache.jk.common.ChannelSocket init
INFO: JK: ajp13 listening on /0.0.0.0:8009
Dec 23, 2009 2:17:13 PM org.apache.jk.server.JkMain start
INFO: Jk running ID=0 time=0/32  config=null
Dec 23, 2009 2:17:13 PM org.apache.catalina.startup.Catalina start
INFO: Server startup in 14664 ms
Dec 23, 2009 5:05:26 PM org.apache.coyote.http11.Http11Protocol pause
INFO: Pausing Coyote HTTP/1.1 on http-8080
Dec 23, 2009 5:05:27 PM org.apache.catalina.core.StandardService stop
INFO: Stopping service Catalina
Dec 23, 2009 5:05:27 PM org.apache.coyote.http11.Http11Protocol destroy
INFO: Stopping Coyote HTTP/1.1 on http-8080
