12/05/2009 15:45:36 org.apache.catalina.core.AprLifecycleListener init
INFO: The APR based Apache Tomcat Native library which allows optimal performance in production environments was not found on the java.library.path: D:\HRM\jdk1.6\jre\bin;.;C:\WINDOWS\Sun\Java\bin;C:\WINDOWS\system32;C:\WINDOWS;C:\WINDOWS\system32;C:\WINDOWS;C:\WINDOWS\System32\Wbem;C:\Program Files\Subversion\bin;C:\Program Files\TortoiseSVN\bin;C:\SSP\STM\jdk1.5\bin
12/05/2009 15:45:36 org.apache.coyote.http11.Http11Protocol init
INFO: Initializing Coyote HTTP/1.1 on http-8080
12/05/2009 15:45:36 org.apache.catalina.startup.Catalina load
INFO: Initialization processed in 1883 ms
12/05/2009 15:45:37 org.apache.catalina.core.StandardService start
INFO: Starting service Catalina
12/05/2009 15:45:37 org.apache.catalina.core.StandardEngine start
INFO: Starting Servlet Engine: Apache Tomcat/6.0.16
12/05/2009 15:45:38 org.apache.catalina.core.StandardContext addApplicationListener
INFO: The listener "listeners.ContextListener" is already configured for this context. The duplicate definition has been ignored.
12/05/2009 15:45:38 org.apache.catalina.core.StandardContext addApplicationListener
INFO: The listener "listeners.SessionListener" is already configured for this context. The duplicate definition has been ignored.
12/05/2009 15:45:39 org.apache.coyote.http11.Http11Protocol start
INFO: Starting Coyote HTTP/1.1 on http-8080
12/05/2009 15:45:39 org.apache.jk.common.ChannelSocket init
INFO: JK: ajp13 listening on /0.0.0.0:8009
12/05/2009 15:45:39 org.apache.jk.server.JkMain start
INFO: Jk running ID=0 time=0/50  config=null
12/05/2009 15:45:39 org.apache.catalina.startup.Catalina start
INFO: Server startup in 2411 ms
12/05/2009 15:46:40 org.apache.catalina.loader.WebappClassLoader validateJarFile
INFO: validateJarFile(D:\HRM\tomcat-6.0\webapps\Web_HRM\WEB-INF\lib\servlet-api.jar) - jar not loaded. See Servlet Spec 2.3, section 9.7.2. Offending class: javax/servlet/Servlet.class
12/05/2009 15:47:03 org.apache.coyote.http11.Http11Protocol pause
INFO: Pausing Coyote HTTP/1.1 on http-8080
12/05/2009 15:47:04 org.apache.catalina.core.StandardService stop
INFO: Stopping service Catalina
12/05/2009 15:47:05 org.apache.coyote.http11.Http11Protocol destroy
INFO: Stopping Coyote HTTP/1.1 on http-8080
12/05/2009 15:47:20 org.apache.catalina.core.AprLifecycleListener init
INFO: The APR based Apache Tomcat Native library which allows optimal performance in production environments was not found on the java.library.path: D:\HRM\jdk1.6\jre\bin;.;C:\WINDOWS\Sun\Java\bin;C:\WINDOWS\system32;C:\WINDOWS;C:\WINDOWS\system32;C:\WINDOWS;C:\WINDOWS\System32\Wbem;C:\Program Files\Subversion\bin;C:\Program Files\TortoiseSVN\bin;C:\SSP\STM\jdk1.5\bin
12/05/2009 15:47:20 org.apache.coyote.http11.Http11Protocol init
INFO: Initializing Coyote HTTP/1.1 on http-8080
12/05/2009 15:47:20 org.apache.catalina.startup.Catalina load
INFO: Initialization processed in 820 ms
12/05/2009 15:47:20 org.apache.catalina.core.StandardService start
INFO: Starting service Catalina
12/05/2009 15:47:20 org.apache.catalina.core.StandardEngine start
INFO: Starting Servlet Engine: Apache Tomcat/6.0.16
12/05/2009 15:47:21 org.apache.catalina.core.StandardContext addApplicationListener
INFO: The listener "listeners.ContextListener" is already configured for this context. The duplicate definition has been ignored.
12/05/2009 15:47:21 org.apache.catalina.core.StandardContext addApplicationListener
INFO: The listener "listeners.SessionListener" is already configured for this context. The duplicate definition has been ignored.
12/05/2009 15:47:21 org.apache.catalina.loader.WebappClassLoader validateJarFile
INFO: validateJarFile(D:\HRM\tomcat-6.0\webapps\Web_HRM\WEB-INF\lib\servlet-api.jar) - jar not loaded. See Servlet Spec 2.3, section 9.7.2. Offending class: javax/servlet/Servlet.class
12/05/2009 15:47:25 org.apache.coyote.http11.Http11Protocol start
INFO: Starting Coyote HTTP/1.1 on http-8080
12/05/2009 15:47:25 org.apache.jk.common.ChannelSocket init
INFO: JK: ajp13 listening on /0.0.0.0:8009
12/05/2009 15:47:25 org.apache.jk.server.JkMain start
INFO: Jk running ID=0 time=0/30  config=null
12/05/2009 15:47:25 org.apache.catalina.startup.Catalina start
INFO: Server startup in 4917 ms
12/05/2009 15:49:42 org.apache.coyote.http11.Http11Protocol pause
INFO: Pausing Coyote HTTP/1.1 on http-8080
May 12, 2009 3:54:09 PM org.apache.catalina.core.AprLifecycleListener init
INFO: The APR based Apache Tomcat Native library which allows optimal performance in production environments was not found on the java.library.path: D:\HRM\tomcat-6.0\bin;.;C:\WINDOWS\Sun\Java\bin;C:\WINDOWS\system32;C:\WINDOWS;C:\WINDOWS\system32;C:\WINDOWS;C:\WINDOWS\System32\Wbem;C:\Program Files\Subversion\bin;C:\Program Files\TortoiseSVN\bin;C:\SSP\STM\jdk1.5\bin
May 12, 2009 3:54:09 PM org.apache.coyote.http11.Http11Protocol init
INFO: Initializing Coyote HTTP/1.1 on http-8080
May 12, 2009 3:54:09 PM org.apache.catalina.startup.Catalina load
INFO: Initialization processed in 1808 ms
May 12, 2009 3:54:09 PM org.apache.catalina.core.StandardService start
INFO: Starting service Catalina
May 12, 2009 3:54:09 PM org.apache.catalina.core.StandardEngine start
INFO: Starting Servlet Engine: Apache Tomcat/6.0.16
May 12, 2009 3:54:10 PM org.apache.catalina.core.StandardContext addApplicationListener
INFO: The listener "listeners.ContextListener" is already configured for this context. The duplicate definition has been ignored.
May 12, 2009 3:54:10 PM org.apache.catalina.core.StandardContext addApplicationListener
INFO: The listener "listeners.SessionListener" is already configured for this context. The duplicate definition has been ignored.
May 12, 2009 3:54:11 PM org.apache.catalina.loader.WebappClassLoader validateJarFile
INFO: validateJarFile(D:\HRM\tomcat-6.0\webapps\Web_HRM\WEB-INF\lib\servlet-api.jar) - jar not loaded. See Servlet Spec 2.3, section 9.7.2. Offending class: javax/servlet/Servlet.class
May 12, 2009 3:54:17 PM org.apache.coyote.http11.Http11Protocol start
INFO: Starting Coyote HTTP/1.1 on http-8080
May 12, 2009 3:54:17 PM org.apache.jk.common.ChannelSocket init
INFO: JK: ajp13 listening on /0.0.0.0:8009
May 12, 2009 3:54:17 PM org.apache.jk.server.JkMain start
INFO: Jk running ID=0 time=0/90  config=null
May 12, 2009 3:54:17 PM org.apache.catalina.startup.Catalina start
INFO: Server startup in 8422 ms
May 12, 2009 3:54:26 PM org.apache.coyote.http11.Http11Protocol pause
INFO: Pausing Coyote HTTP/1.1 on http-8080
May 12, 2009 3:54:27 PM org.apache.catalina.core.StandardService stop
INFO: Stopping service Catalina
May 12, 2009 3:54:28 PM org.apache.coyote.http11.Http11Protocol destroy
INFO: Stopping Coyote HTTP/1.1 on http-8080
May 12, 2009 3:55:04 PM org.apache.catalina.core.AprLifecycleListener init
INFO: The APR based Apache Tomcat Native library which allows optimal performance in production environments was not found on the java.library.path: D:\HRM\tomcat-6.0\bin;.;C:\WINDOWS\Sun\Java\bin;C:\WINDOWS\system32;C:\WINDOWS;C:\WINDOWS\system32;C:\WINDOWS;C:\WINDOWS\System32\Wbem;C:\Program Files\Subversion\bin;C:\Program Files\TortoiseSVN\bin;C:\SSP\STM\jdk1.5\bin
May 12, 2009 3:55:04 PM org.apache.coyote.http11.Http11Protocol init
INFO: Initializing Coyote HTTP/1.1 on http-8080
May 12, 2009 3:55:04 PM org.apache.catalina.startup.Catalina load
INFO: Initialization processed in 1821 ms
May 12, 2009 3:55:04 PM org.apache.catalina.core.StandardService start
INFO: Starting service Catalina
May 12, 2009 3:55:04 PM org.apache.catalina.core.StandardEngine start
INFO: Starting Servlet Engine: Apache Tomcat/6.0.16
May 12, 2009 3:55:05 PM org.apache.catalina.loader.WebappClassLoader validateJarFile
INFO: validateJarFile(D:\HRM\tomcat-6.0\webapps\ROOT\WEB-INF\lib\servlet-api.jar) - jar not loaded. See Servlet Spec 2.3, section 9.7.2. Offending class: javax/servlet/Servlet.class
May 12, 2009 3:55:12 PM org.apache.coyote.http11.Http11Protocol start
INFO: Starting Coyote HTTP/1.1 on http-8080
May 12, 2009 3:55:12 PM org.apache.jk.common.ChannelSocket init
INFO: JK: ajp13 listening on /0.0.0.0:8009
May 12, 2009 3:55:12 PM org.apache.jk.server.JkMain start
INFO: Jk running ID=0 time=0/40  config=null
May 12, 2009 3:55:13 PM org.apache.catalina.startup.Catalina start
INFO: Server startup in 8590 ms
May 12, 2009 4:22:21 PM org.apache.coyote.http11.Http11Protocol pause
INFO: Pausing Coyote HTTP/1.1 on http-8080
May 12, 2009 4:22:22 PM org.apache.catalina.core.StandardService stop
INFO: Stopping service Catalina
May 12, 2009 4:22:23 PM org.apache.coyote.http11.Http11Protocol destroy
INFO: Stopping Coyote HTTP/1.1 on http-8080
