Nov 30, 2009 2:39:49 PM org.apache.catalina.startup.Embedded initDirs
SEVERE: Cannot find specified temporary folder at D:\server\temp
Nov 30, 2009 2:39:50 PM org.apache.catalina.core.AprLifecycleListener init
INFO: The APR based Apache Tomcat Native library which allows optimal performance in production environments was not found on the java.library.path: D:\server\bin;.;C:\WINDOWS\Sun\Java\bin;C:\WINDOWS\system32;C:\WINDOWS;C:\WINDOWS\system32;C:\WINDOWS;C:\WINDOWS\System32\Wbem;C:\Program Files\TortoiseSVN\bin;C:\Program Files\QuickTime\QTSystem\
Nov 30, 2009 2:39:50 PM org.apache.coyote.http11.Http11Protocol init
INFO: Initializing Coyote HTTP/1.1 on http-8080
Nov 30, 2009 2:39:50 PM org.apache.catalina.startup.Catalina load
INFO: Initialization processed in 1270 ms
Nov 30, 2009 2:39:51 PM org.apache.catalina.core.StandardService start
INFO: Starting service Catalina
Nov 30, 2009 2:39:51 PM org.apache.catalina.core.StandardEngine start
INFO: Starting Servlet Engine: Apache Tomcat/6.0.16
Nov 30, 2009 2:39:52 PM org.apache.catalina.loader.WebappClassLoader validateJarFile
INFO: validateJarFile(D:\server\webapps\ROOT\WEB-INF\lib\servlet-api.jar) - jar not loaded. See Servlet Spec 2.3, section 9.7.2. Offending class: javax/servlet/Servlet.class
Nov 30, 2009 2:39:59 PM org.apache.coyote.http11.Http11Protocol start
INFO: Starting Coyote HTTP/1.1 on http-8080
Nov 30, 2009 2:39:59 PM org.apache.jk.common.ChannelSocket init
INFO: JK: ajp13 listening on /0.0.0.0:8009
Nov 30, 2009 2:39:59 PM org.apache.jk.server.JkMain start
INFO: Jk running ID=0 time=0/110  config=null
Nov 30, 2009 2:39:59 PM org.apache.catalina.startup.Catalina start
INFO: Server startup in 8393 ms
Nov 30, 2009 2:40:54 PM org.apache.coyote.http11.Http11Protocol pause
INFO: Pausing Coyote HTTP/1.1 on http-8080
Nov 30, 2009 2:40:55 PM org.apache.catalina.core.StandardService stop
INFO: Stopping service Catalina
Nov 30, 2009 2:40:55 PM org.apache.coyote.http11.Http11Protocol destroy
INFO: Stopping Coyote HTTP/1.1 on http-8080
Nov 30, 2009 2:42:22 PM org.apache.catalina.startup.Embedded initDirs
SEVERE: Cannot find specified temporary folder at D:\server\temp
Nov 30, 2009 2:42:23 PM org.apache.catalina.core.AprLifecycleListener init
INFO: The APR based Apache Tomcat Native library which allows optimal performance in production environments was not found on the java.library.path: D:\server\bin;.;C:\WINDOWS\Sun\Java\bin;C:\WINDOWS\system32;C:\WINDOWS;C:\WINDOWS\system32;C:\WINDOWS;C:\WINDOWS\System32\Wbem;C:\Program Files\TortoiseSVN\bin;C:\Program Files\QuickTime\QTSystem\
Nov 30, 2009 2:42:23 PM org.apache.coyote.http11.Http11Protocol init
INFO: Initializing Coyote HTTP/1.1 on http-8080
Nov 30, 2009 2:42:23 PM org.apache.catalina.startup.Catalina load
INFO: Initialization processed in 963 ms
Nov 30, 2009 2:42:23 PM org.apache.catalina.core.StandardService start
INFO: Starting service Catalina
Nov 30, 2009 2:42:23 PM org.apache.catalina.core.StandardEngine start
INFO: Starting Servlet Engine: Apache Tomcat/6.0.16
Nov 30, 2009 2:42:24 PM org.apache.catalina.loader.WebappClassLoader validateJarFile
INFO: validateJarFile(D:\server\webapps\ROOT\WEB-INF\lib\servlet-api.jar) - jar not loaded. See Servlet Spec 2.3, section 9.7.2. Offending class: javax/servlet/Servlet.class
Nov 30, 2009 2:42:29 PM org.apache.coyote.http11.Http11Protocol start
INFO: Starting Coyote HTTP/1.1 on http-8080
Nov 30, 2009 2:42:29 PM org.apache.jk.common.ChannelSocket init
INFO: JK: ajp13 listening on /0.0.0.0:8009
Nov 30, 2009 2:42:29 PM org.apache.jk.server.JkMain start
INFO: Jk running ID=0 time=0/47  config=null
Nov 30, 2009 2:42:29 PM org.apache.catalina.startup.Catalina start
INFO: Server startup in 6157 ms
Nov 30, 2009 2:44:16 PM org.apache.coyote.http11.Http11Protocol pause
INFO: Pausing Coyote HTTP/1.1 on http-8080
Nov 30, 2009 2:44:17 PM org.apache.catalina.core.StandardService stop
INFO: Stopping service Catalina
Nov 30, 2009 2:44:17 PM org.apache.coyote.http11.Http11Protocol destroy
INFO: Stopping Coyote HTTP/1.1 on http-8080
30-Nov-2009 15:02:13 org.apache.catalina.startup.Embedded initDirs
SEVERE: Cannot find specified temporary folder at D:\THAOLB\DU AN\HRM\hrm-web\Setup_web\server\temp
30-Nov-2009 15:02:15 org.apache.catalina.core.AprLifecycleListener init
INFO: The APR based Apache Tomcat Native library which allows optimal performance in production environments was not found on the java.library.path: D:\THAOLB\DU AN\HRM\hrm-web\Setup_web\server\bin;.;C:\WINDOWS\Sun\Java\bin;C:\WINDOWS\system32;C:\WINDOWS;C:\Program Files\PC Connectivity Solution\;C:\WINDOWS\system32;C:\WINDOWS;C:\WINDOWS\system32\WBEM;D:\Inprise\vbroker\bin;C:\Program Files\Microsoft SQL Server\80\Tools\BINN;C:\Program Files\Starbase\StarGate SDK\Lib;C:\Program Files\Starbase\StarGate SDK\Bin;C:\Program Files\Microsoft SQL Server\90\Tools\binn\;C:\Program Files\Rational\ClearQuest;D:\Program Files\usr\bin
30-Nov-2009 15:02:15 org.apache.coyote.http11.Http11Protocol init
INFO: Initializing Coyote HTTP/1.1 on http-8080
30-Nov-2009 15:02:15 org.apache.catalina.startup.Catalina load
INFO: Initialization processed in 2415 ms
30-Nov-2009 15:02:16 org.apache.catalina.core.StandardService start
INFO: Starting service Catalina
30-Nov-2009 15:02:16 org.apache.catalina.core.StandardEngine start
INFO: Starting Servlet Engine: Apache Tomcat/6.0.16
30-Nov-2009 15:02:16 org.apache.catalina.loader.WebappClassLoader validateJarFile
INFO: validateJarFile(D:\THAOLB\DU AN\HRM\hrm-web\Setup_web\server\webapps\ROOT\WEB-INF\lib\servlet-api.jar) - jar not loaded. See Servlet Spec 2.3, section 9.7.2. Offending class: javax/servlet/Servlet.class
30-Nov-2009 15:02:29 org.apache.coyote.http11.Http11Protocol start
INFO: Starting Coyote HTTP/1.1 on http-8080
30-Nov-2009 15:02:29 org.apache.jk.common.ChannelSocket init
INFO: JK: ajp13 listening on /0.0.0.0:8009
30-Nov-2009 15:02:29 org.apache.jk.server.JkMain start
INFO: Jk running ID=0 time=0/93  config=null
30-Nov-2009 15:02:29 org.apache.catalina.startup.Catalina start
INFO: Server startup in 14056 ms
30-Nov-2009 15:29:55 org.apache.coyote.http11.Http11Protocol pause
INFO: Pausing Coyote HTTP/1.1 on http-8080
30-Nov-2009 15:29:56 org.apache.catalina.core.StandardService stop
INFO: Stopping service Catalina
30-Nov-2009 15:29:58 org.apache.coyote.http11.Http11Protocol destroy
INFO: Stopping Coyote HTTP/1.1 on http-8080
30-Nov-2009 15:30:00 org.apache.catalina.startup.Embedded initDirs
SEVERE: Cannot find specified temporary folder at D:\THAOLB\DU AN\HRM\hrm-web\Setup_web\server\temp
30-Nov-2009 15:30:03 org.apache.catalina.core.AprLifecycleListener init
INFO: The APR based Apache Tomcat Native library which allows optimal performance in production environments was not found on the java.library.path: D:\THAOLB\DU AN\HRM\hrm-web\Setup_web\server\bin;.;C:\WINDOWS\Sun\Java\bin;C:\WINDOWS\system32;C:\WINDOWS;C:\Program Files\PC Connectivity Solution\;C:\WINDOWS\system32;C:\WINDOWS;C:\WINDOWS\system32\WBEM;D:\Inprise\vbroker\bin;C:\Program Files\Microsoft SQL Server\80\Tools\BINN;C:\Program Files\Starbase\StarGate SDK\Lib;C:\Program Files\Starbase\StarGate SDK\Bin;C:\Program Files\Microsoft SQL Server\90\Tools\binn\;C:\Program Files\Rational\ClearQuest;D:\Program Files\usr\bin
30-Nov-2009 15:30:03 org.apache.coyote.http11.Http11Protocol init
INFO: Initializing Coyote HTTP/1.1 on http-8080
30-Nov-2009 15:30:03 org.apache.catalina.startup.Catalina load
INFO: Initialization processed in 2818 ms
30-Nov-2009 15:30:03 org.apache.catalina.core.StandardService start
INFO: Starting service Catalina
30-Nov-2009 15:30:03 org.apache.catalina.core.StandardEngine start
INFO: Starting Servlet Engine: Apache Tomcat/6.0.16
30-Nov-2009 15:30:04 org.apache.catalina.loader.WebappClassLoader validateJarFile
INFO: validateJarFile(D:\THAOLB\DU AN\HRM\hrm-web\Setup_web\server\webapps\ROOT\WEB-INF\lib\servlet-api.jar) - jar not loaded. See Servlet Spec 2.3, section 9.7.2. Offending class: javax/servlet/Servlet.class
30-Nov-2009 15:30:22 org.apache.coyote.http11.Http11Protocol start
INFO: Starting Coyote HTTP/1.1 on http-8080
30-Nov-2009 15:30:22 org.apache.jk.common.ChannelSocket init
INFO: JK: ajp13 listening on /0.0.0.0:8009
30-Nov-2009 15:30:22 org.apache.jk.server.JkMain start
INFO: Jk running ID=0 time=0/141  config=null
30-Nov-2009 15:30:22 org.apache.catalina.startup.Catalina start
INFO: Server startup in 19205 ms
30-Nov-2009 17:13:09 org.apache.coyote.http11.Http11Protocol pause
INFO: Pausing Coyote HTTP/1.1 on http-8080
30-Nov-2009 17:13:10 org.apache.catalina.core.StandardService stop
INFO: Stopping service Catalina
30-Nov-2009 17:13:11 org.apache.coyote.http11.Http11Protocol destroy
INFO: Stopping Coyote HTTP/1.1 on http-8080
