[2009-12-22 09:42:32] [info] Procrun (2.0.3.0) started
[2009-12-22 09:42:32] [info] Running Service...
[2009-12-22 09:42:32] [info] Starting service...
[2009-12-22 09:42:35] [info] Service started in 2468 ms.
[2009-12-22 09:45:04] [info] Stopping service...
[2009-12-22 09:45:05] [info] Service stopped.
[2009-12-22 09:45:05] [info] Run service finished.
[2009-12-22 09:45:05] [info] Procrun finished.
[2009-12-22 09:48:59] [info] Procrun (2.0.3.0) started
[2009-12-22 09:48:59] [info] Running Service...
[2009-12-22 09:48:59] [info] Starting service...
[2009-12-22 09:49:00] [info] Service started in 1140 ms.
[2009-12-22 09:50:27] [info] Stopping service...
[2009-12-22 09:50:28] [info] Service stopped.
[2009-12-22 09:50:28] [info] Run service finished.
[2009-12-22 09:50:28] [info] Procrun finished.
[2009-12-22 09:50:29] [info] Procrun (2.0.3.0) started
[2009-12-22 09:50:29] [info] Running Service...
[2009-12-22 09:50:29] [info] Starting service...
[2009-12-22 09:50:30] [info] Service started in 1156 ms.
[2009-12-22 09:54:35] [info] Stopping service...
[2009-12-22 09:54:37] [info] Service stopped.
[2009-12-22 09:54:37] [info] Run service finished.
[2009-12-22 09:54:37] [info] Procrun finished.
[2009-12-22 09:54:37] [info] Procrun (2.0.3.0) started
[2009-12-22 09:54:37] [info] Running Service...
[2009-12-22 09:54:37] [info] Starting service...
[2009-12-22 09:54:38] [info] Service started in 1187 ms.
[2009-12-22 11:12:42] [info] Stopping service...
[2009-12-22 11:12:44] [info] Service stopped.
[2009-12-22 11:12:44] [info] Run service finished.
[2009-12-22 11:12:44] [info] Procrun finished.
