[2010-09-10 14:43:22] [info] Procrun (2.0.3.0) started
[2010-09-10 14:43:22] [info] Running Service...
[2010-09-10 14:43:22] [info] Starting service...
[2010-09-10 14:43:25] [info] Service started in 3093 ms.
[2010-09-10 17:47:15] [info] Console LOGOFF event signaled
[2010-09-10 17:47:20] [info] Console LOGOFF event signaled
[2010-09-10 17:47:22] [info] Console SHUTDOWN event signaled
[2010-09-10 17:47:22] [info] Stopping service...
[2010-09-10 17:47:23] [info] Service stopped.
[2010-09-10 17:47:23] [info] Run service finished.
[2010-09-10 17:47:23] [info] Procrun finished.
[2010-09-10 17:48:34] [info] Procrun (2.0.3.0) started
[2010-09-10 17:48:34] [info] Running Service...
[2010-09-10 17:48:34] [info] Starting service...
[2010-09-10 17:48:42] [info] Service started in 7812 ms.
[2010-09-10 18:12:28] [info] Console LOGOFF event signaled
[2010-09-10 18:12:32] [info] Console LOGOFF event signaled
[2010-09-10 18:12:34] [info] Console SHUTDOWN event signaled
[2010-09-10 18:12:34] [info] Stopping service...
[2010-09-10 18:12:36] [info] Service stopped.
[2010-09-10 18:12:36] [info] Run service finished.
[2010-09-10 18:12:36] [info] Procrun finished.
[2010-09-10 20:19:57] [info] Procrun (2.0.3.0) started
[2010-09-10 20:19:57] [info] Running Service...
[2010-09-10 20:19:57] [info] Starting service...
[2010-09-10 20:20:00] [info] Service started in 3281 ms.
[2010-09-12 21:20:12] [info] Console LOGOFF event signaled
[2010-09-12 21:20:17] [info] Console LOGOFF event signaled
[2010-09-12 21:20:20] [info] Console SHUTDOWN event signaled
[2010-09-12 21:20:20] [info] Stopping service...
[2010-09-12 21:20:23] [info] Service stopped.
[2010-09-12 21:20:23] [info] Run service finished.
[2010-09-12 21:20:23] [info] Procrun finished.
