[2009-11-20 08:40:26] [info] Procrun (2.0.3.0) started
[2009-11-20 08:40:26] [info] Running Service...
[2009-11-20 08:40:26] [info] Starting service...
[2009-11-20 08:40:27] [info] Service started in 1171 ms.
[2009-11-20 08:47:14] [info] Stopping service...
[2009-11-20 08:47:16] [info] Service stopped.
[2009-11-20 08:47:16] [info] Run service finished.
[2009-11-20 08:47:16] [info] Procrun finished.
[2009-11-20 09:07:46] [info] Procrun (2.0.3.0) started
[2009-11-20 09:07:46] [info] Running Service...
[2009-11-20 09:07:46] [info] Starting service...
[2009-11-20 09:07:47] [info] Service started in 1218 ms.
[2009-11-20 09:13:59] [info] Stopping service...
[2009-11-20 09:14:01] [info] Service stopped.
[2009-11-20 09:14:01] [info] Run service finished.
[2009-11-20 09:14:01] [info] Procrun finished.
[2009-11-20 09:14:11] [info] Procrun (2.0.3.0) started
[2009-11-20 09:14:11] [info] Running Service...
[2009-11-20 09:14:11] [info] Starting service...
[2009-11-20 09:14:12] [info] Service started in 1156 ms.
[2009-11-20 17:24:25] [info] Console LOGOFF event signaled
[2009-11-20 17:24:31] [info] Console LOGOFF event signaled
[2009-11-20 17:24:55] [info] Console SHUTDOWN event signaled
[2009-11-20 17:24:55] [info] Stopping service...
[2009-11-20 17:24:57] [info] Service stopped.
[2009-11-20 17:24:57] [info] Run service finished.
[2009-11-20 17:24:58] [info] Procrun finished.
