[2010-08-31 08:59:30] [info] Procrun (2.0.3.0) started
[2010-08-31 08:59:30] [info] Service HRMserver name HRMserver
[2010-08-31 08:59:30] [info] Service HRMserver installed
[2010-08-31 08:59:30] [info] Procrun finished.
[2010-08-31 08:59:30] [info] Procrun (2.0.3.0) started
[2010-08-31 08:59:30] [info] Updating service...
[2010-08-31 08:59:30] [info] Service HRMserver updated
[2010-08-31 08:59:30] [info] Update service finished.
[2010-08-31 08:59:30] [info] Procrun finished.
[2010-08-31 08:59:30] [info] Procrun (2.0.3.0) started
[2010-08-31 08:59:30] [info] Updating service...
[2010-08-31 08:59:30] [info] Service HRMserver updated
[2010-08-31 08:59:30] [info] Update service finished.
[2010-08-31 08:59:30] [info] Procrun finished.
[2010-08-31 09:00:07] [info] Procrun (2.0.3.0) started
[2010-08-31 09:00:07] [info] Running Service...
[2010-08-31 09:00:07] [info] Starting service...
[2010-08-31 09:00:09] [info] Service started in 2531 ms.
[2010-08-31 09:35:34] [info] Stopping service...
[2010-08-31 09:35:35] [info] Service stopped.
[2010-08-31 09:35:35] [info] Run service finished.
[2010-08-31 09:35:35] [info] Procrun finished.
[2010-08-31 09:35:37] [info] Procrun (2.0.3.0) started
[2010-08-31 09:35:37] [info] Running Service...
[2010-08-31 09:35:37] [info] Starting service...
[2010-08-31 09:35:38] [info] Service started in 1093 ms.
[2010-08-31 11:36:42] [info] Console LOGOFF event signaled
[2010-08-31 11:36:47] [info] Console LOGOFF event signaled
[2010-08-31 11:36:50] [info] Console SHUTDOWN event signaled
[2010-08-31 11:36:50] [info] Stopping service...
[2010-08-31 11:36:51] [info] Service stopped.
[2010-08-31 11:36:51] [info] Run service finished.
[2010-08-31 11:36:51] [info] Procrun finished.
[2010-08-31 11:38:05] [info] Procrun (2.0.3.0) started
[2010-08-31 11:38:05] [info] Running Service...
[2010-08-31 11:38:05] [info] Starting service...
[2010-08-31 11:38:09] [info] Service started in 3750 ms.
[2010-08-31 17:04:08] [info] Console LOGOFF event signaled
[2010-08-31 22:37:23] [info] Console LOGOFF event signaled
[2010-08-31 22:37:28] [info] Console LOGOFF event signaled
[2010-08-31 22:37:31] [info] Console SHUTDOWN event signaled
[2010-08-31 22:37:31] [info] Stopping service...
[2010-08-31 22:37:33] [info] Service stopped.
[2010-08-31 22:37:33] [info] Run service finished.
[2010-08-31 22:37:33] [info] Procrun finished.
