[2009-07-23 09:58:53] [info] Procrun (2.0.3.0) started
[2009-07-23 09:58:53] [info] Running Service...
[2009-07-23 09:58:53] [info] Starting service...
[2009-07-23 09:58:55] [info] Service started in 1250 ms.
[2009-07-23 10:07:11] [info] Stopping service...
[2009-07-23 10:07:13] [info] Service stopped.
[2009-07-23 10:07:13] [info] Run service finished.
[2009-07-23 10:07:13] [info] Procrun finished.
[2009-07-23 10:14:05] [info] Procrun (2.0.3.0) started
[2009-07-23 10:14:05] [info] Running Service...
[2009-07-23 10:14:05] [info] Starting service...
[2009-07-23 10:14:07] [info] Service started in 2250 ms.
[2009-07-23 10:15:26] [info] Stopping service...
[2009-07-23 10:15:27] [info] Service stopped.
[2009-07-23 10:15:27] [info] Run service finished.
[2009-07-23 10:15:27] [info] Procrun finished.
[2009-07-23 10:15:27] [info] Procrun (2.0.3.0) started
[2009-07-23 10:15:27] [info] Running Service...
[2009-07-23 10:15:27] [info] Starting service...
[2009-07-23 10:15:29] [info] Service started in 1203 ms.
[2009-07-23 17:38:22] [info] Console LOGOFF event signaled
[2009-07-23 17:38:27] [info] Console LOGOFF event signaled
[2009-07-23 17:38:38] [info] Console SHUTDOWN event signaled
[2009-07-23 17:38:38] [info] Stopping service...
[2009-07-23 17:38:40] [info] Run service finished.
[2009-07-23 17:38:40] [info] Procrun finished.
