[2009-11-30 14:39:05] [info] Procrun (2.0.3.0) started
[2009-11-30 14:39:05] [info] Service HRMserver name HRMserver
[2009-11-30 14:39:05] [info] Service HRMserver installed
[2009-11-30 14:39:05] [info] Procrun finished.
[2009-11-30 14:39:05] [info] Procrun (2.0.3.0) started
[2009-11-30 14:39:05] [info] Updating service...
[2009-11-30 14:39:05] [info] Service HRMserver updated
[2009-11-30 14:39:05] [info] Update service finished.
[2009-11-30 14:39:05] [info] Procrun finished.
[2009-11-30 14:39:05] [info] Procrun (2.0.3.0) started
[2009-11-30 14:39:05] [info] Updating service...
[2009-11-30 14:39:05] [info] Service HRMserver updated
[2009-11-30 14:39:05] [info] Update service finished.
[2009-11-30 14:39:05] [info] Procrun finished.
[2009-11-30 14:39:48] [info] Procrun (2.0.3.0) started
[2009-11-30 14:39:48] [info] Running Service...
[2009-11-30 14:39:48] [info] Starting service...
[2009-11-30 14:39:50] [info] Service started in 1343 ms.
[2009-11-30 14:40:54] [info] Stopping service...
[2009-11-30 14:40:55] [info] Service stopped.
[2009-11-30 14:40:55] [info] Run service finished.
[2009-11-30 14:40:55] [info] Procrun finished.
[2009-11-30 14:42:22] [info] Procrun (2.0.3.0) started
[2009-11-30 14:42:22] [info] Running Service...
[2009-11-30 14:42:22] [info] Starting service...
[2009-11-30 14:42:23] [info] Service started in 1218 ms.
[2009-11-30 14:44:16] [info] Stopping service...
[2009-11-30 14:44:17] [info] Service stopped.
[2009-11-30 14:44:17] [info] Run service finished.
[2009-11-30 14:44:17] [info] Procrun finished.
[2009-11-30 15:02:12] [info] Procrun (2.0.3.0) started
[2009-11-30 15:02:12] [info] Running Service...
[2009-11-30 15:02:12] [info] Starting service...
[2009-11-30 15:02:14] [info] Service started in 1562 ms.
[2009-11-30 15:29:55] [info] Stopping service...
[2009-11-30 15:29:58] [info] Service stopped.
[2009-11-30 15:29:58] [info] Run service finished.
[2009-11-30 15:29:58] [info] Procrun finished.
[2009-11-30 15:29:59] [info] Procrun (2.0.3.0) started
[2009-11-30 15:29:59] [info] Running Service...
[2009-11-30 15:29:59] [info] Starting service...
[2009-11-30 15:30:01] [info] Service started in 1484 ms.
[2009-11-30 17:11:43] [info] Console LOGOFF event signaled
[2009-11-30 17:11:49] [info] Console LOGOFF event signaled
[2009-11-30 17:13:08] [info] Console SHUTDOWN event signaled
[2009-11-30 17:13:08] [info] Stopping service...
[2009-11-30 17:13:11] [info] Service stopped.
[2009-11-30 17:13:11] [info] Run service finished.
[2009-11-30 17:13:11] [info] Procrun finished.
