[2009-07-22 13:59:12] [info] Procrun (2.0.3.0) started
[2009-07-22 13:59:12] [info] Service HRMserver name HRMserver
[2009-07-22 13:59:12] [info] Service HRMserver installed
[2009-07-22 13:59:12] [info] Procrun finished.
[2009-07-22 13:59:12] [info] Procrun (2.0.3.0) started
[2009-07-22 13:59:12] [info] Updating service...
[2009-07-22 13:59:13] [info] Service HRMserver updated
[2009-07-22 13:59:13] [info] Update service finished.
[2009-07-22 13:59:13] [info] Procrun finished.
[2009-07-22 13:59:13] [info] Procrun (2.0.3.0) started
[2009-07-22 13:59:13] [info] Updating service...
[2009-07-22 13:59:13] [info] Service HRMserver updated
[2009-07-22 13:59:13] [info] Update service finished.
[2009-07-22 13:59:13] [info] Procrun finished.
[2009-07-22 13:59:23] [info] Procrun (2.0.3.0) started
[2009-07-22 13:59:23] [info] Running Service...
[2009-07-22 13:59:23] [info] Starting service...
[2009-07-22 13:59:25] [info] Service started in 2093 ms.
[2009-07-22 14:02:34] [info] Stopping service...
[2009-07-22 14:02:35] [info] Service stopped.
[2009-07-22 14:02:35] [info] Run service finished.
[2009-07-22 14:02:35] [info] Procrun finished.
[2009-07-22 14:12:23] [info] Procrun (2.0.3.0) started
[2009-07-22 14:12:23] [info] Service HRMserver name HRMserver
[2009-07-22 14:12:24] [info] Service HRMserver installed
[2009-07-22 14:12:24] [info] Procrun finished.
[2009-07-22 14:12:24] [info] Procrun (2.0.3.0) started
[2009-07-22 14:12:24] [info] Updating service...
[2009-07-22 14:12:25] [info] Service HRMserver updated
[2009-07-22 14:12:25] [info] Update service finished.
[2009-07-22 14:12:25] [info] Procrun finished.
[2009-07-22 14:12:25] [info] Procrun (2.0.3.0) started
[2009-07-22 14:12:25] [info] Updating service...
[2009-07-22 14:12:25] [info] Service HRMserver updated
[2009-07-22 14:12:25] [info] Update service finished.
[2009-07-22 14:12:25] [info] Procrun finished.
[2009-07-22 14:12:44] [info] Procrun (2.0.3.0) started
[2009-07-22 14:12:44] [info] Running Service...
[2009-07-22 14:12:45] [info] Starting service...
[2009-07-22 14:12:50] [info] Service started in 5437 ms.
[2009-07-22 14:21:02] [info] Stopping service...
[2009-07-22 14:21:04] [info] Service stopped.
[2009-07-22 14:21:04] [info] Run service finished.
[2009-07-22 14:21:04] [info] Procrun finished.
[2009-07-22 14:38:15] [info] Procrun (2.0.3.0) started
[2009-07-22 14:38:15] [info] Running Service...
[2009-07-22 14:38:15] [info] Starting service...
[2009-07-22 14:38:18] [info] Service started in 2750 ms.
[2009-07-22 14:45:16] [info] Stopping service...
[2009-07-22 14:45:18] [info] Service stopped.
[2009-07-22 14:45:18] [info] Run service finished.
[2009-07-22 14:45:18] [info] Procrun finished.
[2009-07-22 14:45:39] [info] Procrun (2.0.3.0) started
[2009-07-22 14:45:39] [info] Running Service...
[2009-07-22 14:45:39] [info] Starting service...
[2009-07-22 14:45:41] [info] Service started in 1328 ms.
[2009-07-22 14:48:13] [info] Stopping service...
[2009-07-22 14:48:14] [info] Service stopped.
[2009-07-22 14:48:14] [info] Run service finished.
[2009-07-22 14:48:14] [info] Procrun finished.
[2009-07-22 14:49:21] [info] Procrun (2.0.3.0) started
[2009-07-22 14:49:21] [info] Running Service...
[2009-07-22 14:49:21] [info] Starting service...
[2009-07-22 14:49:22] [info] Service started in 1234 ms.
[2009-07-22 14:50:52] [info] Stopping service...
[2009-07-22 14:50:53] [info] Service stopped.
[2009-07-22 14:50:53] [info] Run service finished.
[2009-07-22 14:50:53] [info] Procrun finished.
[2009-07-22 14:50:54] [info] Procrun (2.0.3.0) started
[2009-07-22 14:50:54] [info] Running Service...
[2009-07-22 14:50:54] [info] Starting service...
[2009-07-22 14:50:55] [info] Service started in 1218 ms.
[2009-07-22 15:01:04] [info] Stopping service...
[2009-07-22 15:01:05] [info] Service stopped.
[2009-07-22 15:01:05] [info] Run service finished.
[2009-07-22 15:01:05] [info] Procrun finished.
