[2009-12-23 13:55:41] [info] Procrun (2.0.3.0) started
[2009-12-23 13:55:41] [info] Service HRMserver name HRMserver
[2009-12-23 13:55:41] [info] Service HRMserver installed
[2009-12-23 13:55:41] [info] Procrun finished.
[2009-12-23 13:55:41] [info] Procrun (2.0.3.0) started
[2009-12-23 13:55:41] [info] Updating service...
[2009-12-23 13:55:42] [info] Service HRMserver updated
[2009-12-23 13:55:42] [info] Update service finished.
[2009-12-23 13:55:42] [info] Procrun finished.
[2009-12-23 13:55:42] [info] Procrun (2.0.3.0) started
[2009-12-23 13:55:42] [info] Updating service...
[2009-12-23 13:55:42] [info] Service HRMserver updated
[2009-12-23 13:55:42] [info] Update service finished.
[2009-12-23 13:55:42] [info] Procrun finished.
[2009-12-23 13:55:51] [info] Procrun (2.0.3.0) started
[2009-12-23 13:55:51] [info] Running Service...
[2009-12-23 13:55:51] [info] Starting service...
[2009-12-23 13:55:53] [info] Service started in 1968 ms.
[2009-12-23 13:58:09] [info] Stopping service...
[2009-12-23 13:58:11] [info] Service stopped.
[2009-12-23 13:58:11] [info] Run service finished.
[2009-12-23 13:58:11] [info] Procrun finished.
[2009-12-23 14:16:57] [info] Procrun (2.0.3.0) started
[2009-12-23 14:16:57] [info] Running Service...
[2009-12-23 14:16:57] [info] Starting service...
[2009-12-23 14:16:58] [info] Service started in 1421 ms.
[2009-12-23 17:04:37] [info] Console LOGOFF event signaled
[2009-12-23 17:04:48] [info] Console LOGOFF event signaled
[2009-12-23 17:05:26] [info] Console SHUTDOWN event signaled
[2009-12-23 17:05:26] [info] Stopping service...
[2009-12-23 17:05:27] [info] Service stopped.
[2009-12-23 17:05:27] [info] Run service finished.
[2009-12-23 17:05:28] [info] Procrun finished.
