[2010-01-21 14:52:53] [info] Procrun (2.0.3.0) started
[2010-01-21 14:52:53] [info] Running Service...
[2010-01-21 14:52:53] [info] Starting service...
[2010-01-21 14:52:56] [info] Service started in 2640 ms.
[2010-01-21 15:00:20] [info] Stopping service...
[2010-01-21 15:00:24] [info] Service stopped.
[2010-01-21 15:00:24] [info] Run service finished.
[2010-01-21 15:00:24] [info] Procrun finished.
[2010-01-21 15:00:25] [info] Procrun (2.0.3.0) started
[2010-01-21 15:00:25] [info] Running Service...
[2010-01-21 15:00:25] [info] Starting service...
[2010-01-21 15:00:26] [info] Service started in 1156 ms.
[2010-01-21 15:01:46] [info] Stopping service...
[2010-01-21 15:01:47] [info] Service stopped.
[2010-01-21 15:01:47] [info] Run service finished.
[2010-01-21 15:01:47] [info] Procrun finished.
[2010-01-21 15:05:19] [info] Procrun (2.0.3.0) started
[2010-01-21 15:05:19] [info] Running Service...
[2010-01-21 15:05:19] [info] Starting service...
[2010-01-21 15:05:20] [info] Service started in 1265 ms.
[2010-01-21 15:16:09] [info] Console LOGOFF event signaled
[2010-01-21 15:16:14] [info] Console LOGOFF event signaled
[2010-01-21 15:17:15] [info] Console SHUTDOWN event signaled
[2010-01-21 15:17:15] [info] Stopping service...
[2010-01-21 15:17:16] [info] Service stopped.
[2010-01-21 15:17:16] [info] Run service finished.
[2010-01-21 15:17:16] [info] Procrun finished.
