DefaultInit: init
Bad name for installation path: Reinstall in directory without a space in name.
Logging directory is: D:\THAOLB\DU AN\HRM\hrm-web\Setup_web\server\webapps\ROOT\WEB-INF\log
ConfigManager: Done reading XML config - no errors or warnings
Loading Messagebundle: com/jcorporate/expresso/core
2009-12-07 08:41:49,968 WARN  [Thread-1] misc.ConfigManager (ConfigManager.java:836) - Job handler for configuration 'default' not enabled (because of the setting in expresso-config.xml).
initRequestProcessorClass(org.apache.struts.config.impl.ModuleConfigImpl@51ef4e)
DefaultInit: init
Bad name for installation path: Reinstall in directory without a space in name.
Logging directory is: D:\THAOLB\DU AN\HRM\hrm-web\Setup_web\server\webapps\ROOT\WEB-INF\log
ConfigManager: Done reading XML config - no errors or warnings
Loading Messagebundle: com/jcorporate/expresso/core
2009-12-07 11:07:51,062 WARN  [Thread-1] misc.ConfigManager (ConfigManager.java:836) - Job handler for configuration 'default' not enabled (because of the setting in expresso-config.xml).
initRequestProcessorClass(org.apache.struts.config.impl.ModuleConfigImpl@13a34af)
KKKKK
Loading Messagebundle: com.jcorporate.expresso.core.ExpressoSchema
2009-12-07 11:08:06,906 WARN  [http-8080-1] i18n.Messages (Messages.java:425) - No such key 'No Title' in bundle for schemas: '[com.jcorporate.expresso.core.ExpressoSchema]'
eng
eng
eng
KKKKK
2009-12-07 11:23:49,781 WARN  [http-8080-1] i18n.Messages (Messages.java:425) - No such key 'No Title' in bundle for schemas: '[com.jcorporate.expresso.core.ExpressoSchema]'
eng
KKKKK
2009-12-07 11:47:51,968 WARN  [http-8080-2] i18n.Messages (Messages.java:425) - No such key 'No Title' in bundle for schemas: '[com.jcorporate.expresso.core.ExpressoSchema]'
KKKKK
2009-12-07 13:40:25,734 WARN  [http-8080-2] i18n.Messages (Messages.java:425) - No such key 'No Title' in bundle for schemas: '[com.jcorporate.expresso.core.ExpressoSchema]'
KKKKK
2009-12-07 13:40:26,140 WARN  [http-8080-1] i18n.Messages (Messages.java:425) - No such key 'No Title' in bundle for schemas: '[com.jcorporate.expresso.core.ExpressoSchema]'
vi
KKKKK
2009-12-07 15:03:13,156 WARN  [http-8080-1] i18n.Messages (Messages.java:425) - No such key 'No Title' in bundle for schemas: '[com.jcorporate.expresso.core.ExpressoSchema]'
eng
eng
eng
eng
eng
KKKKK
2009-12-07 16:07:53,343 WARN  [http-8080-2] i18n.Messages (Messages.java:425) - No such key 'No Title' in bundle for schemas: '[com.jcorporate.expresso.core.ExpressoSchema]'
vi
vi
eng
eng
vi
vi
eng
KKKKK
2009-12-07 16:29:51,984 WARN  [http-8080-1] i18n.Messages (Messages.java:425) - No such key 'No Title' in bundle for schemas: '[com.jcorporate.expresso.core.ExpressoSchema]'
login:thaolb@ssp.com.vn
javax.mail.SendFailedException: No recipient addresses
	at javax.mail.Transport.send0(Transport.java:110)
	at javax.mail.Transport.send(Transport.java:80)
	at hrm.util.MailUtils.sendMail(MailUtils.java:157)
	at hrm.util.SendMail.sendMail(SendMail.java:31)
	at hrm.controller.RegistryController.runRegistryState(RegistryController.java:417)
	at sun.reflect.NativeMethodAccessorImpl.invoke0(Native Method)
	at sun.reflect.NativeMethodAccessorImpl.invoke(NativeMethodAccessorImpl.java:39)
	at sun.reflect.DelegatingMethodAccessorImpl.invoke(DelegatingMethodAccessorImpl.java:25)
	at java.lang.reflect.Method.invoke(Method.java:597)
	at com.jcorporate.expresso.core.controller.Controller.newState(Controller.java:1384)
	at com.jcorporate.expresso.core.controller.Controller.execute(Controller.java:1959)
	at org.apache.struts.action.RequestProcessor.processActionPerform(RequestProcessor.java:484)
	at org.apache.struts.action.RequestProcessor.process(RequestProcessor.java:274)
	at org.apache.struts.action.ActionServlet.process(ActionServlet.java:1482)
	at org.apache.struts.action.ActionServlet.doPost(ActionServlet.java:525)
	at javax.servlet.http.HttpServlet.service(HttpServlet.java:710)
	at javax.servlet.http.HttpServlet.service(HttpServlet.java:803)
	at org.apache.catalina.core.ApplicationFilterChain.internalDoFilter(ApplicationFilterChain.java:290)
	at org.apache.catalina.core.ApplicationFilterChain.doFilter(ApplicationFilterChain.java:206)
	at org.apache.catalina.core.StandardWrapperValve.invoke(StandardWrapperValve.java:233)
	at org.apache.catalina.core.StandardContextValve.invoke(StandardContextValve.java:175)
	at org.apache.catalina.core.StandardHostValve.invoke(StandardHostValve.java:128)
	at org.apache.catalina.valves.ErrorReportValve.invoke(ErrorReportValve.java:102)
	at org.apache.catalina.core.StandardEngineValve.invoke(StandardEngineValve.java:109)
	at org.apache.catalina.connector.CoyoteAdapter.service(CoyoteAdapter.java:286)
	at org.apache.coyote.http11.Http11Processor.process(Http11Processor.java:844)
	at org.apache.coyote.http11.Http11Protocol$Http11ConnectionHandler.process(Http11Protocol.java:583)
	at org.apache.tomcat.util.net.JIoEndpoint$Worker.run(JIoEndpoint.java:447)
	at java.lang.Thread.run(Thread.java:619)
login:thaolb@ssp.com.vn
eng
eng
vi
vi
eng
vi
