DefaultInit: init
Logging directory is: E:\SSP_HRM_3.0\Setup_web\server\webapps\ROOT\WEB-INF\log
ConfigManager: Done reading XML config - no errors or warnings
2009-11-17 13:39:10,296 ERROR [Thread-1] dbobj.DBObject (DBObject.java:1712) - DBException Error
com.jcorporate.expresso.core.db.DBException: com.jcorporate.expresso.core.db.DBConnection.connect(String, String):Cant get connection to database via driver 'org.firebirdsql.jdbc.FBDriver' and URL 'jdbc:firebirdsql:localhost/3050:D:/CTLan/Project/workspace/Web_HRM/db/new/SSP_HRM_DB_30.GDB?lc_ctype=UNICODE_FSS' (no description):GDS Exception. 335544344. I/O error for file CreateFile (open) "D:/CTLan/Project/workspace/Web_HRM/db/new/SSP_HRM_DB_30.GDB"
Error while trying to open file
null
Reason: I/O error for file CreateFile (open) "D:/CTLan/Project/workspace/Web_HRM/db/new/SSP_HRM_DB_30.GDB"
Error while trying to open file
null
	at com.jcorporate.expresso.core.db.DBConnection.connect(DBConnection.java:742)
	at com.jcorporate.expresso.core.db.DBConnectionPool.buildNewConnection(DBConnectionPool.java:406)
	at com.jcorporate.expresso.core.db.DBConnectionPool.createNewConnection(DBConnectionPool.java:456)
	at com.jcorporate.expresso.core.db.DBConnectionPool.getConnection(DBConnectionPool.java:1039)
	at com.jcorporate.expresso.core.db.DBConnectionPool.getConnection(DBConnectionPool.java:1154)
	at com.jcorporate.expresso.core.dbobj.DBObject.count(DBObject.java:1703)
	at com.jcorporate.expresso.core.dbobj.SecuredDBObject.count(SecuredDBObject.java:830)
	at com.jcorporate.expresso.core.misc.ConfigManager.mapOtherDBs(ConfigManager.java:1265)
	at com.jcorporate.expresso.core.misc.ConfigManager.load(ConfigManager.java:1134)
	at com.jcorporate.expresso.core.misc.ConfigManager.config(ConfigManager.java:1059)
	at com.jcorporate.expresso.core.servlet.StdServlet.init(StdServlet.java:272)
	at com.jcorporate.expresso.core.servlet.DBServlet.init(DBServlet.java:102)
	at com.jcorporate.expresso.core.servlet.InitServlet.init(InitServlet.java:131)
	at com.jcorporate.expresso.core.servlet.DefaultInit.init(DefaultInit.java:104)
	at org.apache.catalina.core.StandardWrapper.loadServlet(StandardWrapper.java:1161)
	at org.apache.catalina.core.StandardWrapper.load(StandardWrapper.java:981)
	at org.apache.catalina.core.StandardContext.loadOnStartup(StandardContext.java:4058)
	at org.apache.catalina.core.StandardContext.start(StandardContext.java:4364)
	at org.apache.catalina.core.ContainerBase.addChildInternal(ContainerBase.java:791)
	at org.apache.catalina.core.ContainerBase.addChild(ContainerBase.java:771)
	at org.apache.catalina.core.StandardHost.addChild(StandardHost.java:525)
	at org.apache.catalina.startup.HostConfig.deployDirectory(HostConfig.java:924)
	at org.apache.catalina.startup.HostConfig.deployDirectories(HostConfig.java:887)
	at org.apache.catalina.startup.HostConfig.deployApps(HostConfig.java:492)
	at org.apache.catalina.startup.HostConfig.start(HostConfig.java:1147)
	at org.apache.catalina.startup.HostConfig.lifecycleEvent(HostConfig.java:311)
	at org.apache.catalina.util.LifecycleSupport.fireLifecycleEvent(LifecycleSupport.java:117)
	at org.apache.catalina.core.ContainerBase.start(ContainerBase.java:1053)
	at org.apache.catalina.core.StandardHost.start(StandardHost.java:719)
	at org.apache.catalina.core.ContainerBase.start(ContainerBase.java:1045)
	at org.apache.catalina.core.StandardEngine.start(StandardEngine.java:443)
	at org.apache.catalina.core.StandardService.start(StandardService.java:516)
	at org.apache.catalina.core.StandardServer.start(StandardServer.java:710)
	at org.apache.catalina.startup.Catalina.start(Catalina.java:578)
	at sun.reflect.NativeMethodAccessorImpl.invoke0(Native Method)
	at sun.reflect.NativeMethodAccessorImpl.invoke(NativeMethodAccessorImpl.java:39)
	at sun.reflect.DelegatingMethodAccessorImpl.invoke(DelegatingMethodAccessorImpl.java:25)
	at java.lang.reflect.Method.invoke(Method.java:597)
	at org.apache.catalina.startup.Bootstrap.start(Bootstrap.java:288)
	at org.apache.catalina.startup.Bootstrap.main(Bootstrap.java:413)
2009-11-17 13:39:10,328 ERROR [Thread-1] jdbc.JDBCDataObject (JDBCDataObject.java:908) - Error building and executing search statement
com.jcorporate.expresso.core.db.DBException: com.jcorporate.expresso.core.db.DBConnection.connect(String, String):Cant get connection to database via driver 'org.firebirdsql.jdbc.FBDriver' and URL 'jdbc:firebirdsql:localhost/3050:D:/CTLan/Project/workspace/Web_HRM/db/new/SSP_HRM_DB_30.GDB?lc_ctype=UNICODE_FSS' (no description):GDS Exception. 335544344. I/O error for file CreateFile (open) "D:/CTLan/Project/workspace/Web_HRM/db/new/SSP_HRM_DB_30.GDB"
Error while trying to open file
null
Reason: I/O error for file CreateFile (open) "D:/CTLan/Project/workspace/Web_HRM/db/new/SSP_HRM_DB_30.GDB"
Error while trying to open file
null
	at com.jcorporate.expresso.core.db.DBConnection.connect(DBConnection.java:742)
	at com.jcorporate.expresso.core.db.DBConnectionPool.buildNewConnection(DBConnectionPool.java:406)
	at com.jcorporate.expresso.core.db.DBConnectionPool.createNewConnection(DBConnectionPool.java:456)
	at com.jcorporate.expresso.core.db.DBConnectionPool.getConnection(DBConnectionPool.java:1039)
	at com.jcorporate.expresso.core.db.DBConnectionPool.getConnection(DBConnectionPool.java:1154)
	at com.jcorporate.expresso.core.dataobjects.jdbc.JDBCDataObject.createAndExecuteSearch(JDBCDataObject.java:772)
	at com.jcorporate.expresso.core.dbobj.DBObject.searchAndRetrieveList(DBObject.java:5289)
	at com.jcorporate.expresso.core.dbobj.SecuredDBObject.searchAndRetrieveList(SecuredDBObject.java:642)
	at com.jcorporate.expresso.core.misc.ConfigManager.mapOtherDBs(ConfigManager.java:1282)
	at com.jcorporate.expresso.core.misc.ConfigManager.load(ConfigManager.java:1134)
	at com.jcorporate.expresso.core.misc.ConfigManager.config(ConfigManager.java:1059)
	at com.jcorporate.expresso.core.servlet.StdServlet.init(StdServlet.java:272)
	at com.jcorporate.expresso.core.servlet.DBServlet.init(DBServlet.java:102)
	at com.jcorporate.expresso.core.servlet.InitServlet.init(InitServlet.java:131)
	at com.jcorporate.expresso.core.servlet.DefaultInit.init(DefaultInit.java:104)
	at org.apache.catalina.core.StandardWrapper.loadServlet(StandardWrapper.java:1161)
	at org.apache.catalina.core.StandardWrapper.load(StandardWrapper.java:981)
	at org.apache.catalina.core.StandardContext.loadOnStartup(StandardContext.java:4058)
	at org.apache.catalina.core.StandardContext.start(StandardContext.java:4364)
	at org.apache.catalina.core.ContainerBase.addChildInternal(ContainerBase.java:791)
	at org.apache.catalina.core.ContainerBase.addChild(ContainerBase.java:771)
	at org.apache.catalina.core.StandardHost.addChild(StandardHost.java:525)
	at org.apache.catalina.startup.HostConfig.deployDirectory(HostConfig.java:924)
	at org.apache.catalina.startup.HostConfig.deployDirectories(HostConfig.java:887)
	at org.apache.catalina.startup.HostConfig.deployApps(HostConfig.java:492)
	at org.apache.catalina.startup.HostConfig.start(HostConfig.java:1147)
	at org.apache.catalina.startup.HostConfig.lifecycleEvent(HostConfig.java:311)
	at org.apache.catalina.util.LifecycleSupport.fireLifecycleEvent(LifecycleSupport.java:117)
	at org.apache.catalina.core.ContainerBase.start(ContainerBase.java:1053)
	at org.apache.catalina.core.StandardHost.start(StandardHost.java:719)
	at org.apache.catalina.core.ContainerBase.start(ContainerBase.java:1045)
	at org.apache.catalina.core.StandardEngine.start(StandardEngine.java:443)
	at org.apache.catalina.core.StandardService.start(StandardService.java:516)
	at org.apache.catalina.core.StandardServer.start(StandardServer.java:710)
	at org.apache.catalina.startup.Catalina.start(Catalina.java:578)
	at sun.reflect.NativeMethodAccessorImpl.invoke0(Native Method)
	at sun.reflect.NativeMethodAccessorImpl.invoke(NativeMethodAccessorImpl.java:39)
	at sun.reflect.DelegatingMethodAccessorImpl.invoke(DelegatingMethodAccessorImpl.java:25)
	at java.lang.reflect.Method.invoke(Method.java:597)
	at org.apache.catalina.startup.Bootstrap.start(Bootstrap.java:288)
	at org.apache.catalina.startup.Bootstrap.main(Bootstrap.java:413)
2009-11-17 13:39:10,328 ERROR [Thread-1] dbobj.DBObject (DBObject.java:5319) - Error performing searchAndRetrieveList
com.jcorporate.expresso.core.db.DBException: com.jcorporate.expresso.core.db.DBConnection.connect(String, String):Cant get connection to database via driver 'org.firebirdsql.jdbc.FBDriver' and URL 'jdbc:firebirdsql:localhost/3050:D:/CTLan/Project/workspace/Web_HRM/db/new/SSP_HRM_DB_30.GDB?lc_ctype=UNICODE_FSS' (no description):GDS Exception. 335544344. I/O error for file CreateFile (open) "D:/CTLan/Project/workspace/Web_HRM/db/new/SSP_HRM_DB_30.GDB"
Error while trying to open file
null
Reason: I/O error for file CreateFile (open) "D:/CTLan/Project/workspace/Web_HRM/db/new/SSP_HRM_DB_30.GDB"
Error while trying to open file
null
	at com.jcorporate.expresso.core.db.DBConnection.connect(DBConnection.java:742)
	at com.jcorporate.expresso.core.db.DBConnectionPool.buildNewConnection(DBConnectionPool.java:406)
	at com.jcorporate.expresso.core.db.DBConnectionPool.createNewConnection(DBConnectionPool.java:456)
	at com.jcorporate.expresso.core.db.DBConnectionPool.getConnection(DBConnectionPool.java:1039)
	at com.jcorporate.expresso.core.db.DBConnectionPool.getConnection(DBConnectionPool.java:1154)
	at com.jcorporate.expresso.core.dataobjects.jdbc.JDBCDataObject.createAndExecuteSearch(JDBCDataObject.java:772)
	at com.jcorporate.expresso.core.dbobj.DBObject.searchAndRetrieveList(DBObject.java:5289)
	at com.jcorporate.expresso.core.dbobj.SecuredDBObject.searchAndRetrieveList(SecuredDBObject.java:642)
	at com.jcorporate.expresso.core.misc.ConfigManager.mapOtherDBs(ConfigManager.java:1282)
	at com.jcorporate.expresso.core.misc.ConfigManager.load(ConfigManager.java:1134)
	at com.jcorporate.expresso.core.misc.ConfigManager.config(ConfigManager.java:1059)
	at com.jcorporate.expresso.core.servlet.StdServlet.init(StdServlet.java:272)
	at com.jcorporate.expresso.core.servlet.DBServlet.init(DBServlet.java:102)
	at com.jcorporate.expresso.core.servlet.InitServlet.init(InitServlet.java:131)
	at com.jcorporate.expresso.core.servlet.DefaultInit.init(DefaultInit.java:104)
	at org.apache.catalina.core.StandardWrapper.loadServlet(StandardWrapper.java:1161)
	at org.apache.catalina.core.StandardWrapper.load(StandardWrapper.java:981)
	at org.apache.catalina.core.StandardContext.loadOnStartup(StandardContext.java:4058)
	at org.apache.catalina.core.StandardContext.start(StandardContext.java:4364)
	at org.apache.catalina.core.ContainerBase.addChildInternal(ContainerBase.java:791)
	at org.apache.catalina.core.ContainerBase.addChild(ContainerBase.java:771)
	at org.apache.catalina.core.StandardHost.addChild(StandardHost.java:525)
	at org.apache.catalina.startup.HostConfig.deployDirectory(HostConfig.java:924)
	at org.apache.catalina.startup.HostConfig.deployDirectories(HostConfig.java:887)
	at org.apache.catalina.startup.HostConfig.deployApps(HostConfig.java:492)
	at org.apache.catalina.startup.HostConfig.start(HostConfig.java:1147)
	at org.apache.catalina.startup.HostConfig.lifecycleEvent(HostConfig.java:311)
	at org.apache.catalina.util.LifecycleSupport.fireLifecycleEvent(LifecycleSupport.java:117)
	at org.apache.catalina.core.ContainerBase.start(ContainerBase.java:1053)
	at org.apache.catalina.core.StandardHost.start(StandardHost.java:719)
	at org.apache.catalina.core.ContainerBase.start(ContainerBase.java:1045)
	at org.apache.catalina.core.StandardEngine.start(StandardEngine.java:443)
	at org.apache.catalina.core.StandardService.start(StandardService.java:516)
	at org.apache.catalina.core.StandardServer.start(StandardServer.java:710)
	at org.apache.catalina.startup.Catalina.start(Catalina.java:578)
	at sun.reflect.NativeMethodAccessorImpl.invoke0(Native Method)
	at sun.reflect.NativeMethodAccessorImpl.invoke(NativeMethodAccessorImpl.java:39)
	at sun.reflect.DelegatingMethodAccessorImpl.invoke(DelegatingMethodAccessorImpl.java:25)
	at java.lang.reflect.Method.invoke(Method.java:597)
	at org.apache.catalina.startup.Bootstrap.start(Bootstrap.java:288)
	at org.apache.catalina.startup.Bootstrap.main(Bootstrap.java:413)
2009-11-17 13:39:10,390 ERROR [Thread-1] misc.ConfigManager (ConfigManager.java:1306) - Unable to read database mapping entries for context 'default'
com.jcorporate.expresso.core.db.DBException: com.jcorporate.expresso.core.db.DBConnection.connect(String, String):Cant get connection to database via driver 'org.firebirdsql.jdbc.FBDriver' and URL 'jdbc:firebirdsql:localhost/3050:D:/CTLan/Project/workspace/Web_HRM/db/new/SSP_HRM_DB_30.GDB?lc_ctype=UNICODE_FSS' (no description):GDS Exception. 335544344. I/O error for file CreateFile (open) "D:/CTLan/Project/workspace/Web_HRM/db/new/SSP_HRM_DB_30.GDB"
Error while trying to open file
null
Reason: I/O error for file CreateFile (open) "D:/CTLan/Project/workspace/Web_HRM/db/new/SSP_HRM_DB_30.GDB"
Error while trying to open file
null
	at com.jcorporate.expresso.core.db.DBConnection.connect(DBConnection.java:742)
	at com.jcorporate.expresso.core.db.DBConnectionPool.buildNewConnection(DBConnectionPool.java:406)
	at com.jcorporate.expresso.core.db.DBConnectionPool.createNewConnection(DBConnectionPool.java:456)
	at com.jcorporate.expresso.core.db.DBConnectionPool.getConnection(DBConnectionPool.java:1039)
	at com.jcorporate.expresso.core.db.DBConnectionPool.getConnection(DBConnectionPool.java:1154)
	at com.jcorporate.expresso.core.dataobjects.jdbc.JDBCDataObject.createAndExecuteSearch(JDBCDataObject.java:772)
	at com.jcorporate.expresso.core.dbobj.DBObject.searchAndRetrieveList(DBObject.java:5289)
	at com.jcorporate.expresso.core.dbobj.SecuredDBObject.searchAndRetrieveList(SecuredDBObject.java:642)
	at com.jcorporate.expresso.core.misc.ConfigManager.mapOtherDBs(ConfigManager.java:1282)
	at com.jcorporate.expresso.core.misc.ConfigManager.load(ConfigManager.java:1134)
	at com.jcorporate.expresso.core.misc.ConfigManager.config(ConfigManager.java:1059)
	at com.jcorporate.expresso.core.servlet.StdServlet.init(StdServlet.java:272)
	at com.jcorporate.expresso.core.servlet.DBServlet.init(DBServlet.java:102)
	at com.jcorporate.expresso.core.servlet.InitServlet.init(InitServlet.java:131)
	at com.jcorporate.expresso.core.servlet.DefaultInit.init(DefaultInit.java:104)
	at org.apache.catalina.core.StandardWrapper.loadServlet(StandardWrapper.java:1161)
	at org.apache.catalina.core.StandardWrapper.load(StandardWrapper.java:981)
	at org.apache.catalina.core.StandardContext.loadOnStartup(StandardContext.java:4058)
	at org.apache.catalina.core.StandardContext.start(StandardContext.java:4364)
	at org.apache.catalina.core.ContainerBase.addChildInternal(ContainerBase.java:791)
	at org.apache.catalina.core.ContainerBase.addChild(ContainerBase.java:771)
	at org.apache.catalina.core.StandardHost.addChild(StandardHost.java:525)
	at org.apache.catalina.startup.HostConfig.deployDirectory(HostConfig.java:924)
	at org.apache.catalina.startup.HostConfig.deployDirectories(HostConfig.java:887)
	at org.apache.catalina.startup.HostConfig.deployApps(HostConfig.java:492)
	at org.apache.catalina.startup.HostConfig.start(HostConfig.java:1147)
	at org.apache.catalina.startup.HostConfig.lifecycleEvent(HostConfig.java:311)
	at org.apache.catalina.util.LifecycleSupport.fireLifecycleEvent(LifecycleSupport.java:117)
	at org.apache.catalina.core.ContainerBase.start(ContainerBase.java:1053)
	at org.apache.catalina.core.StandardHost.start(StandardHost.java:719)
	at org.apache.catalina.core.ContainerBase.start(ContainerBase.java:1045)
	at org.apache.catalina.core.StandardEngine.start(StandardEngine.java:443)
	at org.apache.catalina.core.StandardService.start(StandardService.java:516)
	at org.apache.catalina.core.StandardServer.start(StandardServer.java:710)
	at org.apache.catalina.startup.Catalina.start(Catalina.java:578)
	at sun.reflect.NativeMethodAccessorImpl.invoke0(Native Method)
	at sun.reflect.NativeMethodAccessorImpl.invoke(NativeMethodAccessorImpl.java:39)
	at sun.reflect.DelegatingMethodAccessorImpl.invoke(DelegatingMethodAccessorImpl.java:25)
	at java.lang.reflect.Method.invoke(Method.java:597)
	at org.apache.catalina.startup.Bootstrap.start(Bootstrap.java:288)
	at org.apache.catalina.startup.Bootstrap.main(Bootstrap.java:413)
com.jcorporate.expresso.core.db.DBException: Nested exception: DBException: com.jcorporate.expresso.core.db.DBConnection.connect(String, String):Cant get connection to database via driver 'org.firebirdsql.jdbc.FBDriver' and URL 'jdbc:firebirdsql:localhost/3050:D:/CTLan/Project/workspace/Web_HRM/db/new/SSP_HRM_DB_30.GDB?lc_ctype=UNICODE_FSS' (no description):GDS Exception. 335544344. I/O error for file CreateFile (open) "D:/CTLan/Project/workspace/Web_HRM/db/new/SSP_HRM_DB_30.GDB"
Error while trying to open file
null
Reason: I/O error for file CreateFile (open) "D:/CTLan/Project/workspace/Web_HRM/db/new/SSP_HRM_DB_30.GDB"
Error while trying to open file
null
	at com.jcorporate.expresso.core.dbobj.DBObject.searchAndRetrieveList(DBObject.java:5320)
	at com.jcorporate.expresso.core.dbobj.SecuredDBObject.searchAndRetrieveList(SecuredDBObject.java:642)
	at com.jcorporate.expresso.core.misc.ConfigManager.mapOtherDBs(ConfigManager.java:1282)
	at com.jcorporate.expresso.core.misc.ConfigManager.load(ConfigManager.java:1134)
	at com.jcorporate.expresso.core.misc.ConfigManager.config(ConfigManager.java:1059)
	at com.jcorporate.expresso.core.servlet.StdServlet.init(StdServlet.java:272)
	at com.jcorporate.expresso.core.servlet.DBServlet.init(DBServlet.java:102)
	at com.jcorporate.expresso.core.servlet.InitServlet.init(InitServlet.java:131)
	at com.jcorporate.expresso.core.servlet.DefaultInit.init(DefaultInit.java:104)
	at org.apache.catalina.core.StandardWrapper.loadServlet(StandardWrapper.java:1161)
	at org.apache.catalina.core.StandardWrapper.load(StandardWrapper.java:981)
	at org.apache.catalina.core.StandardContext.loadOnStartup(StandardContext.java:4058)
	at org.apache.catalina.core.StandardContext.start(StandardContext.java:4364)
	at org.apache.catalina.core.ContainerBase.addChildInternal(ContainerBase.java:791)
	at org.apache.catalina.core.ContainerBase.addChild(ContainerBase.java:771)
	at org.apache.catalina.core.StandardHost.addChild(StandardHost.java:525)
	at org.apache.catalina.startup.HostConfig.deployDirectory(HostConfig.java:924)
	at org.apache.catalina.startup.HostConfig.deployDirectories(HostConfig.java:887)
	at org.apache.catalina.startup.HostConfig.deployApps(HostConfig.java:492)
	at org.apache.catalina.startup.HostConfig.start(HostConfig.java:1147)
	at org.apache.catalina.startup.HostConfig.lifecycleEvent(HostConfig.java:311)
	at org.apache.catalina.util.LifecycleSupport.fireLifecycleEvent(LifecycleSupport.java:117)
	at org.apache.catalina.core.ContainerBase.start(ContainerBase.java:1053)
	at org.apache.catalina.core.StandardHost.start(StandardHost.java:719)
	at org.apache.catalina.core.ContainerBase.start(ContainerBase.java:1045)
	at org.apache.catalina.core.StandardEngine.start(StandardEngine.java:443)
	at org.apache.catalina.core.StandardService.start(StandardService.java:516)
	at org.apache.catalina.core.StandardServer.start(StandardServer.java:710)
	at org.apache.catalina.startup.Catalina.start(Catalina.java:578)
	at sun.reflect.NativeMethodAccessorImpl.invoke0(Native Method)
	at sun.reflect.NativeMethodAccessorImpl.invoke(NativeMethodAccessorImpl.java:39)
	at sun.reflect.DelegatingMethodAccessorImpl.invoke(DelegatingMethodAccessorImpl.java:25)
	at java.lang.reflect.Method.invoke(Method.java:597)
	at org.apache.catalina.startup.Bootstrap.start(Bootstrap.java:288)
	at org.apache.catalina.startup.Bootstrap.main(Bootstrap.java:413)
2009-11-17 13:39:10,453 ERROR [Thread-1] jdbc.JDBCDataObject (JDBCDataObject.java:908) - Error building and executing search statement
com.jcorporate.expresso.core.db.DBException: com.jcorporate.expresso.core.db.DBConnection.connect(String, String):Cant get connection to database via driver 'org.firebirdsql.jdbc.FBDriver' and URL 'jdbc:firebirdsql:localhost/3050:D:/CTLan/Project/workspace/Web_HRM/db/new/SSP_HRM_DB_30.GDB?lc_ctype=UNICODE_FSS' (no description):GDS Exception. 335544344. I/O error for file CreateFile (open) "D:/CTLan/Project/workspace/Web_HRM/db/new/SSP_HRM_DB_30.GDB"
Error while trying to open file
null
Reason: I/O error for file CreateFile (open) "D:/CTLan/Project/workspace/Web_HRM/db/new/SSP_HRM_DB_30.GDB"
Error while trying to open file
null
	at com.jcorporate.expresso.core.db.DBConnection.connect(DBConnection.java:742)
	at com.jcorporate.expresso.core.db.DBConnectionPool.buildNewConnection(DBConnectionPool.java:406)
	at com.jcorporate.expresso.core.db.DBConnectionPool.createNewConnection(DBConnectionPool.java:456)
	at com.jcorporate.expresso.core.db.DBConnectionPool.getConnection(DBConnectionPool.java:1039)
	at com.jcorporate.expresso.core.db.DBConnectionPool.getConnection(DBConnectionPool.java:1154)
	at com.jcorporate.expresso.core.dataobjects.jdbc.JDBCDataObject.createAndExecuteSearch(JDBCDataObject.java:772)
	at com.jcorporate.expresso.core.dbobj.DBObject.searchAndRetrieveList(DBObject.java:5289)
	at com.jcorporate.expresso.core.dbobj.SecuredDBObject.searchAndRetrieveList(SecuredDBObject.java:642)
	at com.jcorporate.expresso.services.dbobj.Setup.readSetups(Setup.java:529)
	at com.jcorporate.expresso.services.dbobj.Setup.readSetups(Setup.java:607)
	at com.jcorporate.expresso.core.misc.ConfigManager.load(ConfigManager.java:1140)
	at com.jcorporate.expresso.core.misc.ConfigManager.config(ConfigManager.java:1059)
	at com.jcorporate.expresso.core.servlet.StdServlet.init(StdServlet.java:272)
	at com.jcorporate.expresso.core.servlet.DBServlet.init(DBServlet.java:102)
	at com.jcorporate.expresso.core.servlet.InitServlet.init(InitServlet.java:131)
	at com.jcorporate.expresso.core.servlet.DefaultInit.init(DefaultInit.java:104)
	at org.apache.catalina.core.StandardWrapper.loadServlet(StandardWrapper.java:1161)
	at org.apache.catalina.core.StandardWrapper.load(StandardWrapper.java:981)
	at org.apache.catalina.core.StandardContext.loadOnStartup(StandardContext.java:4058)
	at org.apache.catalina.core.StandardContext.start(StandardContext.java:4364)
	at org.apache.catalina.core.ContainerBase.addChildInternal(ContainerBase.java:791)
	at org.apache.catalina.core.ContainerBase.addChild(ContainerBase.java:771)
	at org.apache.catalina.core.StandardHost.addChild(StandardHost.java:525)
	at org.apache.catalina.startup.HostConfig.deployDirectory(HostConfig.java:924)
	at org.apache.catalina.startup.HostConfig.deployDirectories(HostConfig.java:887)
	at org.apache.catalina.startup.HostConfig.deployApps(HostConfig.java:492)
	at org.apache.catalina.startup.HostConfig.start(HostConfig.java:1147)
	at org.apache.catalina.startup.HostConfig.lifecycleEvent(HostConfig.java:311)
	at org.apache.catalina.util.LifecycleSupport.fireLifecycleEvent(LifecycleSupport.java:117)
	at org.apache.catalina.core.ContainerBase.start(ContainerBase.java:1053)
	at org.apache.catalina.core.StandardHost.start(StandardHost.java:719)
	at org.apache.catalina.core.ContainerBase.start(ContainerBase.java:1045)
	at org.apache.catalina.core.StandardEngine.start(StandardEngine.java:443)
	at org.apache.catalina.core.StandardService.start(StandardService.java:516)
	at org.apache.catalina.core.StandardServer.start(StandardServer.java:710)
	at org.apache.catalina.startup.Catalina.start(Catalina.java:578)
	at sun.reflect.NativeMethodAccessorImpl.invoke0(Native Method)
	at sun.reflect.NativeMethodAccessorImpl.invoke(NativeMethodAccessorImpl.java:39)
	at sun.reflect.DelegatingMethodAccessorImpl.invoke(DelegatingMethodAccessorImpl.java:25)
	at java.lang.reflect.Method.invoke(Method.java:597)
	at org.apache.catalina.startup.Bootstrap.start(Bootstrap.java:288)
	at org.apache.catalina.startup.Bootstrap.main(Bootstrap.java:413)
2009-11-17 13:39:10,453 ERROR [Thread-1] dbobj.DBObject (DBObject.java:5319) - Error performing searchAndRetrieveList
com.jcorporate.expresso.core.db.DBException: com.jcorporate.expresso.core.db.DBConnection.connect(String, String):Cant get connection to database via driver 'org.firebirdsql.jdbc.FBDriver' and URL 'jdbc:firebirdsql:localhost/3050:D:/CTLan/Project/workspace/Web_HRM/db/new/SSP_HRM_DB_30.GDB?lc_ctype=UNICODE_FSS' (no description):GDS Exception. 335544344. I/O error for file CreateFile (open) "D:/CTLan/Project/workspace/Web_HRM/db/new/SSP_HRM_DB_30.GDB"
Error while trying to open file
null
Reason: I/O error for file CreateFile (open) "D:/CTLan/Project/workspace/Web_HRM/db/new/SSP_HRM_DB_30.GDB"
Error while trying to open file
null
	at com.jcorporate.expresso.core.db.DBConnection.connect(DBConnection.java:742)
	at com.jcorporate.expresso.core.db.DBConnectionPool.buildNewConnection(DBConnectionPool.java:406)
	at com.jcorporate.expresso.core.db.DBConnectionPool.createNewConnection(DBConnectionPool.java:456)
	at com.jcorporate.expresso.core.db.DBConnectionPool.getConnection(DBConnectionPool.java:1039)
	at com.jcorporate.expresso.core.db.DBConnectionPool.getConnection(DBConnectionPool.java:1154)
	at com.jcorporate.expresso.core.dataobjects.jdbc.JDBCDataObject.createAndExecuteSearch(JDBCDataObject.java:772)
	at com.jcorporate.expresso.core.dbobj.DBObject.searchAndRetrieveList(DBObject.java:5289)
	at com.jcorporate.expresso.core.dbobj.SecuredDBObject.searchAndRetrieveList(SecuredDBObject.java:642)
	at com.jcorporate.expresso.services.dbobj.Setup.readSetups(Setup.java:529)
	at com.jcorporate.expresso.services.dbobj.Setup.readSetups(Setup.java:607)
	at com.jcorporate.expresso.core.misc.ConfigManager.load(ConfigManager.java:1140)
	at com.jcorporate.expresso.core.misc.ConfigManager.config(ConfigManager.java:1059)
	at com.jcorporate.expresso.core.servlet.StdServlet.init(StdServlet.java:272)
	at com.jcorporate.expresso.core.servlet.DBServlet.init(DBServlet.java:102)
	at com.jcorporate.expresso.core.servlet.InitServlet.init(InitServlet.java:131)
	at com.jcorporate.expresso.core.servlet.DefaultInit.init(DefaultInit.java:104)
	at org.apache.catalina.core.StandardWrapper.loadServlet(StandardWrapper.java:1161)
	at org.apache.catalina.core.StandardWrapper.load(StandardWrapper.java:981)
	at org.apache.catalina.core.StandardContext.loadOnStartup(StandardContext.java:4058)
	at org.apache.catalina.core.StandardContext.start(StandardContext.java:4364)
	at org.apache.catalina.core.ContainerBase.addChildInternal(ContainerBase.java:791)
	at org.apache.catalina.core.ContainerBase.addChild(ContainerBase.java:771)
	at org.apache.catalina.core.StandardHost.addChild(StandardHost.java:525)
	at org.apache.catalina.startup.HostConfig.deployDirectory(HostConfig.java:924)
	at org.apache.catalina.startup.HostConfig.deployDirectories(HostConfig.java:887)
	at org.apache.catalina.startup.HostConfig.deployApps(HostConfig.java:492)
	at org.apache.catalina.startup.HostConfig.start(HostConfig.java:1147)
	at org.apache.catalina.startup.HostConfig.lifecycleEvent(HostConfig.java:311)
	at org.apache.catalina.util.LifecycleSupport.fireLifecycleEvent(LifecycleSupport.java:117)
	at org.apache.catalina.core.ContainerBase.start(ContainerBase.java:1053)
	at org.apache.catalina.core.StandardHost.start(StandardHost.java:719)
	at org.apache.catalina.core.ContainerBase.start(ContainerBase.java:1045)
	at org.apache.catalina.core.StandardEngine.start(StandardEngine.java:443)
	at org.apache.catalina.core.StandardService.start(StandardService.java:516)
	at org.apache.catalina.core.StandardServer.start(StandardServer.java:710)
	at org.apache.catalina.startup.Catalina.start(Catalina.java:578)
	at sun.reflect.NativeMethodAccessorImpl.invoke0(Native Method)
	at sun.reflect.NativeMethodAccessorImpl.invoke(NativeMethodAccessorImpl.java:39)
	at sun.reflect.DelegatingMethodAccessorImpl.invoke(DelegatingMethodAccessorImpl.java:25)
	at java.lang.reflect.Method.invoke(Method.java:597)
	at org.apache.catalina.startup.Bootstrap.start(Bootstrap.java:288)
	at org.apache.catalina.startup.Bootstrap.main(Bootstrap.java:413)
2009-11-17 13:39:10,453 ERROR [Thread-1] dbobj.Setup (Setup.java:579) - WARNING: Unable to read setup values for db 'default'
com.jcorporate.expresso.core.db.DBException: com.jcorporate.expresso.core.db.DBConnection.connect(String, String):Cant get connection to database via driver 'org.firebirdsql.jdbc.FBDriver' and URL 'jdbc:firebirdsql:localhost/3050:D:/CTLan/Project/workspace/Web_HRM/db/new/SSP_HRM_DB_30.GDB?lc_ctype=UNICODE_FSS' (no description):GDS Exception. 335544344. I/O error for file CreateFile (open) "D:/CTLan/Project/workspace/Web_HRM/db/new/SSP_HRM_DB_30.GDB"
Error while trying to open file
null
Reason: I/O error for file CreateFile (open) "D:/CTLan/Project/workspace/Web_HRM/db/new/SSP_HRM_DB_30.GDB"
Error while trying to open file
null
	at com.jcorporate.expresso.core.db.DBConnection.connect(DBConnection.java:742)
	at com.jcorporate.expresso.core.db.DBConnectionPool.buildNewConnection(DBConnectionPool.java:406)
	at com.jcorporate.expresso.core.db.DBConnectionPool.createNewConnection(DBConnectionPool.java:456)
	at com.jcorporate.expresso.core.db.DBConnectionPool.getConnection(DBConnectionPool.java:1039)
	at com.jcorporate.expresso.core.db.DBConnectionPool.getConnection(DBConnectionPool.java:1154)
	at com.jcorporate.expresso.core.dataobjects.jdbc.JDBCDataObject.createAndExecuteSearch(JDBCDataObject.java:772)
	at com.jcorporate.expresso.core.dbobj.DBObject.searchAndRetrieveList(DBObject.java:5289)
	at com.jcorporate.expresso.core.dbobj.SecuredDBObject.searchAndRetrieveList(SecuredDBObject.java:642)
	at com.jcorporate.expresso.services.dbobj.Setup.readSetups(Setup.java:529)
	at com.jcorporate.expresso.services.dbobj.Setup.readSetups(Setup.java:607)
	at com.jcorporate.expresso.core.misc.ConfigManager.load(ConfigManager.java:1140)
	at com.jcorporate.expresso.core.misc.ConfigManager.config(ConfigManager.java:1059)
	at com.jcorporate.expresso.core.servlet.StdServlet.init(StdServlet.java:272)
	at com.jcorporate.expresso.core.servlet.DBServlet.init(DBServlet.java:102)
	at com.jcorporate.expresso.core.servlet.InitServlet.init(InitServlet.java:131)
	at com.jcorporate.expresso.core.servlet.DefaultInit.init(DefaultInit.java:104)
	at org.apache.catalina.core.StandardWrapper.loadServlet(StandardWrapper.java:1161)
	at org.apache.catalina.core.StandardWrapper.load(StandardWrapper.java:981)
	at org.apache.catalina.core.StandardContext.loadOnStartup(StandardContext.java:4058)
	at org.apache.catalina.core.StandardContext.start(StandardContext.java:4364)
	at org.apache.catalina.core.ContainerBase.addChildInternal(ContainerBase.java:791)
	at org.apache.catalina.core.ContainerBase.addChild(ContainerBase.java:771)
	at org.apache.catalina.core.StandardHost.addChild(StandardHost.java:525)
	at org.apache.catalina.startup.HostConfig.deployDirectory(HostConfig.java:924)
	at org.apache.catalina.startup.HostConfig.deployDirectories(HostConfig.java:887)
	at org.apache.catalina.startup.HostConfig.deployApps(HostConfig.java:492)
	at org.apache.catalina.startup.HostConfig.start(HostConfig.java:1147)
	at org.apache.catalina.startup.HostConfig.lifecycleEvent(HostConfig.java:311)
	at org.apache.catalina.util.LifecycleSupport.fireLifecycleEvent(LifecycleSupport.java:117)
	at org.apache.catalina.core.ContainerBase.start(ContainerBase.java:1053)
	at org.apache.catalina.core.StandardHost.start(StandardHost.java:719)
	at org.apache.catalina.core.ContainerBase.start(ContainerBase.java:1045)
	at org.apache.catalina.core.StandardEngine.start(StandardEngine.java:443)
	at org.apache.catalina.core.StandardService.start(StandardService.java:516)
	at org.apache.catalina.core.StandardServer.start(StandardServer.java:710)
	at org.apache.catalina.startup.Catalina.start(Catalina.java:578)
	at sun.reflect.NativeMethodAccessorImpl.invoke0(Native Method)
	at sun.reflect.NativeMethodAccessorImpl.invoke(NativeMethodAccessorImpl.java:39)
	at sun.reflect.DelegatingMethodAccessorImpl.invoke(DelegatingMethodAccessorImpl.java:25)
	at java.lang.reflect.Method.invoke(Method.java:597)
	at org.apache.catalina.startup.Bootstrap.start(Bootstrap.java:288)
	at org.apache.catalina.startup.Bootstrap.main(Bootstrap.java:413)
com.jcorporate.expresso.core.db.DBException: Nested exception: DBException: com.jcorporate.expresso.core.db.DBConnection.connect(String, String):Cant get connection to database via driver 'org.firebirdsql.jdbc.FBDriver' and URL 'jdbc:firebirdsql:localhost/3050:D:/CTLan/Project/workspace/Web_HRM/db/new/SSP_HRM_DB_30.GDB?lc_ctype=UNICODE_FSS' (no description):GDS Exception. 335544344. I/O error for file CreateFile (open) "D:/CTLan/Project/workspace/Web_HRM/db/new/SSP_HRM_DB_30.GDB"
Error while trying to open file
null
Reason: I/O error for file CreateFile (open) "D:/CTLan/Project/workspace/Web_HRM/db/new/SSP_HRM_DB_30.GDB"
Error while trying to open file
null
	at com.jcorporate.expresso.core.dbobj.DBObject.searchAndRetrieveList(DBObject.java:5320)
	at com.jcorporate.expresso.core.dbobj.SecuredDBObject.searchAndRetrieveList(SecuredDBObject.java:642)
	at com.jcorporate.expresso.services.dbobj.Setup.readSetups(Setup.java:529)
	at com.jcorporate.expresso.services.dbobj.Setup.readSetups(Setup.java:607)
	at com.jcorporate.expresso.core.misc.ConfigManager.load(ConfigManager.java:1140)
	at com.jcorporate.expresso.core.misc.ConfigManager.config(ConfigManager.java:1059)
	at com.jcorporate.expresso.core.servlet.StdServlet.init(StdServlet.java:272)
	at com.jcorporate.expresso.core.servlet.DBServlet.init(DBServlet.java:102)
	at com.jcorporate.expresso.core.servlet.InitServlet.init(InitServlet.java:131)
	at com.jcorporate.expresso.core.servlet.DefaultInit.init(DefaultInit.java:104)
	at org.apache.catalina.core.StandardWrapper.loadServlet(StandardWrapper.java:1161)
	at org.apache.catalina.core.StandardWrapper.load(StandardWrapper.java:981)
	at org.apache.catalina.core.StandardContext.loadOnStartup(StandardContext.java:4058)
	at org.apache.catalina.core.StandardContext.start(StandardContext.java:4364)
	at org.apache.catalina.core.ContainerBase.addChildInternal(ContainerBase.java:791)
	at org.apache.catalina.core.ContainerBase.addChild(ContainerBase.java:771)
	at org.apache.catalina.core.StandardHost.addChild(StandardHost.java:525)
	at org.apache.catalina.startup.HostConfig.deployDirectory(HostConfig.java:924)
	at org.apache.catalina.startup.HostConfig.deployDirectories(HostConfig.java:887)
	at org.apache.catalina.startup.HostConfig.deployApps(HostConfig.java:492)
	at org.apache.catalina.startup.HostConfig.start(HostConfig.java:1147)
	at org.apache.catalina.startup.HostConfig.lifecycleEvent(HostConfig.java:311)
	at org.apache.catalina.util.LifecycleSupport.fireLifecycleEvent(LifecycleSupport.java:117)
	at org.apache.catalina.core.ContainerBase.start(ContainerBase.java:1053)
	at org.apache.catalina.core.StandardHost.start(StandardHost.java:719)
	at org.apache.catalina.core.ContainerBase.start(ContainerBase.java:1045)
	at org.apache.catalina.core.StandardEngine.start(StandardEngine.java:443)
	at org.apache.catalina.core.StandardService.start(StandardService.java:516)
	at org.apache.catalina.core.StandardServer.start(StandardServer.java:710)
	at org.apache.catalina.startup.Catalina.start(Catalina.java:578)
	at sun.reflect.NativeMethodAccessorImpl.invoke0(Native Method)
	at sun.reflect.NativeMethodAccessorImpl.invoke(NativeMethodAccessorImpl.java:39)
	at sun.reflect.DelegatingMethodAccessorImpl.invoke(DelegatingMethodAccessorImpl.java:25)
	at java.lang.reflect.Method.invoke(Method.java:597)
	at org.apache.catalina.startup.Bootstrap.start(Bootstrap.java:288)
	at org.apache.catalina.startup.Bootstrap.main(Bootstrap.java:413)
2009-11-17 13:39:10,484 ERROR [Thread-1] dbobj.DBObject (DBObject.java:1712) - DBException Error
com.jcorporate.expresso.core.db.DBException: com.jcorporate.expresso.core.db.DBConnection.connect(String, String):Cant get connection to database via driver 'org.firebirdsql.jdbc.FBDriver' and URL 'jdbc:firebirdsql:localhost/3050:D:/CTLan/Project/workspace/Web_HRM/db/new/SSP_HRM_DB_30.GDB?lc_ctype=UNICODE_FSS' (no description):GDS Exception. 335544344. I/O error for file CreateFile (open) "D:/CTLan/Project/workspace/Web_HRM/db/new/SSP_HRM_DB_30.GDB"
Error while trying to open file
null
Reason: I/O error for file CreateFile (open) "D:/CTLan/Project/workspace/Web_HRM/db/new/SSP_HRM_DB_30.GDB"
Error while trying to open file
null
	at com.jcorporate.expresso.core.db.DBConnection.connect(DBConnection.java:742)
	at com.jcorporate.expresso.core.db.DBConnectionPool.buildNewConnection(DBConnectionPool.java:406)
	at com.jcorporate.expresso.core.db.DBConnectionPool.createNewConnection(DBConnectionPool.java:456)
	at com.jcorporate.expresso.core.db.DBConnectionPool.getConnection(DBConnectionPool.java:1039)
	at com.jcorporate.expresso.core.db.DBConnectionPool.getConnection(DBConnectionPool.java:1154)
	at com.jcorporate.expresso.core.dbobj.DBObject.count(DBObject.java:1703)
	at com.jcorporate.expresso.core.dbobj.SecuredDBObject.count(SecuredDBObject.java:830)
	at com.jcorporate.expresso.core.misc.ConfigManager.initializeAllDBObjects(ConfigManager.java:471)
	at com.jcorporate.expresso.core.misc.ConfigManager.load(ConfigManager.java:1146)
	at com.jcorporate.expresso.core.misc.ConfigManager.config(ConfigManager.java:1059)
	at com.jcorporate.expresso.core.servlet.StdServlet.init(StdServlet.java:272)
	at com.jcorporate.expresso.core.servlet.DBServlet.init(DBServlet.java:102)
	at com.jcorporate.expresso.core.servlet.InitServlet.init(InitServlet.java:131)
	at com.jcorporate.expresso.core.servlet.DefaultInit.init(DefaultInit.java:104)
	at org.apache.catalina.core.StandardWrapper.loadServlet(StandardWrapper.java:1161)
	at org.apache.catalina.core.StandardWrapper.load(StandardWrapper.java:981)
	at org.apache.catalina.core.StandardContext.loadOnStartup(StandardContext.java:4058)
	at org.apache.catalina.core.StandardContext.start(StandardContext.java:4364)
	at org.apache.catalina.core.ContainerBase.addChildInternal(ContainerBase.java:791)
	at org.apache.catalina.core.ContainerBase.addChild(ContainerBase.java:771)
	at org.apache.catalina.core.StandardHost.addChild(StandardHost.java:525)
	at org.apache.catalina.startup.HostConfig.deployDirectory(HostConfig.java:924)
	at org.apache.catalina.startup.HostConfig.deployDirectories(HostConfig.java:887)
	at org.apache.catalina.startup.HostConfig.deployApps(HostConfig.java:492)
	at org.apache.catalina.startup.HostConfig.start(HostConfig.java:1147)
	at org.apache.catalina.startup.HostConfig.lifecycleEvent(HostConfig.java:311)
	at org.apache.catalina.util.LifecycleSupport.fireLifecycleEvent(LifecycleSupport.java:117)
	at org.apache.catalina.core.ContainerBase.start(ContainerBase.java:1053)
	at org.apache.catalina.core.StandardHost.start(StandardHost.java:719)
	at org.apache.catalina.core.ContainerBase.start(ContainerBase.java:1045)
	at org.apache.catalina.core.StandardEngine.start(StandardEngine.java:443)
	at org.apache.catalina.core.StandardService.start(StandardService.java:516)
	at org.apache.catalina.core.StandardServer.start(StandardServer.java:710)
	at org.apache.catalina.startup.Catalina.start(Catalina.java:578)
	at sun.reflect.NativeMethodAccessorImpl.invoke0(Native Method)
	at sun.reflect.NativeMethodAccessorImpl.invoke(NativeMethodAccessorImpl.java:39)
	at sun.reflect.DelegatingMethodAccessorImpl.invoke(DelegatingMethodAccessorImpl.java:25)
	at java.lang.reflect.Method.invoke(Method.java:597)
	at org.apache.catalina.startup.Bootstrap.start(Bootstrap.java:288)
	at org.apache.catalina.startup.Bootstrap.main(Bootstrap.java:413)
2009-11-17 13:39:10,484 WARN  [Thread-1] misc.ConfigManager (ConfigManager.java:836) - Job handler for configuration 'default' not enabled (because of the setting in expresso-config.xml).
initRequestProcessorClass(org.apache.struts.config.impl.ModuleConfigImpl@682406)
com.jcorporate.expresso.core.db.DBException: com.jcorporate.expresso.core.db.DBConnection.connect(String, String):Cant get connection to database via driver 'org.firebirdsql.jdbc.FBDriver' and URL 'jdbc:firebirdsql:localhost/3050:D:/CTLan/Project/workspace/Web_HRM/db/new/SSP_HRM_DB_30.GDB?lc_ctype=UNICODE_FSS' (no description):GDS Exception. 335544344. I/O error for file CreateFile (open) "D:/CTLan/Project/workspace/Web_HRM/db/new/SSP_HRM_DB_30.GDB"
Error while trying to open file
null
Reason: I/O error for file CreateFile (open) "D:/CTLan/Project/workspace/Web_HRM/db/new/SSP_HRM_DB_30.GDB"
Error while trying to open file
null
	at com.jcorporate.expresso.core.db.DBConnection.connect(DBConnection.java:742)
	at com.jcorporate.expresso.core.db.DBConnectionPool.buildNewConnection(DBConnectionPool.java:406)
	at com.jcorporate.expresso.core.db.DBConnectionPool.createNewConnection(DBConnectionPool.java:456)
	at com.jcorporate.expresso.core.db.DBConnectionPool.getConnection(DBConnectionPool.java:1039)
	at com.jcorporate.expresso.core.db.DBConnectionPool.getConnection(DBConnectionPool.java:1154)
	at com.jcorporate.expresso.core.dbobj.DBObject.find(DBObject.java:2340)
	at com.jcorporate.expresso.core.dbobj.SecuredDBObject.find(SecuredDBObject.java:370)
	at com.jcorporate.expresso.services.dbobj.DefaultUserInfo.find(DefaultUserInfo.java:1391)
	at com.jcorporate.expresso.core.security.User.find(User.java:395)
	at com.jcorporate.expresso.core.servlet.CheckLogin.logInAsNone(CheckLogin.java:333)
	at com.jcorporate.expresso.core.servlet.CheckLogin.check(CheckLogin.java:299)
	at com.jcorporate.expresso.core.servlet.CheckLogin.checkLogin(CheckLogin.java:156)
	at com.jcorporate.expresso.core.controller.Controller.execute(Controller.java:1675)
	at org.apache.struts.action.RequestProcessor.processActionPerform(RequestProcessor.java:484)
	at org.apache.struts.action.RequestProcessor.process(RequestProcessor.java:274)
	at org.apache.struts.action.ActionServlet.process(ActionServlet.java:1482)
	at org.apache.struts.action.ActionServlet.doGet(ActionServlet.java:507)
	at javax.servlet.http.HttpServlet.service(HttpServlet.java:690)
	at javax.servlet.http.HttpServlet.service(HttpServlet.java:803)
	at org.apache.catalina.core.ApplicationFilterChain.internalDoFilter(ApplicationFilterChain.java:290)
	at org.apache.catalina.core.ApplicationFilterChain.doFilter(ApplicationFilterChain.java:206)
	at org.apache.catalina.core.StandardWrapperValve.invoke(StandardWrapperValve.java:233)
	at org.apache.catalina.core.StandardContextValve.invoke(StandardContextValve.java:175)
	at org.apache.catalina.core.StandardHostValve.invoke(StandardHostValve.java:128)
	at org.apache.catalina.valves.ErrorReportValve.invoke(ErrorReportValve.java:102)
	at org.apache.catalina.core.StandardEngineValve.invoke(StandardEngineValve.java:109)
	at org.apache.catalina.connector.CoyoteAdapter.service(CoyoteAdapter.java:286)
	at org.apache.coyote.http11.Http11Processor.process(Http11Processor.java:844)
	at org.apache.coyote.http11.Http11Protocol$Http11ConnectionHandler.process(Http11Protocol.java:583)
	at org.apache.tomcat.util.net.JIoEndpoint$Worker.run(JIoEndpoint.java:447)
	at java.lang.Thread.run(Thread.java:619)
2009-11-17 13:45:30,578 ERROR [http-8080-2] dbobj.DBObject (DBObject.java:2456) - Error in find: com.jcorporate.expresso.core.db.DBConnection.connect(String, String):Cant get connection to database via driver 'org.firebirdsql.jdbc.FBDriver' and URL 'jdbc:firebirdsql:localhost/3050:D:/CTLan/Project/workspace/Web_HRM/db/new/SSP_HRM_DB_30.GDB?lc_ctype=UNICODE_FSS' (no description):GDS Exception. 335544344. I/O error for file CreateFile (open) "D:/CTLan/Project/workspace/Web_HRM/db/new/SSP_HRM_DB_30.GDB"
Error while trying to open file
null
Reason: I/O error for file CreateFile (open) "D:/CTLan/Project/workspace/Web_HRM/db/new/SSP_HRM_DB_30.GDB"
Error while trying to open file
null
com.jcorporate.expresso.core.db.DBException: com.jcorporate.expresso.core.db.DBConnection.connect(String, String):Cant get connection to database via driver 'org.firebirdsql.jdbc.FBDriver' and URL 'jdbc:firebirdsql:localhost/3050:D:/CTLan/Project/workspace/Web_HRM/db/new/SSP_HRM_DB_30.GDB?lc_ctype=UNICODE_FSS' (no description):GDS Exception. 335544344. I/O error for file CreateFile (open) "D:/CTLan/Project/workspace/Web_HRM/db/new/SSP_HRM_DB_30.GDB"
Error while trying to open file
null
Reason: I/O error for file CreateFile (open) "D:/CTLan/Project/workspace/Web_HRM/db/new/SSP_HRM_DB_30.GDB"
Error while trying to open file
null
	at com.jcorporate.expresso.core.db.DBConnection.connect(DBConnection.java:742)
	at com.jcorporate.expresso.core.db.DBConnectionPool.buildNewConnection(DBConnectionPool.java:406)
	at com.jcorporate.expresso.core.db.DBConnectionPool.createNewConnection(DBConnectionPool.java:456)
	at com.jcorporate.expresso.core.db.DBConnectionPool.getConnection(DBConnectionPool.java:1039)
	at com.jcorporate.expresso.core.db.DBConnectionPool.getConnection(DBConnectionPool.java:1154)
	at com.jcorporate.expresso.core.dbobj.DBObject.find(DBObject.java:2340)
	at com.jcorporate.expresso.core.dbobj.SecuredDBObject.find(SecuredDBObject.java:370)
	at com.jcorporate.expresso.services.dbobj.DefaultUserInfo.find(DefaultUserInfo.java:1391)
	at com.jcorporate.expresso.core.security.User.find(User.java:395)
	at com.jcorporate.expresso.core.servlet.CheckLogin.logInAsNone(CheckLogin.java:333)
	at com.jcorporate.expresso.core.servlet.CheckLogin.check(CheckLogin.java:299)
	at com.jcorporate.expresso.core.servlet.CheckLogin.checkLogin(CheckLogin.java:156)
	at com.jcorporate.expresso.core.controller.Controller.execute(Controller.java:1675)
	at org.apache.struts.action.RequestProcessor.processActionPerform(RequestProcessor.java:484)
	at org.apache.struts.action.RequestProcessor.process(RequestProcessor.java:274)
	at org.apache.struts.action.ActionServlet.process(ActionServlet.java:1482)
	at org.apache.struts.action.ActionServlet.doGet(ActionServlet.java:507)
	at javax.servlet.http.HttpServlet.service(HttpServlet.java:690)
	at javax.servlet.http.HttpServlet.service(HttpServlet.java:803)
	at org.apache.catalina.core.ApplicationFilterChain.internalDoFilter(ApplicationFilterChain.java:290)
	at org.apache.catalina.core.ApplicationFilterChain.doFilter(ApplicationFilterChain.java:206)
	at org.apache.catalina.core.StandardWrapperValve.invoke(StandardWrapperValve.java:233)
	at org.apache.catalina.core.StandardContextValve.invoke(StandardContextValve.java:175)
	at org.apache.catalina.core.StandardHostValve.invoke(StandardHostValve.java:128)
	at org.apache.catalina.valves.ErrorReportValve.invoke(ErrorReportValve.java:102)
	at org.apache.catalina.core.StandardEngineValve.invoke(StandardEngineValve.java:109)
	at org.apache.catalina.connector.CoyoteAdapter.service(CoyoteAdapter.java:286)
	at org.apache.coyote.http11.Http11Processor.process(Http11Processor.java:844)
	at org.apache.coyote.http11.Http11Protocol$Http11ConnectionHandler.process(Http11Protocol.java:583)
	at org.apache.tomcat.util.net.JIoEndpoint$Worker.run(JIoEndpoint.java:447)
	at java.lang.Thread.run(Thread.java:619)
2009-11-17 13:45:30,578 ERROR [http-8080-2] servlet.CheckLogin (CheckLogin.java:337) - com.jcorporate.expresso.core.db.DBException: com.jcorporate.expresso.core.db.DBConnection.connect(String, String):Cant get connection to database via driver 'org.firebirdsql.jdbc.FBDriver' and URL 'jdbc:firebirdsql:localhost/3050:D:/CTLan/Project/workspace/Web_HRM/db/new/SSP_HRM_DB_30.GDB?lc_ctype=UNICODE_FSS' (no description):GDS Exception. 335544344. I/O error for file CreateFile (open) "D:/CTLan/Project/workspace/Web_HRM/db/new/SSP_HRM_DB_30.GDB"
Error while trying to open file
null
Reason: I/O error for file CreateFile (open) "D:/CTLan/Project/workspace/Web_HRM/db/new/SSP_HRM_DB_30.GDB"
Error while trying to open file
null
2009-11-17 13:45:30,703 ERROR [http-8080-2] jdbc.JDBCExecutor (JDBCExecutor.java:951) - com.jcorporate.expresso.core.dataobjects.jdbc.JDBCExecutor.retrieve(DataObject) error
com.jcorporate.expresso.core.db.DBException: com.jcorporate.expresso.core.db.DBConnection.connect(String, String):Cant get connection to database via driver 'org.firebirdsql.jdbc.FBDriver' and URL 'jdbc:firebirdsql:localhost/3050:D:/CTLan/Project/workspace/Web_HRM/db/new/SSP_HRM_DB_30.GDB?lc_ctype=UNICODE_FSS' (no description):GDS Exception. 335544344. I/O error for file CreateFile (open) "D:/CTLan/Project/workspace/Web_HRM/db/new/SSP_HRM_DB_30.GDB"
Error while trying to open file
null
Reason: I/O error for file CreateFile (open) "D:/CTLan/Project/workspace/Web_HRM/db/new/SSP_HRM_DB_30.GDB"
Error while trying to open file
null
	at com.jcorporate.expresso.core.db.DBConnection.connect(DBConnection.java:742)
	at com.jcorporate.expresso.core.db.DBConnectionPool.buildNewConnection(DBConnectionPool.java:406)
	at com.jcorporate.expresso.core.db.DBConnectionPool.createNewConnection(DBConnectionPool.java:456)
	at com.jcorporate.expresso.core.db.DBConnectionPool.getConnection(DBConnectionPool.java:1039)
	at com.jcorporate.expresso.core.db.DBConnectionPool.getConnection(DBConnectionPool.java:1154)
	at com.jcorporate.expresso.core.dataobjects.jdbc.JDBCExecutor.retrieve(JDBCExecutor.java:821)
	at com.jcorporate.expresso.core.dbobj.DBObject.retrieve(DBObject.java:4961)
	at com.jcorporate.expresso.core.dbobj.SecuredDBObject.retrieve(SecuredDBObject.java:609)
	at com.jcorporate.expresso.core.dbobj.DBObject.setCacheSize(DBObject.java:5438)
	at com.jcorporate.expresso.core.dbobj.DBObject.getCacheSize(DBObject.java:2577)
	at com.jcorporate.expresso.core.dbobj.DBObject.isCached(DBObject.java:4395)
	at com.jcorporate.expresso.core.dbobj.DBObject.retrieveFromCache(DBObject.java:5019)
	at com.jcorporate.expresso.core.dataobjects.jdbc.JDBCExecutor.retrieve(JDBCExecutor.java:728)
	at com.jcorporate.expresso.core.dbobj.DBObject.retrieve(DBObject.java:4961)
	at com.jcorporate.expresso.core.dbobj.SecuredDBObject.retrieve(SecuredDBObject.java:609)
	at com.jcorporate.expresso.core.security.User.retrieve(User.java:941)
	at com.jcorporate.expresso.core.controller.DBController.isAllowed(DBController.java:308)
	at com.jcorporate.expresso.core.controller.DBController.stateAllowed(DBController.java:274)
	at com.jcorporate.expresso.core.controller.Controller.newState(Controller.java:1161)
	at com.jcorporate.expresso.core.controller.Controller.newState(Controller.java:1134)
	at com.jcorporate.expresso.core.controller.Controller.execute(Controller.java:1959)
	at org.apache.struts.action.RequestProcessor.processActionPerform(RequestProcessor.java:484)
	at org.apache.struts.action.RequestProcessor.process(RequestProcessor.java:274)
	at org.apache.struts.action.ActionServlet.process(ActionServlet.java:1482)
	at org.apache.struts.action.ActionServlet.doGet(ActionServlet.java:507)
	at javax.servlet.http.HttpServlet.service(HttpServlet.java:690)
	at javax.servlet.http.HttpServlet.service(HttpServlet.java:803)
	at org.apache.catalina.core.ApplicationFilterChain.internalDoFilter(ApplicationFilterChain.java:290)
	at org.apache.catalina.core.ApplicationFilterChain.doFilter(ApplicationFilterChain.java:206)
	at org.apache.catalina.core.StandardWrapperValve.invoke(StandardWrapperValve.java:233)
	at org.apache.catalina.core.StandardContextValve.invoke(StandardContextValve.java:175)
	at org.apache.catalina.core.StandardHostValve.invoke(StandardHostValve.java:128)
	at org.apache.catalina.valves.ErrorReportValve.invoke(ErrorReportValve.java:102)
	at org.apache.catalina.core.StandardEngineValve.invoke(StandardEngineValve.java:109)
	at org.apache.catalina.connector.CoyoteAdapter.service(CoyoteAdapter.java:286)
	at org.apache.coyote.http11.Http11Processor.process(Http11Processor.java:844)
	at org.apache.coyote.http11.Http11Protocol$Http11ConnectionHandler.process(Http11Protocol.java:583)
	at org.apache.tomcat.util.net.JIoEndpoint$Worker.run(JIoEndpoint.java:447)
	at java.lang.Thread.run(Thread.java:619)
2009-11-17 13:45:30,703 WARN  [http-8080-2] dbobj.DBObject (DBObject.java:5459) - Unable to locate default Controller Parameters for data caches for objectcom.jcorporate.expresso.services.dbobj.DefaultUserInfo Setting cache size to zero
2009-11-17 13:45:30,718 ERROR [http-8080-2] jdbc.JDBCExecutor (JDBCExecutor.java:951) - com.jcorporate.expresso.core.dataobjects.jdbc.JDBCExecutor.retrieve(DataObject) error
com.jcorporate.expresso.core.db.DBException: com.jcorporate.expresso.core.db.DBConnection.connect(String, String):Cant get connection to database via driver 'org.firebirdsql.jdbc.FBDriver' and URL 'jdbc:firebirdsql:localhost/3050:D:/CTLan/Project/workspace/Web_HRM/db/new/SSP_HRM_DB_30.GDB?lc_ctype=UNICODE_FSS' (no description):GDS Exception. 335544344. I/O error for file CreateFile (open) "D:/CTLan/Project/workspace/Web_HRM/db/new/SSP_HRM_DB_30.GDB"
Error while trying to open file
null
Reason: I/O error for file CreateFile (open) "D:/CTLan/Project/workspace/Web_HRM/db/new/SSP_HRM_DB_30.GDB"
Error while trying to open file
null
	at com.jcorporate.expresso.core.db.DBConnection.connect(DBConnection.java:742)
	at com.jcorporate.expresso.core.db.DBConnectionPool.buildNewConnection(DBConnectionPool.java:406)
	at com.jcorporate.expresso.core.db.DBConnectionPool.createNewConnection(DBConnectionPool.java:456)
	at com.jcorporate.expresso.core.db.DBConnectionPool.getConnection(DBConnectionPool.java:1039)
	at com.jcorporate.expresso.core.db.DBConnectionPool.getConnection(DBConnectionPool.java:1154)
	at com.jcorporate.expresso.core.dataobjects.jdbc.JDBCExecutor.retrieve(JDBCExecutor.java:821)
	at com.jcorporate.expresso.core.dbobj.DBObject.retrieve(DBObject.java:4961)
	at com.jcorporate.expresso.core.dbobj.SecuredDBObject.retrieve(SecuredDBObject.java:609)
	at com.jcorporate.expresso.core.security.User.retrieve(User.java:941)
	at com.jcorporate.expresso.core.controller.DBController.isAllowed(DBController.java:308)
	at com.jcorporate.expresso.core.controller.DBController.stateAllowed(DBController.java:274)
	at com.jcorporate.expresso.core.controller.Controller.newState(Controller.java:1161)
	at com.jcorporate.expresso.core.controller.Controller.newState(Controller.java:1134)
	at com.jcorporate.expresso.core.controller.Controller.execute(Controller.java:1959)
	at org.apache.struts.action.RequestProcessor.processActionPerform(RequestProcessor.java:484)
	at org.apache.struts.action.RequestProcessor.process(RequestProcessor.java:274)
	at org.apache.struts.action.ActionServlet.process(ActionServlet.java:1482)
	at org.apache.struts.action.ActionServlet.doGet(ActionServlet.java:507)
	at javax.servlet.http.HttpServlet.service(HttpServlet.java:690)
	at javax.servlet.http.HttpServlet.service(HttpServlet.java:803)
	at org.apache.catalina.core.ApplicationFilterChain.internalDoFilter(ApplicationFilterChain.java:290)
	at org.apache.catalina.core.ApplicationFilterChain.doFilter(ApplicationFilterChain.java:206)
	at org.apache.catalina.core.StandardWrapperValve.invoke(StandardWrapperValve.java:233)
	at org.apache.catalina.core.StandardContextValve.invoke(StandardContextValve.java:175)
	at org.apache.catalina.core.StandardHostValve.invoke(StandardHostValve.java:128)
	at org.apache.catalina.valves.ErrorReportValve.invoke(ErrorReportValve.java:102)
	at org.apache.catalina.core.StandardEngineValve.invoke(StandardEngineValve.java:109)
	at org.apache.catalina.connector.CoyoteAdapter.service(CoyoteAdapter.java:286)
	at org.apache.coyote.http11.Http11Processor.process(Http11Processor.java:844)
	at org.apache.coyote.http11.Http11Protocol$Http11ConnectionHandler.process(Http11Protocol.java:583)
	at org.apache.tomcat.util.net.JIoEndpoint$Worker.run(JIoEndpoint.java:447)
	at java.lang.Thread.run(Thread.java:619)
com.jcorporate.expresso.core.db.DBException: com.jcorporate.expresso.core.db.DBConnection.connect(String, String):Cant get connection to database via driver 'org.firebirdsql.jdbc.FBDriver' and URL 'jdbc:firebirdsql:localhost/3050:D:/CTLan/Project/workspace/Web_HRM/db/new/SSP_HRM_DB_30.GDB?lc_ctype=UNICODE_FSS' (no description):GDS Exception. 335544344. I/O error for file CreateFile (open) "D:/CTLan/Project/workspace/Web_HRM/db/new/SSP_HRM_DB_30.GDB"
Error while trying to open file
null
Reason: I/O error for file CreateFile (open) "D:/CTLan/Project/workspace/Web_HRM/db/new/SSP_HRM_DB_30.GDB"
Error while trying to open file
null
	at com.jcorporate.expresso.core.db.DBConnection.connect(DBConnection.java:742)
	at com.jcorporate.expresso.core.db.DBConnectionPool.buildNewConnection(DBConnectionPool.java:406)
	at com.jcorporate.expresso.core.db.DBConnectionPool.createNewConnection(DBConnectionPool.java:456)
	at com.jcorporate.expresso.core.db.DBConnectionPool.getConnection(DBConnectionPool.java:1039)
	at com.jcorporate.expresso.core.db.DBConnectionPool.getConnection(DBConnectionPool.java:1154)
	at com.jcorporate.expresso.core.dataobjects.jdbc.JDBCExecutor.retrieve(JDBCExecutor.java:821)
	at com.jcorporate.expresso.core.dbobj.DBObject.retrieve(DBObject.java:4961)
	at com.jcorporate.expresso.core.dbobj.SecuredDBObject.retrieve(SecuredDBObject.java:609)
	at com.jcorporate.expresso.core.security.User.retrieve(User.java:941)
	at com.jcorporate.expresso.core.controller.DBController.isAllowed(DBController.java:308)
	at com.jcorporate.expresso.core.controller.DBController.stateAllowed(DBController.java:274)
	at com.jcorporate.expresso.core.controller.Controller.newState(Controller.java:1161)
	at com.jcorporate.expresso.core.controller.Controller.newState(Controller.java:1134)
	at com.jcorporate.expresso.core.controller.Controller.execute(Controller.java:1959)
	at org.apache.struts.action.RequestProcessor.processActionPerform(RequestProcessor.java:484)
	at org.apache.struts.action.RequestProcessor.process(RequestProcessor.java:274)
	at org.apache.struts.action.ActionServlet.process(ActionServlet.java:1482)
	at org.apache.struts.action.ActionServlet.doGet(ActionServlet.java:507)
	at javax.servlet.http.HttpServlet.service(HttpServlet.java:690)
	at javax.servlet.http.HttpServlet.service(HttpServlet.java:803)
	at org.apache.catalina.core.ApplicationFilterChain.internalDoFilter(ApplicationFilterChain.java:290)
	at org.apache.catalina.core.ApplicationFilterChain.doFilter(ApplicationFilterChain.java:206)
	at org.apache.catalina.core.StandardWrapperValve.invoke(StandardWrapperValve.java:233)
	at org.apache.catalina.core.StandardContextValve.invoke(StandardContextValve.java:175)
	at org.apache.catalina.core.StandardHostValve.invoke(StandardHostValve.java:128)
	at org.apache.catalina.valves.ErrorReportValve.invoke(ErrorReportValve.java:102)
	at org.apache.catalina.core.StandardEngineValve.invoke(StandardEngineValve.java:109)
	at org.apache.catalina.connector.CoyoteAdapter.service(CoyoteAdapter.java:286)
	at org.apache.coyote.http11.Http11Processor.process(Http11Processor.java:844)
	at org.apache.coyote.http11.Http11Protocol$Http11ConnectionHandler.process(Http11Protocol.java:583)
	at org.apache.tomcat.util.net.JIoEndpoint$Worker.run(JIoEndpoint.java:447)
	at java.lang.Thread.run(Thread.java:619)
com.jcorporate.expresso.core.dataobjects.DataException: com.jcorporate.expresso.core.dataobjects.jdbc.JDBCExecutor.retrieve(DataObject) error
	at com.jcorporate.expresso.core.dataobjects.jdbc.JDBCExecutor.retrieve(JDBCExecutor.java:952)
	at com.jcorporate.expresso.core.dbobj.DBObject.retrieve(DBObject.java:4961)
	at com.jcorporate.expresso.core.dbobj.SecuredDBObject.retrieve(SecuredDBObject.java:609)
	at com.jcorporate.expresso.core.security.User.retrieve(User.java:941)
	at com.jcorporate.expresso.core.controller.DBController.isAllowed(DBController.java:308)
	at com.jcorporate.expresso.core.controller.DBController.stateAllowed(DBController.java:274)
	at com.jcorporate.expresso.core.controller.Controller.newState(Controller.java:1161)
	at com.jcorporate.expresso.core.controller.Controller.newState(Controller.java:1134)
	at com.jcorporate.expresso.core.controller.Controller.execute(Controller.java:1959)
	at org.apache.struts.action.RequestProcessor.processActionPerform(RequestProcessor.java:484)
	at org.apache.struts.action.RequestProcessor.process(RequestProcessor.java:274)
	at org.apache.struts.action.ActionServlet.process(ActionServlet.java:1482)
	at org.apache.struts.action.ActionServlet.doGet(ActionServlet.java:507)
	at javax.servlet.http.HttpServlet.service(HttpServlet.java:690)
	at javax.servlet.http.HttpServlet.service(HttpServlet.java:803)
	at org.apache.catalina.core.ApplicationFilterChain.internalDoFilter(ApplicationFilterChain.java:290)
	at org.apache.catalina.core.ApplicationFilterChain.doFilter(ApplicationFilterChain.java:206)
	at org.apache.catalina.core.StandardWrapperValve.invoke(StandardWrapperValve.java:233)
	at org.apache.catalina.core.StandardContextValve.invoke(StandardContextValve.java:175)
	at org.apache.catalina.core.StandardHostValve.invoke(StandardHostValve.java:128)
	at org.apache.catalina.valves.ErrorReportValve.invoke(ErrorReportValve.java:102)
	at org.apache.catalina.core.StandardEngineValve.invoke(StandardEngineValve.java:109)
	at org.apache.catalina.connector.CoyoteAdapter.service(CoyoteAdapter.java:286)
	at org.apache.coyote.http11.Http11Processor.process(Http11Processor.java:844)
	at org.apache.coyote.http11.Http11Protocol$Http11ConnectionHandler.process(Http11Protocol.java:583)
	at org.apache.tomcat.util.net.JIoEndpoint$Worker.run(JIoEndpoint.java:447)
	at java.lang.Thread.run(Thread.java:619)
com.jcorporate.expresso.core.controller.ControllerException: Unable to check Controller security
	at com.jcorporate.expresso.core.controller.DBController.stateAllowed(DBController.java:278)
	at com.jcorporate.expresso.core.controller.Controller.newState(Controller.java:1161)
	at com.jcorporate.expresso.core.controller.Controller.newState(Controller.java:1134)
	at com.jcorporate.expresso.core.controller.Controller.execute(Controller.java:1959)
	at org.apache.struts.action.RequestProcessor.processActionPerform(RequestProcessor.java:484)
	at org.apache.struts.action.RequestProcessor.process(RequestProcessor.java:274)
	at org.apache.struts.action.ActionServlet.process(ActionServlet.java:1482)
	at org.apache.struts.action.ActionServlet.doGet(ActionServlet.java:507)
	at javax.servlet.http.HttpServlet.service(HttpServlet.java:690)
	at javax.servlet.http.HttpServlet.service(HttpServlet.java:803)
	at org.apache.catalina.core.ApplicationFilterChain.internalDoFilter(ApplicationFilterChain.java:290)
	at org.apache.catalina.core.ApplicationFilterChain.doFilter(ApplicationFilterChain.java:206)
	at org.apache.catalina.core.StandardWrapperValve.invoke(StandardWrapperValve.java:233)
	at org.apache.catalina.core.StandardContextValve.invoke(StandardContextValve.java:175)
	at org.apache.catalina.core.StandardHostValve.invoke(StandardHostValve.java:128)
	at org.apache.catalina.valves.ErrorReportValve.invoke(ErrorReportValve.java:102)
	at org.apache.catalina.core.StandardEngineValve.invoke(StandardEngineValve.java:109)
	at org.apache.catalina.connector.CoyoteAdapter.service(CoyoteAdapter.java:286)
	at org.apache.coyote.http11.Http11Processor.process(Http11Processor.java:844)
	at org.apache.coyote.http11.Http11Protocol$Http11ConnectionHandler.process(Http11Protocol.java:583)
	at org.apache.tomcat.util.net.JIoEndpoint$Worker.run(JIoEndpoint.java:447)
	at java.lang.Thread.run(Thread.java:619)
com.jcorporate.expresso.core.db.DBException: com.jcorporate.expresso.core.db.DBConnection.connect(String, String):Cant get connection to database via driver 'org.firebirdsql.jdbc.FBDriver' and URL 'jdbc:firebirdsql:localhost/3050:D:/CTLan/Project/workspace/Web_HRM/db/new/SSP_HRM_DB_30.GDB?lc_ctype=UNICODE_FSS' (no description):GDS Exception. 335544344. I/O error for file CreateFile (open) "D:/CTLan/Project/workspace/Web_HRM/db/new/SSP_HRM_DB_30.GDB"
Error while trying to open file
null
Reason: I/O error for file CreateFile (open) "D:/CTLan/Project/workspace/Web_HRM/db/new/SSP_HRM_DB_30.GDB"
Error while trying to open file
null
	at com.jcorporate.expresso.core.db.DBConnection.connect(DBConnection.java:742)
	at com.jcorporate.expresso.core.db.DBConnectionPool.buildNewConnection(DBConnectionPool.java:406)
	at com.jcorporate.expresso.core.db.DBConnectionPool.createNewConnection(DBConnectionPool.java:456)
	at com.jcorporate.expresso.core.db.DBConnectionPool.getConnection(DBConnectionPool.java:1039)
	at com.jcorporate.expresso.core.db.DBConnectionPool.getConnection(DBConnectionPool.java:1154)
	at com.jcorporate.expresso.core.dbobj.DBObject.find(DBObject.java:2340)
	at com.jcorporate.expresso.core.dbobj.SecuredDBObject.find(SecuredDBObject.java:370)
	at com.jcorporate.expresso.services.dbobj.DefaultUserInfo.find(DefaultUserInfo.java:1391)
	at com.jcorporate.expresso.core.security.User.find(User.java:395)
	at com.jcorporate.expresso.core.servlet.CheckLogin.logInAsNone(CheckLogin.java:333)
	at com.jcorporate.expresso.core.servlet.CheckLogin.check(CheckLogin.java:256)
	at com.jcorporate.expresso.core.servlet.CheckLogin.checkLogin(CheckLogin.java:156)
	at com.jcorporate.expresso.core.controller.Controller.execute(Controller.java:1675)
	at org.apache.struts.action.RequestProcessor.processActionPerform(RequestProcessor.java:484)
	at org.apache.struts.action.RequestProcessor.process(RequestProcessor.java:274)
	at org.apache.struts.action.ActionServlet.process(ActionServlet.java:1482)
	at org.apache.struts.action.ActionServlet.doGet(ActionServlet.java:507)
	at javax.servlet.http.HttpServlet.service(HttpServlet.java:690)
	at javax.servlet.http.HttpServlet.service(HttpServlet.java:803)
	at org.apache.catalina.core.ApplicationFilterChain.internalDoFilter(ApplicationFilterChain.java:290)
	at org.apache.catalina.core.ApplicationFilterChain.doFilter(ApplicationFilterChain.java:206)
	at org.apache.catalina.core.StandardWrapperValve.invoke(StandardWrapperValve.java:233)
	at org.apache.catalina.core.StandardContextValve.invoke(StandardContextValve.java:175)
	at org.apache.catalina.core.StandardHostValve.invoke(StandardHostValve.java:128)
	at org.apache.catalina.valves.ErrorReportValve.invoke(ErrorReportValve.java:102)
	at org.apache.catalina.core.StandardEngineValve.invoke(StandardEngineValve.java:109)
	at org.apache.catalina.connector.CoyoteAdapter.service(CoyoteAdapter.java:286)
	at org.apache.coyote.http11.Http11Processor.process(Http11Processor.java:844)
	at org.apache.coyote.http11.Http11Protocol$Http11ConnectionHandler.process(Http11Protocol.java:583)
	at org.apache.tomcat.util.net.JIoEndpoint$Worker.run(JIoEndpoint.java:447)
	at java.lang.Thread.run(Thread.java:619)
2009-11-17 13:45:42,359 ERROR [http-8080-2] dbobj.DBObject (DBObject.java:2456) - Error in find: com.jcorporate.expresso.core.db.DBConnection.connect(String, String):Cant get connection to database via driver 'org.firebirdsql.jdbc.FBDriver' and URL 'jdbc:firebirdsql:localhost/3050:D:/CTLan/Project/workspace/Web_HRM/db/new/SSP_HRM_DB_30.GDB?lc_ctype=UNICODE_FSS' (no description):GDS Exception. 335544344. I/O error for file CreateFile (open) "D:/CTLan/Project/workspace/Web_HRM/db/new/SSP_HRM_DB_30.GDB"
Error while trying to open file
null
Reason: I/O error for file CreateFile (open) "D:/CTLan/Project/workspace/Web_HRM/db/new/SSP_HRM_DB_30.GDB"
Error while trying to open file
null
com.jcorporate.expresso.core.db.DBException: com.jcorporate.expresso.core.db.DBConnection.connect(String, String):Cant get connection to database via driver 'org.firebirdsql.jdbc.FBDriver' and URL 'jdbc:firebirdsql:localhost/3050:D:/CTLan/Project/workspace/Web_HRM/db/new/SSP_HRM_DB_30.GDB?lc_ctype=UNICODE_FSS' (no description):GDS Exception. 335544344. I/O error for file CreateFile (open) "D:/CTLan/Project/workspace/Web_HRM/db/new/SSP_HRM_DB_30.GDB"
Error while trying to open file
null
Reason: I/O error for file CreateFile (open) "D:/CTLan/Project/workspace/Web_HRM/db/new/SSP_HRM_DB_30.GDB"
Error while trying to open file
null
	at com.jcorporate.expresso.core.db.DBConnection.connect(DBConnection.java:742)
	at com.jcorporate.expresso.core.db.DBConnectionPool.buildNewConnection(DBConnectionPool.java:406)
	at com.jcorporate.expresso.core.db.DBConnectionPool.createNewConnection(DBConnectionPool.java:456)
	at com.jcorporate.expresso.core.db.DBConnectionPool.getConnection(DBConnectionPool.java:1039)
	at com.jcorporate.expresso.core.db.DBConnectionPool.getConnection(DBConnectionPool.java:1154)
	at com.jcorporate.expresso.core.dbobj.DBObject.find(DBObject.java:2340)
	at com.jcorporate.expresso.core.dbobj.SecuredDBObject.find(SecuredDBObject.java:370)
	at com.jcorporate.expresso.services.dbobj.DefaultUserInfo.find(DefaultUserInfo.java:1391)
	at com.jcorporate.expresso.core.security.User.find(User.java:395)
	at com.jcorporate.expresso.core.servlet.CheckLogin.logInAsNone(CheckLogin.java:333)
	at com.jcorporate.expresso.core.servlet.CheckLogin.check(CheckLogin.java:256)
	at com.jcorporate.expresso.core.servlet.CheckLogin.checkLogin(CheckLogin.java:156)
	at com.jcorporate.expresso.core.controller.Controller.execute(Controller.java:1675)
	at org.apache.struts.action.RequestProcessor.processActionPerform(RequestProcessor.java:484)
	at org.apache.struts.action.RequestProcessor.process(RequestProcessor.java:274)
	at org.apache.struts.action.ActionServlet.process(ActionServlet.java:1482)
	at org.apache.struts.action.ActionServlet.doGet(ActionServlet.java:507)
	at javax.servlet.http.HttpServlet.service(HttpServlet.java:690)
	at javax.servlet.http.HttpServlet.service(HttpServlet.java:803)
	at org.apache.catalina.core.ApplicationFilterChain.internalDoFilter(ApplicationFilterChain.java:290)
	at org.apache.catalina.core.ApplicationFilterChain.doFilter(ApplicationFilterChain.java:206)
	at org.apache.catalina.core.StandardWrapperValve.invoke(StandardWrapperValve.java:233)
	at org.apache.catalina.core.StandardContextValve.invoke(StandardContextValve.java:175)
	at org.apache.catalina.core.StandardHostValve.invoke(StandardHostValve.java:128)
	at org.apache.catalina.valves.ErrorReportValve.invoke(ErrorReportValve.java:102)
	at org.apache.catalina.core.StandardEngineValve.invoke(StandardEngineValve.java:109)
	at org.apache.catalina.connector.CoyoteAdapter.service(CoyoteAdapter.java:286)
	at org.apache.coyote.http11.Http11Processor.process(Http11Processor.java:844)
	at org.apache.coyote.http11.Http11Protocol$Http11ConnectionHandler.process(Http11Protocol.java:583)
	at org.apache.tomcat.util.net.JIoEndpoint$Worker.run(JIoEndpoint.java:447)
	at java.lang.Thread.run(Thread.java:619)
2009-11-17 13:45:42,359 ERROR [http-8080-2] servlet.CheckLogin (CheckLogin.java:337) - com.jcorporate.expresso.core.db.DBException: com.jcorporate.expresso.core.db.DBConnection.connect(String, String):Cant get connection to database via driver 'org.firebirdsql.jdbc.FBDriver' and URL 'jdbc:firebirdsql:localhost/3050:D:/CTLan/Project/workspace/Web_HRM/db/new/SSP_HRM_DB_30.GDB?lc_ctype=UNICODE_FSS' (no description):GDS Exception. 335544344. I/O error for file CreateFile (open) "D:/CTLan/Project/workspace/Web_HRM/db/new/SSP_HRM_DB_30.GDB"
Error while trying to open file
null
Reason: I/O error for file CreateFile (open) "D:/CTLan/Project/workspace/Web_HRM/db/new/SSP_HRM_DB_30.GDB"
Error while trying to open file
null
2009-11-17 13:45:42,546 ERROR [http-8080-2] jdbc.JDBCExecutor (JDBCExecutor.java:951) - com.jcorporate.expresso.core.dataobjects.jdbc.JDBCExecutor.retrieve(DataObject) error
com.jcorporate.expresso.core.db.DBException: com.jcorporate.expresso.core.db.DBConnection.connect(String, String):Cant get connection to database via driver 'org.firebirdsql.jdbc.FBDriver' and URL 'jdbc:firebirdsql:localhost/3050:D:/CTLan/Project/workspace/Web_HRM/db/new/SSP_HRM_DB_30.GDB?lc_ctype=UNICODE_FSS' (no description):GDS Exception. 335544344. I/O error for file CreateFile (open) "D:/CTLan/Project/workspace/Web_HRM/db/new/SSP_HRM_DB_30.GDB"
Error while trying to open file
null
Reason: I/O error for file CreateFile (open) "D:/CTLan/Project/workspace/Web_HRM/db/new/SSP_HRM_DB_30.GDB"
Error while trying to open file
null
	at com.jcorporate.expresso.core.db.DBConnection.connect(DBConnection.java:742)
	at com.jcorporate.expresso.core.db.DBConnectionPool.buildNewConnection(DBConnectionPool.java:406)
	at com.jcorporate.expresso.core.db.DBConnectionPool.createNewConnection(DBConnectionPool.java:456)
	at com.jcorporate.expresso.core.db.DBConnectionPool.getConnection(DBConnectionPool.java:1039)
	at com.jcorporate.expresso.core.db.DBConnectionPool.getConnection(DBConnectionPool.java:1154)
	at com.jcorporate.expresso.core.dataobjects.jdbc.JDBCExecutor.retrieve(JDBCExecutor.java:821)
	at com.jcorporate.expresso.core.dbobj.DBObject.retrieve(DBObject.java:4961)
	at com.jcorporate.expresso.core.dbobj.SecuredDBObject.retrieve(SecuredDBObject.java:609)
	at com.jcorporate.expresso.core.dbobj.DBObject.find(DBObject.java:2247)
	at com.jcorporate.expresso.core.dbobj.SecuredDBObject.find(SecuredDBObject.java:370)
	at com.jcorporate.expresso.services.dbobj.DefaultUserInfo.find(DefaultUserInfo.java:1359)
	at com.jcorporate.expresso.core.security.User.find(User.java:395)
	at com.jcorporate.expresso.core.servlet.CheckLogin.check(CheckLogin.java:275)
	at com.jcorporate.expresso.core.servlet.CheckLogin.checkLogin(CheckLogin.java:156)
	at com.jcorporate.expresso.core.controller.Controller.execute(Controller.java:1675)
	at org.apache.struts.action.RequestProcessor.processActionPerform(RequestProcessor.java:484)
	at org.apache.struts.action.RequestProcessor.process(RequestProcessor.java:274)
	at org.apache.struts.action.ActionServlet.process(ActionServlet.java:1482)
	at org.apache.struts.action.ActionServlet.doGet(ActionServlet.java:507)
	at javax.servlet.http.HttpServlet.service(HttpServlet.java:690)
	at javax.servlet.http.HttpServlet.service(HttpServlet.java:803)
	at org.apache.catalina.core.ApplicationFilterChain.internalDoFilter(ApplicationFilterChain.java:290)
	at org.apache.catalina.core.ApplicationFilterChain.doFilter(ApplicationFilterChain.java:206)
	at org.apache.catalina.core.StandardWrapperValve.invoke(StandardWrapperValve.java:233)
	at org.apache.catalina.core.StandardContextValve.invoke(StandardContextValve.java:175)
	at org.apache.catalina.core.StandardHostValve.invoke(StandardHostValve.java:128)
	at org.apache.catalina.valves.ErrorReportValve.invoke(ErrorReportValve.java:102)
	at org.apache.catalina.core.StandardEngineValve.invoke(StandardEngineValve.java:109)
	at org.apache.catalina.connector.CoyoteAdapter.service(CoyoteAdapter.java:286)
	at org.apache.coyote.http11.Http11Processor.process(Http11Processor.java:844)
	at org.apache.coyote.http11.Http11Protocol$Http11ConnectionHandler.process(Http11Protocol.java:583)
	at org.apache.tomcat.util.net.JIoEndpoint$Worker.run(JIoEndpoint.java:447)
	at java.lang.Thread.run(Thread.java:619)
com.jcorporate.expresso.core.db.DBException: com.jcorporate.expresso.core.db.DBConnection.connect(String, String):Cant get connection to database via driver 'org.firebirdsql.jdbc.FBDriver' and URL 'jdbc:firebirdsql:localhost/3050:D:/CTLan/Project/workspace/Web_HRM/db/new/SSP_HRM_DB_30.GDB?lc_ctype=UNICODE_FSS' (no description):GDS Exception. 335544344. I/O error for file CreateFile (open) "D:/CTLan/Project/workspace/Web_HRM/db/new/SSP_HRM_DB_30.GDB"
Error while trying to open file
null
Reason: I/O error for file CreateFile (open) "D:/CTLan/Project/workspace/Web_HRM/db/new/SSP_HRM_DB_30.GDB"
Error while trying to open file
null
	at com.jcorporate.expresso.core.db.DBConnection.connect(DBConnection.java:742)
	at com.jcorporate.expresso.core.db.DBConnectionPool.buildNewConnection(DBConnectionPool.java:406)
	at com.jcorporate.expresso.core.db.DBConnectionPool.createNewConnection(DBConnectionPool.java:456)
	at com.jcorporate.expresso.core.db.DBConnectionPool.getConnection(DBConnectionPool.java:1039)
	at com.jcorporate.expresso.core.db.DBConnectionPool.getConnection(DBConnectionPool.java:1154)
	at com.jcorporate.expresso.core.dataobjects.jdbc.JDBCExecutor.retrieve(JDBCExecutor.java:821)
	at com.jcorporate.expresso.core.dbobj.DBObject.retrieve(DBObject.java:4961)
	at com.jcorporate.expresso.core.dbobj.SecuredDBObject.retrieve(SecuredDBObject.java:609)
	at com.jcorporate.expresso.core.dbobj.DBObject.find(DBObject.java:2247)
	at com.jcorporate.expresso.core.dbobj.SecuredDBObject.find(SecuredDBObject.java:370)
	at com.jcorporate.expresso.services.dbobj.DefaultUserInfo.find(DefaultUserInfo.java:1359)
	at com.jcorporate.expresso.core.security.User.find(User.java:395)
	at com.jcorporate.expresso.core.servlet.CheckLogin.check(CheckLogin.java:275)
	at com.jcorporate.expresso.core.servlet.CheckLogin.checkLogin(CheckLogin.java:156)
	at com.jcorporate.expresso.core.controller.Controller.execute(Controller.java:1675)
	at org.apache.struts.action.RequestProcessor.processActionPerform(RequestProcessor.java:484)
	at org.apache.struts.action.RequestProcessor.process(RequestProcessor.java:274)
	at org.apache.struts.action.ActionServlet.process(ActionServlet.java:1482)
	at org.apache.struts.action.ActionServlet.doGet(ActionServlet.java:507)
	at javax.servlet.http.HttpServlet.service(HttpServlet.java:690)
	at javax.servlet.http.HttpServlet.service(HttpServlet.java:803)
	at org.apache.catalina.core.ApplicationFilterChain.internalDoFilter(ApplicationFilterChain.java:290)
	at org.apache.catalina.core.ApplicationFilterChain.doFilter(ApplicationFilterChain.java:206)
	at org.apache.catalina.core.StandardWrapperValve.invoke(StandardWrapperValve.java:233)
	at org.apache.catalina.core.StandardContextValve.invoke(StandardContextValve.java:175)
	at org.apache.catalina.core.StandardHostValve.invoke(StandardHostValve.java:128)
	at org.apache.catalina.valves.ErrorReportValve.invoke(ErrorReportValve.java:102)
	at org.apache.catalina.core.StandardEngineValve.invoke(StandardEngineValve.java:109)
	at org.apache.catalina.connector.CoyoteAdapter.service(CoyoteAdapter.java:286)
	at org.apache.coyote.http11.Http11Processor.process(Http11Processor.java:844)
	at org.apache.coyote.http11.Http11Protocol$Http11ConnectionHandler.process(Http11Protocol.java:583)
	at org.apache.tomcat.util.net.JIoEndpoint$Worker.run(JIoEndpoint.java:447)
	at java.lang.Thread.run(Thread.java:619)
com.jcorporate.expresso.core.db.DBException: com.jcorporate.expresso.core.db.DBConnection.connect(String, String):Cant get connection to database via driver 'org.firebirdsql.jdbc.FBDriver' and URL 'jdbc:firebirdsql:localhost/3050:D:/CTLan/Project/workspace/Web_HRM/db/new/SSP_HRM_DB_30.GDB?lc_ctype=UNICODE_FSS' (no description):GDS Exception. 335544344. I/O error for file CreateFile (open) "D:/CTLan/Project/workspace/Web_HRM/db/new/SSP_HRM_DB_30.GDB"
Error while trying to open file
null
Reason: I/O error for file CreateFile (open) "D:/CTLan/Project/workspace/Web_HRM/db/new/SSP_HRM_DB_30.GDB"
Error while trying to open file
null
	at com.jcorporate.expresso.core.db.DBConnection.connect(DBConnection.java:742)
	at com.jcorporate.expresso.core.db.DBConnectionPool.buildNewConnection(DBConnectionPool.java:406)
	at com.jcorporate.expresso.core.db.DBConnectionPool.createNewConnection(DBConnectionPool.java:456)
	at com.jcorporate.expresso.core.db.DBConnectionPool.getConnection(DBConnectionPool.java:1039)
	at com.jcorporate.expresso.core.db.DBConnectionPool.getConnection(DBConnectionPool.java:1154)
	at com.jcorporate.expresso.core.dataobjects.jdbc.JDBCExecutor.retrieve(JDBCExecutor.java:821)
	at com.jcorporate.expresso.core.dbobj.DBObject.retrieve(DBObject.java:4961)
	at com.jcorporate.expresso.core.dbobj.SecuredDBObject.retrieve(SecuredDBObject.java:609)
	at com.jcorporate.expresso.core.dbobj.DBObject.find(DBObject.java:2247)
	at com.jcorporate.expresso.core.dbobj.SecuredDBObject.find(SecuredDBObject.java:370)
	at com.jcorporate.expresso.services.dbobj.DefaultUserInfo.find(DefaultUserInfo.java:1359)
	at com.jcorporate.expresso.core.security.User.find(User.java:395)
	at com.jcorporate.expresso.core.servlet.CheckLogin.check(CheckLogin.java:275)
	at com.jcorporate.expresso.core.servlet.CheckLogin.checkLogin(CheckLogin.java:156)
	at com.jcorporate.expresso.core.controller.Controller.execute(Controller.java:1675)
	at org.apache.struts.action.RequestProcessor.processActionPerform(RequestProcessor.java:484)
	at org.apache.struts.action.RequestProcessor.process(RequestProcessor.java:274)
	at org.apache.struts.action.ActionServlet.process(ActionServlet.java:1482)
	at org.apache.struts.action.ActionServlet.doGet(ActionServlet.java:507)
	at javax.servlet.http.HttpServlet.service(HttpServlet.java:690)
	at javax.servlet.http.HttpServlet.service(HttpServlet.java:803)
	at org.apache.catalina.core.ApplicationFilterChain.internalDoFilter(ApplicationFilterChain.java:290)
	at org.apache.catalina.core.ApplicationFilterChain.doFilter(ApplicationFilterChain.java:206)
	at org.apache.catalina.core.StandardWrapperValve.invoke(StandardWrapperValve.java:233)
	at org.apache.catalina.core.StandardContextValve.invoke(StandardContextValve.java:175)
	at org.apache.catalina.core.StandardHostValve.invoke(StandardHostValve.java:128)
	at org.apache.catalina.valves.ErrorReportValve.invoke(ErrorReportValve.java:102)
	at org.apache.catalina.core.StandardEngineValve.invoke(StandardEngineValve.java:109)
	at org.apache.catalina.connector.CoyoteAdapter.service(CoyoteAdapter.java:286)
	at org.apache.coyote.http11.Http11Processor.process(Http11Processor.java:844)
	at org.apache.coyote.http11.Http11Protocol$Http11ConnectionHandler.process(Http11Protocol.java:583)
	at org.apache.tomcat.util.net.JIoEndpoint$Worker.run(JIoEndpoint.java:447)
	at java.lang.Thread.run(Thread.java:619)
com.jcorporate.expresso.core.dataobjects.DataException: com.jcorporate.expresso.core.dataobjects.jdbc.JDBCExecutor.retrieve(DataObject) error
	at com.jcorporate.expresso.core.dataobjects.jdbc.JDBCExecutor.retrieve(JDBCExecutor.java:952)
	at com.jcorporate.expresso.core.dbobj.DBObject.retrieve(DBObject.java:4961)
	at com.jcorporate.expresso.core.dbobj.SecuredDBObject.retrieve(SecuredDBObject.java:609)
	at com.jcorporate.expresso.core.dbobj.DBObject.find(DBObject.java:2247)
	at com.jcorporate.expresso.core.dbobj.SecuredDBObject.find(SecuredDBObject.java:370)
	at com.jcorporate.expresso.services.dbobj.DefaultUserInfo.find(DefaultUserInfo.java:1359)
	at com.jcorporate.expresso.core.security.User.find(User.java:395)
	at com.jcorporate.expresso.core.servlet.CheckLogin.check(CheckLogin.java:275)
	at com.jcorporate.expresso.core.servlet.CheckLogin.checkLogin(CheckLogin.java:156)
	at com.jcorporate.expresso.core.controller.Controller.execute(Controller.java:1675)
	at org.apache.struts.action.RequestProcessor.processActionPerform(RequestProcessor.java:484)
	at org.apache.struts.action.RequestProcessor.process(RequestProcessor.java:274)
	at org.apache.struts.action.ActionServlet.process(ActionServlet.java:1482)
	at org.apache.struts.action.ActionServlet.doGet(ActionServlet.java:507)
	at javax.servlet.http.HttpServlet.service(HttpServlet.java:690)
	at javax.servlet.http.HttpServlet.service(HttpServlet.java:803)
	at org.apache.catalina.core.ApplicationFilterChain.internalDoFilter(ApplicationFilterChain.java:290)
	at org.apache.catalina.core.ApplicationFilterChain.doFilter(ApplicationFilterChain.java:206)
	at org.apache.catalina.core.StandardWrapperValve.invoke(StandardWrapperValve.java:233)
	at org.apache.catalina.core.StandardContextValve.invoke(StandardContextValve.java:175)
	at org.apache.catalina.core.StandardHostValve.invoke(StandardHostValve.java:128)
	at org.apache.catalina.valves.ErrorReportValve.invoke(ErrorReportValve.java:102)
	at org.apache.catalina.core.StandardEngineValve.invoke(StandardEngineValve.java:109)
	at org.apache.catalina.connector.CoyoteAdapter.service(CoyoteAdapter.java:286)
	at org.apache.coyote.http11.Http11Processor.process(Http11Processor.java:844)
	at org.apache.coyote.http11.Http11Protocol$Http11ConnectionHandler.process(Http11Protocol.java:583)
	at org.apache.tomcat.util.net.JIoEndpoint$Worker.run(JIoEndpoint.java:447)
	at java.lang.Thread.run(Thread.java:619)
2009-11-17 13:45:42,562 ERROR [http-8080-2] servlet.CheckLogin (CheckLogin.java:302) - com.jcorporate.expresso.core.dataobjects.DataException: com.jcorporate.expresso.core.dataobjects.jdbc.JDBCExecutor.retrieve(DataObject) error
DefaultInit: init
Logging directory is: E:\SSP_HRM_3.0\Setup_web\server\webapps\ROOT\WEB-INF\log
ConfigManager: Done reading XML config - no errors or warnings
Loading Messagebundle: com/jcorporate/expresso/core
2009-11-17 13:48:24,937 WARN  [Thread-1] misc.ConfigManager (ConfigManager.java:836) - Job handler for configuration 'default' not enabled (because of the setting in expresso-config.xml).
initRequestProcessorClass(org.apache.struts.config.impl.ModuleConfigImpl@1f38fc6)
KKKKK
Loading Messagebundle: com.jcorporate.expresso.core.ExpressoSchema
2009-11-17 13:48:46,437 WARN  [http-8080-3] i18n.Messages (Messages.java:425) - No such key 'No Title' in bundle for schemas: '[com.jcorporate.expresso.core.ExpressoSchema]'
KKKKK
2009-11-17 13:48:54,093 WARN  [http-8080-3] i18n.Messages (Messages.java:425) - No such key 'No Title' in bundle for schemas: '[com.jcorporate.expresso.core.ExpressoSchema]'
org.firebirdsql.jdbc.FBSQLException: GDS Exception. 335544569. Dynamic SQL Error
SQL error code = -204
Procedure unknown
WEB_PHEP_KHONGDUYET_DK
At line 1, column 15
	at org.firebirdsql.jdbc.AbstractStatement.executeQuery(AbstractStatement.java:220)
	at org.apache.jsp.user.phepnamfrm_jsp._jspService(phepnamfrm_jsp.java:883)
	at org.apache.jasper.runtime.HttpJspBase.service(HttpJspBase.java:70)
	at javax.servlet.http.HttpServlet.service(HttpServlet.java:803)
	at org.apache.jasper.servlet.JspServletWrapper.service(JspServletWrapper.java:374)
	at org.apache.jasper.servlet.JspServlet.serviceJspFile(JspServlet.java:337)
	at org.apache.jasper.servlet.JspServlet.service(JspServlet.java:266)
	at javax.servlet.http.HttpServlet.service(HttpServlet.java:803)
	at org.apache.catalina.core.ApplicationFilterChain.internalDoFilter(ApplicationFilterChain.java:290)
	at org.apache.catalina.core.ApplicationFilterChain.doFilter(ApplicationFilterChain.java:206)
	at org.apache.catalina.core.StandardWrapperValve.invoke(StandardWrapperValve.java:233)
	at org.apache.catalina.core.StandardContextValve.invoke(StandardContextValve.java:175)
	at org.apache.catalina.core.StandardHostValve.invoke(StandardHostValve.java:128)
	at org.apache.catalina.valves.ErrorReportValve.invoke(ErrorReportValve.java:102)
	at org.apache.catalina.core.StandardEngineValve.invoke(StandardEngineValve.java:109)
	at org.apache.catalina.connector.CoyoteAdapter.service(CoyoteAdapter.java:286)
	at org.apache.coyote.http11.Http11Processor.process(Http11Processor.java:844)
	at org.apache.coyote.http11.Http11Protocol$Http11ConnectionHandler.process(Http11Protocol.java:583)
	at org.apache.tomcat.util.net.JIoEndpoint$Worker.run(JIoEndpoint.java:447)
	at java.lang.Thread.run(Thread.java:619)
at org.firebirdsql.gds.GDSException: Dynamic SQL Error
SQL error code = -204
Procedure unknown
WEB_PHEP_KHONGDUYET_DK
At line 1, column 15
	at org.firebirdsql.gds.impl.wire.AbstractJavaGDSImpl.readStatusVector(AbstractJavaGDSImpl.java:2169)
	at org.firebirdsql.gds.impl.wire.AbstractJavaGDSImpl.receiveResponse(AbstractJavaGDSImpl.java:2119)
	at org.firebirdsql.gds.impl.wire.AbstractJavaGDSImpl.iscDsqlPrepare(AbstractJavaGDSImpl.java:1529)
	at org.firebirdsql.gds.impl.GDSHelper.prepareStatement(GDSHelper.java:189)
	at org.firebirdsql.jdbc.AbstractStatement.prepareFixedStatement(AbstractStatement.java:1119)
	at org.firebirdsql.jdbc.AbstractPreparedStatement.prepareFixedStatement(AbstractPreparedStatement.java:1176)
	at org.firebirdsql.jdbc.AbstractStatement.internalExecute(AbstractStatement.java:1101)
	at org.firebirdsql.jdbc.AbstractStatement.executeQuery(AbstractStatement.java:211)
	at org.apache.jsp.user.phepnamfrm_jsp._jspService(phepnamfrm_jsp.java:883)
	at org.apache.jasper.runtime.HttpJspBase.service(HttpJspBase.java:70)
	at javax.servlet.http.HttpServlet.service(HttpServlet.java:803)
	at org.apache.jasper.servlet.JspServletWrapper.service(JspServletWrapper.java:374)
	at org.apache.jasper.servlet.JspServlet.serviceJspFile(JspServlet.java:337)
	at org.apache.jasper.servlet.JspServlet.service(JspServlet.java:266)
	at javax.servlet.http.HttpServlet.service(HttpServlet.java:803)
	at org.apache.catalina.core.ApplicationFilterChain.internalDoFilter(ApplicationFilterChain.java:290)
	at org.apache.catalina.core.ApplicationFilterChain.doFilter(ApplicationFilterChain.java:206)
	at org.apache.catalina.core.StandardWrapperValve.invoke(StandardWrapperValve.java:233)
	at org.apache.catalina.core.StandardContextValve.invoke(StandardContextValve.java:175)
	at org.apache.catalina.core.StandardHostValve.invoke(StandardHostValve.java:128)
	at org.apache.catalina.valves.ErrorReportValve.invoke(ErrorReportValve.java:102)
	at org.apache.catalina.core.StandardEngineValve.invoke(StandardEngineValve.java:109)
	at org.apache.catalina.connector.CoyoteAdapter.service(CoyoteAdapter.java:286)
	at org.apache.coyote.http11.Http11Processor.process(Http11Processor.java:844)
	at org.apache.coyote.http11.Http11Protocol$Http11ConnectionHandler.process(Http11Protocol.java:583)
	at org.apache.tomcat.util.net.JIoEndpoint$Worker.run(JIoEndpoint.java:447)
	at java.lang.Thread.run(Thread.java:619)
org.firebirdsql.jdbc.FBSQLException: GDS Exception. 335544569. Dynamic SQL Error
SQL error code = -204
Procedure unknown
WEB_PHEP_KHONGDUYET_DK
At line 1, column 15
	at org.firebirdsql.jdbc.AbstractStatement.executeQuery(AbstractStatement.java:220)
	at org.apache.jsp.user.phepnamfrm_jsp._jspService(phepnamfrm_jsp.java:883)
	at org.apache.jasper.runtime.HttpJspBase.service(HttpJspBase.java:70)
	at javax.servlet.http.HttpServlet.service(HttpServlet.java:803)
	at org.apache.jasper.servlet.JspServletWrapper.service(JspServletWrapper.java:374)
	at org.apache.jasper.servlet.JspServlet.serviceJspFile(JspServlet.java:337)
	at org.apache.jasper.servlet.JspServlet.service(JspServlet.java:266)
	at javax.servlet.http.HttpServlet.service(HttpServlet.java:803)
	at org.apache.catalina.core.ApplicationFilterChain.internalDoFilter(ApplicationFilterChain.java:290)
	at org.apache.catalina.core.ApplicationFilterChain.doFilter(ApplicationFilterChain.java:206)
	at org.apache.catalina.core.StandardWrapperValve.invoke(StandardWrapperValve.java:233)
	at org.apache.catalina.core.StandardContextValve.invoke(StandardContextValve.java:175)
	at org.apache.catalina.core.StandardHostValve.invoke(StandardHostValve.java:128)
	at org.apache.catalina.valves.ErrorReportValve.invoke(ErrorReportValve.java:102)
	at org.apache.catalina.core.StandardEngineValve.invoke(StandardEngineValve.java:109)
	at org.apache.catalina.connector.CoyoteAdapter.service(CoyoteAdapter.java:286)
	at org.apache.coyote.http11.Http11Processor.process(Http11Processor.java:844)
	at org.apache.coyote.http11.Http11Protocol$Http11ConnectionHandler.process(Http11Protocol.java:583)
	at org.apache.tomcat.util.net.JIoEndpoint$Worker.run(JIoEndpoint.java:447)
	at java.lang.Thread.run(Thread.java:619)
at org.firebirdsql.gds.GDSException: Dynamic SQL Error
SQL error code = -204
Procedure unknown
WEB_PHEP_KHONGDUYET_DK
At line 1, column 15
	at org.firebirdsql.gds.impl.wire.AbstractJavaGDSImpl.readStatusVector(AbstractJavaGDSImpl.java:2169)
	at org.firebirdsql.gds.impl.wire.AbstractJavaGDSImpl.receiveResponse(AbstractJavaGDSImpl.java:2119)
	at org.firebirdsql.gds.impl.wire.AbstractJavaGDSImpl.iscDsqlPrepare(AbstractJavaGDSImpl.java:1529)
	at org.firebirdsql.gds.impl.GDSHelper.prepareStatement(GDSHelper.java:189)
	at org.firebirdsql.jdbc.AbstractStatement.prepareFixedStatement(AbstractStatement.java:1119)
	at org.firebirdsql.jdbc.AbstractPreparedStatement.prepareFixedStatement(AbstractPreparedStatement.java:1176)
	at org.firebirdsql.jdbc.AbstractStatement.internalExecute(AbstractStatement.java:1101)
	at org.firebirdsql.jdbc.AbstractStatement.executeQuery(AbstractStatement.java:211)
	at org.apache.jsp.user.phepnamfrm_jsp._jspService(phepnamfrm_jsp.java:883)
	at org.apache.jasper.runtime.HttpJspBase.service(HttpJspBase.java:70)
	at javax.servlet.http.HttpServlet.service(HttpServlet.java:803)
	at org.apache.jasper.servlet.JspServletWrapper.service(JspServletWrapper.java:374)
	at org.apache.jasper.servlet.JspServlet.serviceJspFile(JspServlet.java:337)
	at org.apache.jasper.servlet.JspServlet.service(JspServlet.java:266)
	at javax.servlet.http.HttpServlet.service(HttpServlet.java:803)
	at org.apache.catalina.core.ApplicationFilterChain.internalDoFilter(ApplicationFilterChain.java:290)
	at org.apache.catalina.core.ApplicationFilterChain.doFilter(ApplicationFilterChain.java:206)
	at org.apache.catalina.core.StandardWrapperValve.invoke(StandardWrapperValve.java:233)
	at org.apache.catalina.core.StandardContextValve.invoke(StandardContextValve.java:175)
	at org.apache.catalina.core.StandardHostValve.invoke(StandardHostValve.java:128)
	at org.apache.catalina.valves.ErrorReportValve.invoke(ErrorReportValve.java:102)
	at org.apache.catalina.core.StandardEngineValve.invoke(StandardEngineValve.java:109)
	at org.apache.catalina.connector.CoyoteAdapter.service(CoyoteAdapter.java:286)
	at org.apache.coyote.http11.Http11Processor.process(Http11Processor.java:844)
	at org.apache.coyote.http11.Http11Protocol$Http11ConnectionHandler.process(Http11Protocol.java:583)
	at org.apache.tomcat.util.net.JIoEndpoint$Worker.run(JIoEndpoint.java:447)
	at java.lang.Thread.run(Thread.java:619)
org.firebirdsql.jdbc.FBSQLException: GDS Exception. 335544569. Dynamic SQL Error
SQL error code = -204
Procedure unknown
WEB_PHEP_KHONGDUYET_DK
At line 1, column 15
	at org.firebirdsql.jdbc.AbstractStatement.executeQuery(AbstractStatement.java:220)
	at org.apache.jsp.user.phepnamfrm_jsp._jspService(phepnamfrm_jsp.java:883)
	at org.apache.jasper.runtime.HttpJspBase.service(HttpJspBase.java:70)
	at javax.servlet.http.HttpServlet.service(HttpServlet.java:803)
	at org.apache.jasper.servlet.JspServletWrapper.service(JspServletWrapper.java:374)
	at org.apache.jasper.servlet.JspServlet.serviceJspFile(JspServlet.java:337)
	at org.apache.jasper.servlet.JspServlet.service(JspServlet.java:266)
	at javax.servlet.http.HttpServlet.service(HttpServlet.java:803)
	at org.apache.catalina.core.ApplicationFilterChain.internalDoFilter(ApplicationFilterChain.java:290)
	at org.apache.catalina.core.ApplicationFilterChain.doFilter(ApplicationFilterChain.java:206)
	at org.apache.catalina.core.StandardWrapperValve.invoke(StandardWrapperValve.java:233)
	at org.apache.catalina.core.StandardContextValve.invoke(StandardContextValve.java:175)
	at org.apache.catalina.core.StandardHostValve.invoke(StandardHostValve.java:128)
	at org.apache.catalina.valves.ErrorReportValve.invoke(ErrorReportValve.java:102)
	at org.apache.catalina.core.StandardEngineValve.invoke(StandardEngineValve.java:109)
	at org.apache.catalina.connector.CoyoteAdapter.service(CoyoteAdapter.java:286)
	at org.apache.coyote.http11.Http11Processor.process(Http11Processor.java:844)
	at org.apache.coyote.http11.Http11Protocol$Http11ConnectionHandler.process(Http11Protocol.java:583)
	at org.apache.tomcat.util.net.JIoEndpoint$Worker.run(JIoEndpoint.java:447)
	at java.lang.Thread.run(Thread.java:619)
at org.firebirdsql.gds.GDSException: Dynamic SQL Error
SQL error code = -204
Procedure unknown
WEB_PHEP_KHONGDUYET_DK
At line 1, column 15
	at org.firebirdsql.gds.impl.wire.AbstractJavaGDSImpl.readStatusVector(AbstractJavaGDSImpl.java:2169)
	at org.firebirdsql.gds.impl.wire.AbstractJavaGDSImpl.receiveResponse(AbstractJavaGDSImpl.java:2119)
	at org.firebirdsql.gds.impl.wire.AbstractJavaGDSImpl.iscDsqlPrepare(AbstractJavaGDSImpl.java:1529)
	at org.firebirdsql.gds.impl.GDSHelper.prepareStatement(GDSHelper.java:189)
	at org.firebirdsql.jdbc.AbstractStatement.prepareFixedStatement(AbstractStatement.java:1119)
	at org.firebirdsql.jdbc.AbstractPreparedStatement.prepareFixedStatement(AbstractPreparedStatement.java:1176)
	at org.firebirdsql.jdbc.AbstractStatement.internalExecute(AbstractStatement.java:1101)
	at org.firebirdsql.jdbc.AbstractStatement.executeQuery(AbstractStatement.java:211)
	at org.apache.jsp.user.phepnamfrm_jsp._jspService(phepnamfrm_jsp.java:883)
	at org.apache.jasper.runtime.HttpJspBase.service(HttpJspBase.java:70)
	at javax.servlet.http.HttpServlet.service(HttpServlet.java:803)
	at org.apache.jasper.servlet.JspServletWrapper.service(JspServletWrapper.java:374)
	at org.apache.jasper.servlet.JspServlet.serviceJspFile(JspServlet.java:337)
	at org.apache.jasper.servlet.JspServlet.service(JspServlet.java:266)
	at javax.servlet.http.HttpServlet.service(HttpServlet.java:803)
	at org.apache.catalina.core.ApplicationFilterChain.internalDoFilter(ApplicationFilterChain.java:290)
	at org.apache.catalina.core.ApplicationFilterChain.doFilter(ApplicationFilterChain.java:206)
	at org.apache.catalina.core.StandardWrapperValve.invoke(StandardWrapperValve.java:233)
	at org.apache.catalina.core.StandardContextValve.invoke(StandardContextValve.java:175)
	at org.apache.catalina.core.StandardHostValve.invoke(StandardHostValve.java:128)
	at org.apache.catalina.valves.ErrorReportValve.invoke(ErrorReportValve.java:102)
	at org.apache.catalina.core.StandardEngineValve.invoke(StandardEngineValve.java:109)
	at org.apache.catalina.connector.CoyoteAdapter.service(CoyoteAdapter.java:286)
	at org.apache.coyote.http11.Http11Processor.process(Http11Processor.java:844)
	at org.apache.coyote.http11.Http11Protocol$Http11ConnectionHandler.process(Http11Protocol.java:583)
	at org.apache.tomcat.util.net.JIoEndpoint$Worker.run(JIoEndpoint.java:447)
	at java.lang.Thread.run(Thread.java:619)
KKKKK
2009-11-17 14:09:02,093 WARN  [http-8080-3] i18n.Messages (Messages.java:425) - No such key 'No Title' in bundle for schemas: '[com.jcorporate.expresso.core.ExpressoSchema]'
