01-Dec-2009 08:41:39 org.apache.catalina.startup.Embedded initDirs
SEVERE: Cannot find specified temporary folder at D:\THAOLB\DU AN\HRM\hrm-web\Setup_web\server\temp
01-Dec-2009 08:41:41 org.apache.catalina.core.AprLifecycleListener init
INFO: The APR based Apache Tomcat Native library which allows optimal performance in production environments was not found on the java.library.path: D:\THAOLB\DU AN\HRM\hrm-web\Setup_web\server\bin;.;C:\WINDOWS\Sun\Java\bin;C:\WINDOWS\system32;C:\WINDOWS;C:\Program Files\PC Connectivity Solution\;C:\WINDOWS\system32;C:\WINDOWS;C:\WINDOWS\system32\WBEM;D:\Inprise\vbroker\bin;C:\Program Files\Microsoft SQL Server\80\Tools\BINN;C:\Program Files\Starbase\StarGate SDK\Lib;C:\Program Files\Starbase\StarGate SDK\Bin;C:\Program Files\Microsoft SQL Server\90\Tools\binn\;C:\Program Files\Rational\ClearQuest;D:\Program Files\usr\bin
01-Dec-2009 08:41:42 org.apache.coyote.http11.Http11Protocol init
INFO: Initializing Coyote HTTP/1.1 on http-8080
01-Dec-2009 08:41:42 org.apache.catalina.startup.Catalina load
INFO: Initialization processed in 2926 ms
01-Dec-2009 08:41:42 org.apache.catalina.core.StandardService start
INFO: Starting service Catalina
01-Dec-2009 08:41:42 org.apache.catalina.core.StandardEngine start
INFO: Starting Servlet Engine: Apache Tomcat/6.0.16
01-Dec-2009 08:41:43 org.apache.catalina.loader.WebappClassLoader validateJarFile
INFO: validateJarFile(D:\THAOLB\DU AN\HRM\hrm-web\Setup_web\server\webapps\ROOT\WEB-INF\lib\servlet-api.jar) - jar not loaded. See Servlet Spec 2.3, section 9.7.2. Offending class: javax/servlet/Servlet.class
01-Dec-2009 08:43:15 org.apache.coyote.http11.Http11Protocol start
INFO: Starting Coyote HTTP/1.1 on http-8080
01-Dec-2009 08:43:16 org.apache.jk.common.ChannelSocket init
INFO: JK: ajp13 listening on /0.0.0.0:8009
01-Dec-2009 08:43:16 org.apache.jk.server.JkMain start
INFO: Jk running ID=0 time=0/204  config=null
01-Dec-2009 08:43:16 org.apache.catalina.startup.Catalina start
INFO: Server startup in 94250 ms
01-Dec-2009 17:35:37 org.apache.coyote.http11.Http11Protocol pause
INFO: Pausing Coyote HTTP/1.1 on http-8080
01-Dec-2009 17:35:38 org.apache.catalina.core.StandardService stop
INFO: Stopping service Catalina
01-Dec-2009 17:35:41 org.apache.coyote.http11.Http11Protocol destroy
INFO: Stopping Coyote HTTP/1.1 on http-8080
