Sep 8, 2010 10:56:29 PM org.apache.coyote.http11.Http11Protocol pause
INFO: Pausing Coyote HTTP/1.1 on http-8080
Sep 8, 2010 10:56:30 PM org.apache.catalina.core.StandardService stop
INFO: Stopping service Catalina
Sep 8, 2010 10:56:32 PM org.apache.coyote.http11.Http11Protocol destroy
INFO: Stopping Coyote HTTP/1.1 on http-8080
Sep 8, 2010 10:58:10 PM org.apache.catalina.core.AprLifecycleListener init
INFO: The APR based Apache Tomcat Native library which allows optimal performance in production environments was not found on the java.library.path: E:\WORKING\PROJECTS\Henessy\Setup_web\server\bin;.;C:\WINDOWS\Sun\Java\bin;C:\WINDOWS\system32;C:\WINDOWS;%CommonProgramFiles%\Microsoft Shared\Windows Live;C:\Program Files\Borland\Delphi7\Bin;C:\Program Files\Borland\Delphi7\Projects\Bpl\;C:\WINDOWS\system32;C:\WINDOWS;C:\WINDOWS\System32\Wbem;C:\Program Files\Intel\WiFi\bin\;C:\Program Files\QuickTime\QTSystem\;C:\Program Files\TortoiseSVN\bin
Sep 8, 2010 10:58:11 PM org.apache.coyote.http11.Http11Protocol init
INFO: Initializing Coyote HTTP/1.1 on http-8080
Sep 8, 2010 10:58:11 PM org.apache.catalina.startup.Catalina load
INFO: Initialization processed in 5318 ms
Sep 8, 2010 10:58:12 PM org.apache.catalina.core.StandardService start
INFO: Starting service Catalina
Sep 8, 2010 10:58:12 PM org.apache.catalina.core.StandardEngine start
INFO: Starting Servlet Engine: Apache Tomcat/6.0.16
Sep 8, 2010 10:58:14 PM org.apache.catalina.loader.WebappClassLoader validateJarFile
INFO: validateJarFile(E:\WORKING\PROJECTS\Henessy\Setup_web\server\webapps\ROOT\WEB-INF\lib\servlet-api.jar) - jar not loaded. See Servlet Spec 2.3, section 9.7.2. Offending class: javax/servlet/Servlet.class
Sep 8, 2010 10:58:15 PM org.apache.catalina.startup.Catalina stopServer
SEVERE: Catalina.stop: 
java.net.ConnectException: Connection refused: connect
	at java.net.PlainSocketImpl.socketConnect(Native Method)
	at java.net.PlainSocketImpl.doConnect(PlainSocketImpl.java:333)
	at java.net.PlainSocketImpl.connectToAddress(PlainSocketImpl.java:195)
	at java.net.PlainSocketImpl.connect(PlainSocketImpl.java:182)
	at java.net.SocksSocketImpl.connect(SocksSocketImpl.java:366)
	at java.net.Socket.connect(Socket.java:519)
	at java.net.Socket.connect(Socket.java:469)
	at java.net.Socket.<init>(Socket.java:366)
	at java.net.Socket.<init>(Socket.java:180)
	at org.apache.catalina.startup.Catalina.stopServer(Catalina.java:421)
	at sun.reflect.NativeMethodAccessorImpl.invoke0(Native Method)
	at sun.reflect.NativeMethodAccessorImpl.invoke(NativeMethodAccessorImpl.java:39)
	at sun.reflect.DelegatingMethodAccessorImpl.invoke(DelegatingMethodAccessorImpl.java:25)
	at java.lang.reflect.Method.invoke(Method.java:597)
	at org.apache.catalina.startup.Bootstrap.stopServer(Bootstrap.java:337)
	at org.apache.catalina.startup.Bootstrap.main(Bootstrap.java:415)
