Dec 22, 2009 9:42:36 AM org.apache.catalina.core.AprLifecycleListener init
INFO: The APR based Apache Tomcat Native library which allows optimal performance in production environments was not found on the java.library.path: E:\SSP_HRM_3.0\Setup_web\server\bin;.;C:\WINDOWS\Sun\Java\bin;C:\WINDOWS\system32;C:\WINDOWS;C:\Program Files\Borland\Delphi7\Bin;C:\Program Files\Borland\Delphi7\Projects\Bpl\;C:\WINDOWS\system32;C:\WINDOWS;C:\WINDOWS\System32\Wbem;C:\Program Files\TortoiseSVN\bin
Dec 22, 2009 9:42:37 AM org.apache.coyote.http11.Http11Protocol init
INFO: Initializing Coyote HTTP/1.1 on http-80
Dec 22, 2009 9:42:37 AM org.apache.catalina.startup.Catalina load
INFO: Initialization processed in 1968 ms
Dec 22, 2009 9:42:37 AM org.apache.catalina.core.StandardService start
INFO: Starting service Catalina
Dec 22, 2009 9:42:37 AM org.apache.catalina.core.StandardEngine start
INFO: Starting Servlet Engine: Apache Tomcat/6.0.16
Dec 22, 2009 9:42:38 AM org.apache.catalina.loader.WebappClassLoader validateJarFile
INFO: validateJarFile(E:\SSP_HRM_3.0\Setup_web\server\webapps\ROOT\WEB-INF\lib\servlet-api.jar) - jar not loaded. See Servlet Spec 2.3, section 9.7.2. Offending class: javax/servlet/Servlet.class
Dec 22, 2009 9:42:43 AM org.apache.coyote.http11.Http11Protocol start
INFO: Starting Coyote HTTP/1.1 on http-80
Dec 22, 2009 9:42:43 AM org.apache.jk.common.ChannelSocket init
INFO: JK: ajp13 listening on /0.0.0.0:8009
Dec 22, 2009 9:42:43 AM org.apache.jk.server.JkMain start
INFO: Jk running ID=0 time=0/78  config=null
Dec 22, 2009 9:42:43 AM org.apache.catalina.startup.Catalina start
INFO: Server startup in 6857 ms
Dec 22, 2009 9:45:04 AM org.apache.coyote.http11.Http11Protocol pause
INFO: Pausing Coyote HTTP/1.1 on http-80
Dec 22, 2009 9:45:05 AM org.apache.catalina.core.StandardService stop
INFO: Stopping service Catalina
Dec 22, 2009 9:45:05 AM org.apache.coyote.http11.Http11Protocol destroy
INFO: Stopping Coyote HTTP/1.1 on http-80
Dec 22, 2009 9:49:00 AM org.apache.catalina.core.AprLifecycleListener init
INFO: The APR based Apache Tomcat Native library which allows optimal performance in production environments was not found on the java.library.path: E:\SSP_HRM_3.0\Setup_web\server\bin;.;C:\WINDOWS\Sun\Java\bin;C:\WINDOWS\system32;C:\WINDOWS;C:\Program Files\Borland\Delphi7\Bin;C:\Program Files\Borland\Delphi7\Projects\Bpl\;C:\WINDOWS\system32;C:\WINDOWS;C:\WINDOWS\System32\Wbem;C:\Program Files\TortoiseSVN\bin
Dec 22, 2009 9:49:00 AM org.apache.coyote.http11.Http11Protocol init
INFO: Initializing Coyote HTTP/1.1 on http-80
Dec 22, 2009 9:49:00 AM org.apache.catalina.startup.Catalina load
INFO: Initialization processed in 696 ms
Dec 22, 2009 9:49:00 AM org.apache.catalina.core.StandardService start
INFO: Starting service Catalina
Dec 22, 2009 9:49:00 AM org.apache.catalina.core.StandardEngine start
INFO: Starting Servlet Engine: Apache Tomcat/6.0.16
Dec 22, 2009 9:49:00 AM org.apache.catalina.loader.WebappClassLoader validateJarFile
INFO: validateJarFile(E:\SSP_HRM_3.0\Setup_web\server\webapps\ROOT\WEB-INF\lib\servlet-api.jar) - jar not loaded. See Servlet Spec 2.3, section 9.7.2. Offending class: javax/servlet/Servlet.class
Dec 22, 2009 9:49:03 AM org.apache.coyote.http11.Http11Protocol start
INFO: Starting Coyote HTTP/1.1 on http-80
Dec 22, 2009 9:49:04 AM org.apache.jk.common.ChannelSocket init
INFO: JK: ajp13 listening on /0.0.0.0:8009
Dec 22, 2009 9:49:04 AM org.apache.jk.server.JkMain start
INFO: Jk running ID=0 time=0/31  config=null
Dec 22, 2009 9:49:04 AM org.apache.catalina.startup.Catalina start
INFO: Server startup in 3934 ms
Dec 22, 2009 9:50:27 AM org.apache.coyote.http11.Http11Protocol pause
INFO: Pausing Coyote HTTP/1.1 on http-80
Dec 22, 2009 9:50:28 AM org.apache.catalina.core.StandardService stop
INFO: Stopping service Catalina
Dec 22, 2009 9:50:28 AM org.apache.coyote.http11.Http11Protocol destroy
INFO: Stopping Coyote HTTP/1.1 on http-80
Dec 22, 2009 9:50:30 AM org.apache.catalina.core.AprLifecycleListener init
INFO: The APR based Apache Tomcat Native library which allows optimal performance in production environments was not found on the java.library.path: E:\SSP_HRM_3.0\Setup_web\server\bin;.;C:\WINDOWS\Sun\Java\bin;C:\WINDOWS\system32;C:\WINDOWS;C:\Program Files\Borland\Delphi7\Bin;C:\Program Files\Borland\Delphi7\Projects\Bpl\;C:\WINDOWS\system32;C:\WINDOWS;C:\WINDOWS\System32\Wbem;C:\Program Files\TortoiseSVN\bin
Dec 22, 2009 9:50:30 AM org.apache.coyote.http11.Http11Protocol init
INFO: Initializing Coyote HTTP/1.1 on http-8080
Dec 22, 2009 9:50:30 AM org.apache.catalina.startup.Catalina load
INFO: Initialization processed in 711 ms
Dec 22, 2009 9:50:30 AM org.apache.catalina.core.StandardService start
INFO: Starting service Catalina
Dec 22, 2009 9:50:30 AM org.apache.catalina.core.StandardEngine start
INFO: Starting Servlet Engine: Apache Tomcat/6.0.16
Dec 22, 2009 9:50:30 AM org.apache.catalina.loader.WebappClassLoader validateJarFile
INFO: validateJarFile(E:\SSP_HRM_3.0\Setup_web\server\webapps\ROOT\WEB-INF\lib\servlet-api.jar) - jar not loaded. See Servlet Spec 2.3, section 9.7.2. Offending class: javax/servlet/Servlet.class
Dec 22, 2009 9:50:33 AM org.apache.coyote.http11.Http11Protocol start
INFO: Starting Coyote HTTP/1.1 on http-8080
Dec 22, 2009 9:50:33 AM org.apache.jk.common.ChannelSocket init
INFO: JK: ajp13 listening on /0.0.0.0:8009
Dec 22, 2009 9:50:33 AM org.apache.jk.server.JkMain start
INFO: Jk running ID=0 time=0/31  config=null
Dec 22, 2009 9:50:33 AM org.apache.catalina.startup.Catalina start
INFO: Server startup in 3363 ms
Dec 22, 2009 9:54:35 AM org.apache.coyote.http11.Http11Protocol pause
INFO: Pausing Coyote HTTP/1.1 on http-8080
Dec 22, 2009 9:54:36 AM org.apache.catalina.core.StandardService stop
INFO: Stopping service Catalina
Dec 22, 2009 9:54:37 AM org.apache.coyote.http11.Http11Protocol destroy
INFO: Stopping Coyote HTTP/1.1 on http-8080
Dec 22, 2009 9:54:38 AM org.apache.catalina.core.AprLifecycleListener init
INFO: The APR based Apache Tomcat Native library which allows optimal performance in production environments was not found on the java.library.path: E:\SSP_HRM_3.0\Setup_web\server\bin;.;C:\WINDOWS\Sun\Java\bin;C:\WINDOWS\system32;C:\WINDOWS;C:\Program Files\Borland\Delphi7\Bin;C:\Program Files\Borland\Delphi7\Projects\Bpl\;C:\WINDOWS\system32;C:\WINDOWS;C:\WINDOWS\System32\Wbem;C:\Program Files\TortoiseSVN\bin
Dec 22, 2009 9:54:38 AM org.apache.coyote.http11.Http11Protocol init
INFO: Initializing Coyote HTTP/1.1 on http-8080
Dec 22, 2009 9:54:38 AM org.apache.catalina.startup.Catalina load
INFO: Initialization processed in 690 ms
Dec 22, 2009 9:54:38 AM org.apache.catalina.core.StandardService start
INFO: Starting service Catalina
Dec 22, 2009 9:54:38 AM org.apache.catalina.core.StandardEngine start
INFO: Starting Servlet Engine: Apache Tomcat/6.0.16
Dec 22, 2009 9:54:39 AM org.apache.catalina.loader.WebappClassLoader validateJarFile
INFO: validateJarFile(E:\SSP_HRM_3.0\Setup_web\server\webapps\ROOT\WEB-INF\lib\servlet-api.jar) - jar not loaded. See Servlet Spec 2.3, section 9.7.2. Offending class: javax/servlet/Servlet.class
Dec 22, 2009 9:54:42 AM org.apache.coyote.http11.Http11Protocol start
INFO: Starting Coyote HTTP/1.1 on http-8080
Dec 22, 2009 9:54:42 AM org.apache.jk.common.ChannelSocket init
INFO: JK: ajp13 listening on /0.0.0.0:8009
Dec 22, 2009 9:54:42 AM org.apache.jk.server.JkMain start
INFO: Jk running ID=0 time=0/47  config=null
Dec 22, 2009 9:54:42 AM org.apache.catalina.startup.Catalina start
INFO: Server startup in 4255 ms
Dec 22, 2009 11:12:42 AM org.apache.coyote.http11.Http11Protocol pause
INFO: Pausing Coyote HTTP/1.1 on http-8080
Dec 22, 2009 11:12:43 AM org.apache.catalina.core.StandardService stop
INFO: Stopping service Catalina
Dec 22, 2009 11:12:44 AM org.apache.coyote.http11.Http11Protocol destroy
INFO: Stopping Coyote HTTP/1.1 on http-8080
