[2010-09-01 08:28:16] [info] Procrun (2.0.3.0) started
[2010-09-01 08:28:16] [info] Running Service...
[2010-09-01 08:28:16] [info] Starting service...
[2010-09-01 08:28:21] [info] Service started in 5171 ms.
[2010-09-01 08:36:17] [info] Console LOGOFF event signaled
[2010-09-01 08:36:22] [info] Console LOGOFF event signaled
[2010-09-01 08:36:24] [info] Console SHUTDOWN event signaled
[2010-09-01 08:36:24] [info] Stopping service...
[2010-09-01 08:36:25] [info] Service stopped.
[2010-09-01 08:36:25] [info] Run service finished.
[2010-09-01 08:36:25] [info] Procrun finished.
[2010-09-01 09:10:21] [info] Procrun (2.0.3.0) started
[2010-09-01 09:10:21] [info] Running Service...
[2010-09-01 09:10:21] [info] Starting service...
[2010-09-01 09:10:24] [info] Service started in 3062 ms.
[2010-09-02 09:35:39] [info] Console LOGOFF event signaled
[2010-09-02 09:35:54] [info] Console LOGOFF event signaled
[2010-09-02 09:35:56] [info] Console SHUTDOWN event signaled
[2010-09-02 09:35:56] [info] Stopping service...
[2010-09-02 09:35:59] [info] Service stopped.
[2010-09-02 09:35:59] [info] Run service finished.
[2010-09-02 09:35:59] [info] Procrun finished.
