[2010-09-13 08:55:44] [info] Procrun (2.0.3.0) started
[2010-09-13 08:55:44] [info] Running Service...
[2010-09-13 08:55:44] [info] Starting service...
[2010-09-13 08:55:52] [info] Service started in 8296 ms.
[2010-09-13 09:11:11] [info] Console LOGOFF event signaled
[2010-09-13 09:11:16] [info] Console LOGOFF event signaled
[2010-09-13 09:11:17] [info] Console SHUTDOWN event signaled
[2010-09-13 09:11:17] [info] Stopping service...
[2010-09-13 09:11:19] [info] Service stopped.
[2010-09-13 09:11:19] [info] Run service finished.
[2010-09-13 09:11:19] [info] Procrun finished.
[2010-09-13 09:12:32] [info] Procrun (2.0.3.0) started
[2010-09-13 09:12:32] [info] Running Service...
[2010-09-13 09:12:32] [info] Starting service...
[2010-09-13 09:12:36] [info] Service started in 3968 ms.
[2010-09-14 23:10:10] [info] Console LOGOFF event signaled
[2010-09-14 23:10:21] [info] Console LOGOFF event signaled
[2010-09-14 23:10:23] [info] Console SHUTDOWN event signaled
[2010-09-14 23:10:23] [info] Stopping service...
[2010-09-14 23:10:25] [info] Service stopped.
[2010-09-14 23:10:25] [info] Run service finished.
[2010-09-14 23:10:25] [info] Procrun finished.
