[2009-12-07 08:40:27] [info] Procrun (2.0.3.0) started
[2009-12-07 08:40:27] [info] Running Service...
[2009-12-07 08:40:27] [info] Starting service...
[2009-12-07 08:40:28] [info] Service started in 1421 ms.
[2009-12-07 09:59:48] [info] Console LOGOFF event signaled
[2009-12-07 09:59:53] [info] Console LOGOFF event signaled
[2009-12-07 10:01:06] [info] Console SHUTDOWN event signaled
[2009-12-07 10:01:06] [info] Stopping service...
[2009-12-07 10:01:08] [info] Service stopped.
[2009-12-07 10:01:08] [info] Run service finished.
[2009-12-07 10:01:08] [info] Procrun finished.
[2009-12-07 11:07:26] [info] Procrun (2.0.3.0) started
[2009-12-07 11:07:26] [info] Running Service...
[2009-12-07 11:07:26] [info] Starting service...
[2009-12-07 11:07:27] [info] Service started in 1640 ms.
[2009-12-07 17:37:14] [info] Console LOGOFF event signaled
[2009-12-07 17:37:20] [info] Console LOGOFF event signaled
[2009-12-07 17:38:41] [info] Console SHUTDOWN event signaled
[2009-12-07 17:38:41] [info] Stopping service...
[2009-12-07 17:38:43] [info] Service stopped.
[2009-12-07 17:38:44] [info] Run service finished.
[2009-12-07 17:38:44] [info] Procrun finished.
