[2010-09-27 09:45:41] [info] Procrun (2.0.3.0) started
[2010-09-27 09:45:41] [info] Service HRMserver name HRMserver
[2010-09-27 09:45:41] [info] Service HRMserver installed
[2010-09-27 09:45:41] [info] Procrun finished.
[2010-09-27 09:45:41] [info] Procrun (2.0.3.0) started
[2010-09-27 09:45:41] [info] Updating service...
[2010-09-27 09:45:41] [info] Service HRMserver updated
[2010-09-27 09:45:41] [info] Update service finished.
[2010-09-27 09:45:41] [info] Procrun finished.
[2010-09-27 09:45:41] [info] Procrun (2.0.3.0) started
[2010-09-27 09:45:41] [info] Updating service...
[2010-09-27 09:45:41] [info] Service HRMserver updated
[2010-09-27 09:45:41] [info] Update service finished.
[2010-09-27 09:45:41] [info] Procrun finished.
[2010-09-27 09:46:16] [info] Procrun (2.0.3.0) started
[2010-09-27 09:46:16] [info] Running Service...
[2010-09-27 09:46:16] [info] Starting service...
[2010-09-27 09:46:18] [info] Service started in 1921 ms.
[2010-09-27 09:48:22] [info] Procrun (2.0.3.0) started
[2010-09-27 09:48:22] [info] Service HRMserver name HRMserver
[2010-09-27 09:48:22] [info] Service HRMserver installed
[2010-09-27 09:48:22] [info] Procrun finished.
[2010-09-27 09:48:22] [info] Procrun (2.0.3.0) started
[2010-09-27 09:48:22] [info] Updating service...
[2010-09-27 09:48:23] [info] Service HRMserver updated
[2010-09-27 09:48:23] [info] Update service finished.
[2010-09-27 09:48:23] [info] Procrun finished.
[2010-09-27 09:48:23] [info] Procrun (2.0.3.0) started
[2010-09-27 09:48:23] [info] Updating service...
[2010-09-27 09:48:23] [info] Service HRMserver updated
[2010-09-27 09:48:23] [info] Update service finished.
[2010-09-27 09:48:23] [info] Procrun finished.
[2010-09-27 09:48:32] [info] Procrun (2.0.3.0) started
[2010-09-27 09:48:32] [info] Running Service...
[2010-09-27 09:48:32] [info] Starting service...
[2010-09-27 09:48:33] [info] Service started in 1078 ms.
[2010-09-27 09:50:15] [info] Stopping service...
[2010-09-27 09:50:16] [info] Service stopped.
[2010-09-27 09:50:16] [info] Run service finished.
[2010-09-27 09:50:16] [info] Procrun finished.
[2010-09-27 09:50:18] [info] Procrun (2.0.3.0) started
[2010-09-27 09:50:18] [info] Running Service...
[2010-09-27 09:50:18] [info] Starting service...
[2010-09-27 09:50:19] [info] Service started in 1078 ms.
[2010-09-27 09:55:17] [info] Stopping service...
[2010-09-27 09:55:19] [info] Service stopped.
[2010-09-27 09:55:19] [info] Run service finished.
[2010-09-27 09:55:19] [info] Procrun finished.
