12/05/2009 15:45:38 org.apache.catalina.core.ApplicationContext log
INFO: ContextListener: contextInitialized()
12/05/2009 15:45:38 org.apache.catalina.core.ApplicationContext log
INFO: SessionListener: contextInitialized()
12/05/2009 15:47:04 org.apache.catalina.core.ApplicationContext log
INFO: SessionListener: contextDestroyed()
12/05/2009 15:47:04 org.apache.catalina.core.ApplicationContext log
INFO: ContextListener: contextDestroyed()
12/05/2009 15:47:21 org.apache.catalina.core.ApplicationContext log
INFO: ContextListener: contextInitialized()
12/05/2009 15:47:21 org.apache.catalina.core.ApplicationContext log
INFO: SessionListener: contextInitialized()
May 12, 2009 3:54:10 PM org.apache.catalina.core.ApplicationContext log
INFO: ContextListener: contextInitialized()
May 12, 2009 3:54:10 PM org.apache.catalina.core.ApplicationContext log
INFO: SessionListener: contextInitialized()
May 12, 2009 3:54:27 PM org.apache.catalina.core.ApplicationContext log
INFO: SessionListener: contextDestroyed()
May 12, 2009 3:54:27 PM org.apache.catalina.core.ApplicationContext log
INFO: ContextListener: contextDestroyed()
