Jul 22, 2009 2:00:45 PM org.apache.catalina.core.StandardWrapperValve invoke
SEVERE: Servlet.service() for servlet jsp threw exception
org.firebirdsql.jdbc.FBSQLException: GDS Exception. 335544343. invalid request BLR at offset 292
data operation not supported
	at org.firebirdsql.jdbc.AbstractPreparedStatement.<init>(AbstractPreparedStatement.java:127)
	at org.firebirdsql.jdbc.FBPreparedStatement.<init>(FBPreparedStatement.java:41)
	at sun.reflect.NativeConstructorAccessorImpl.newInstance0(Native Method)
	at sun.reflect.NativeConstructorAccessorImpl.newInstance(NativeConstructorAccessorImpl.java:39)
	at sun.reflect.DelegatingConstructorAccessorImpl.newInstance(DelegatingConstructorAccessorImpl.java:27)
	at java.lang.reflect.Constructor.newInstance(Constructor.java:513)
	at org.firebirdsql.jdbc.FBStatementFactory.createPreparedStatement(FBStatementFactory.java:90)
	at org.firebirdsql.jdbc.AbstractConnection.prepareStatement(AbstractConnection.java:869)
	at org.firebirdsql.jdbc.AbstractConnection.prepareStatement(AbstractConnection.java:824)
	at org.firebirdsql.jdbc.AbstractConnection.prepareStatement(AbstractConnection.java:817)
	at org.firebirdsql.jdbc.AbstractConnection.prepareStatement(AbstractConnection.java:293)
	at org.apache.jsp.user.thongtincanhanfrm_jsp._jspService(thongtincanhanfrm_jsp.java:574)
	at org.apache.jasper.runtime.HttpJspBase.service(HttpJspBase.java:70)
	at javax.servlet.http.HttpServlet.service(HttpServlet.java:803)
	at org.apache.jasper.servlet.JspServletWrapper.service(JspServletWrapper.java:374)
	at org.apache.jasper.servlet.JspServlet.serviceJspFile(JspServlet.java:337)
	at org.apache.jasper.servlet.JspServlet.service(JspServlet.java:266)
	at javax.servlet.http.HttpServlet.service(HttpServlet.java:803)
	at org.apache.catalina.core.ApplicationFilterChain.internalDoFilter(ApplicationFilterChain.java:290)
	at org.apache.catalina.core.ApplicationFilterChain.doFilter(ApplicationFilterChain.java:206)
	at org.apache.catalina.core.StandardWrapperValve.invoke(StandardWrapperValve.java:233)
	at org.apache.catalina.core.StandardContextValve.invoke(StandardContextValve.java:175)
	at org.apache.catalina.core.StandardHostValve.invoke(StandardHostValve.java:128)
	at org.apache.catalina.valves.ErrorReportValve.invoke(ErrorReportValve.java:102)
	at org.apache.catalina.core.StandardEngineValve.invoke(StandardEngineValve.java:109)
	at org.apache.catalina.connector.CoyoteAdapter.service(CoyoteAdapter.java:286)
	at org.apache.coyote.http11.Http11Processor.process(Http11Processor.java:844)
	at org.apache.coyote.http11.Http11Protocol$Http11ConnectionHandler.process(Http11Protocol.java:583)
	at org.apache.tomcat.util.net.JIoEndpoint$Worker.run(JIoEndpoint.java:447)
	at java.lang.Thread.run(Thread.java:619)
at org.firebirdsql.gds.GDSException: invalid request BLR at offset 292
data operation not supported
	at org.firebirdsql.gds.impl.wire.AbstractJavaGDSImpl.readStatusVector(AbstractJavaGDSImpl.java:2169)
	at org.firebirdsql.gds.impl.wire.AbstractJavaGDSImpl.receiveResponse(AbstractJavaGDSImpl.java:2119)
	at org.firebirdsql.gds.impl.wire.AbstractJavaGDSImpl.iscDsqlPrepare(AbstractJavaGDSImpl.java:1529)
	at org.firebirdsql.gds.impl.GDSHelper.prepareStatement(GDSHelper.java:189)
	at org.firebirdsql.jdbc.AbstractStatement.prepareFixedStatement(AbstractStatement.java:1119)
	at org.firebirdsql.jdbc.AbstractPreparedStatement.prepareFixedStatement(AbstractPreparedStatement.java:1176)
	at org.firebirdsql.jdbc.AbstractPreparedStatement.<init>(AbstractPreparedStatement.java:124)
	at org.firebirdsql.jdbc.FBPreparedStatement.<init>(FBPreparedStatement.java:41)
	at sun.reflect.NativeConstructorAccessorImpl.newInstance0(Native Method)
	at sun.reflect.NativeConstructorAccessorImpl.newInstance(NativeConstructorAccessorImpl.java:39)
	at sun.reflect.DelegatingConstructorAccessorImpl.newInstance(DelegatingConstructorAccessorImpl.java:27)
	at java.lang.reflect.Constructor.newInstance(Constructor.java:513)
	at org.firebirdsql.jdbc.FBStatementFactory.createPreparedStatement(FBStatementFactory.java:90)
	at org.firebirdsql.jdbc.AbstractConnection.prepareStatement(AbstractConnection.java:869)
	at org.firebirdsql.jdbc.AbstractConnection.prepareStatement(AbstractConnection.java:824)
	at org.firebirdsql.jdbc.AbstractConnection.prepareStatement(AbstractConnection.java:817)
	at org.firebirdsql.jdbc.AbstractConnection.prepareStatement(AbstractConnection.java:293)
	at org.apache.jsp.user.thongtincanhanfrm_jsp._jspService(thongtincanhanfrm_jsp.java:574)
	at org.apache.jasper.runtime.HttpJspBase.service(HttpJspBase.java:70)
	at javax.servlet.http.HttpServlet.service(HttpServlet.java:803)
	at org.apache.jasper.servlet.JspServletWrapper.service(JspServletWrapper.java:374)
	at org.apache.jasper.servlet.JspServlet.serviceJspFile(JspServlet.java:337)
	at org.apache.jasper.servlet.JspServlet.service(JspServlet.java:266)
	at javax.servlet.http.HttpServlet.service(HttpServlet.java:803)
	at org.apache.catalina.core.ApplicationFilterChain.internalDoFilter(ApplicationFilterChain.java:290)
	at org.apache.catalina.core.ApplicationFilterChain.doFilter(ApplicationFilterChain.java:206)
	at org.apache.catalina.core.StandardWrapperValve.invoke(StandardWrapperValve.java:233)
	at org.apache.catalina.core.StandardContextValve.invoke(StandardContextValve.java:175)
	at org.apache.catalina.core.StandardHostValve.invoke(StandardHostValve.java:128)
	at org.apache.catalina.valves.ErrorReportValve.invoke(ErrorReportValve.java:102)
	at org.apache.catalina.core.StandardEngineValve.invoke(StandardEngineValve.java:109)
	at org.apache.catalina.connector.CoyoteAdapter.service(CoyoteAdapter.java:286)
	at org.apache.coyote.http11.Http11Processor.process(Http11Processor.java:844)
	at org.apache.coyote.http11.Http11Protocol$Http11ConnectionHandler.process(Http11Protocol.java:583)
	at org.apache.tomcat.util.net.JIoEndpoint$Worker.run(JIoEndpoint.java:447)
	at java.lang.Thread.run(Thread.java:619)
Jul 22, 2009 2:02:17 PM org.apache.catalina.core.StandardWrapperValve invoke
SEVERE: Servlet.service() for servlet jsp threw exception
org.firebirdsql.jdbc.FBSQLException: GDS Exception. 335544343. invalid request BLR at offset 292
data operation not supported
	at org.firebirdsql.jdbc.AbstractPreparedStatement.<init>(AbstractPreparedStatement.java:127)
	at org.firebirdsql.jdbc.FBPreparedStatement.<init>(FBPreparedStatement.java:41)
	at sun.reflect.GeneratedConstructorAccessor10.newInstance(Unknown Source)
	at sun.reflect.DelegatingConstructorAccessorImpl.newInstance(DelegatingConstructorAccessorImpl.java:27)
	at java.lang.reflect.Constructor.newInstance(Constructor.java:513)
	at org.firebirdsql.jdbc.FBStatementFactory.createPreparedStatement(FBStatementFactory.java:90)
	at org.firebirdsql.jdbc.AbstractConnection.prepareStatement(AbstractConnection.java:869)
	at org.firebirdsql.jdbc.AbstractConnection.prepareStatement(AbstractConnection.java:824)
	at org.firebirdsql.jdbc.AbstractConnection.prepareStatement(AbstractConnection.java:817)
	at org.firebirdsql.jdbc.AbstractConnection.prepareStatement(AbstractConnection.java:293)
	at org.apache.jsp.user.thongtincanhanfrm_jsp._jspService(thongtincanhanfrm_jsp.java:574)
	at org.apache.jasper.runtime.HttpJspBase.service(HttpJspBase.java:70)
	at javax.servlet.http.HttpServlet.service(HttpServlet.java:803)
	at org.apache.jasper.servlet.JspServletWrapper.service(JspServletWrapper.java:374)
	at org.apache.jasper.servlet.JspServlet.serviceJspFile(JspServlet.java:337)
	at org.apache.jasper.servlet.JspServlet.service(JspServlet.java:266)
	at javax.servlet.http.HttpServlet.service(HttpServlet.java:803)
	at org.apache.catalina.core.ApplicationFilterChain.internalDoFilter(ApplicationFilterChain.java:290)
	at org.apache.catalina.core.ApplicationFilterChain.doFilter(ApplicationFilterChain.java:206)
	at org.apache.catalina.core.StandardWrapperValve.invoke(StandardWrapperValve.java:233)
	at org.apache.catalina.core.StandardContextValve.invoke(StandardContextValve.java:175)
	at org.apache.catalina.core.StandardHostValve.invoke(StandardHostValve.java:128)
	at org.apache.catalina.valves.ErrorReportValve.invoke(ErrorReportValve.java:102)
	at org.apache.catalina.core.StandardEngineValve.invoke(StandardEngineValve.java:109)
	at org.apache.catalina.connector.CoyoteAdapter.service(CoyoteAdapter.java:286)
	at org.apache.coyote.http11.Http11Processor.process(Http11Processor.java:844)
	at org.apache.coyote.http11.Http11Protocol$Http11ConnectionHandler.process(Http11Protocol.java:583)
	at org.apache.tomcat.util.net.JIoEndpoint$Worker.run(JIoEndpoint.java:447)
	at java.lang.Thread.run(Thread.java:619)
at org.firebirdsql.gds.GDSException: invalid request BLR at offset 292
data operation not supported
	at org.firebirdsql.gds.impl.wire.AbstractJavaGDSImpl.readStatusVector(AbstractJavaGDSImpl.java:2169)
	at org.firebirdsql.gds.impl.wire.AbstractJavaGDSImpl.receiveResponse(AbstractJavaGDSImpl.java:2119)
	at org.firebirdsql.gds.impl.wire.AbstractJavaGDSImpl.iscDsqlPrepare(AbstractJavaGDSImpl.java:1529)
	at org.firebirdsql.gds.impl.GDSHelper.prepareStatement(GDSHelper.java:189)
	at org.firebirdsql.jdbc.AbstractStatement.prepareFixedStatement(AbstractStatement.java:1119)
	at org.firebirdsql.jdbc.AbstractPreparedStatement.prepareFixedStatement(AbstractPreparedStatement.java:1176)
	at org.firebirdsql.jdbc.AbstractPreparedStatement.<init>(AbstractPreparedStatement.java:124)
	at org.firebirdsql.jdbc.FBPreparedStatement.<init>(FBPreparedStatement.java:41)
	at sun.reflect.GeneratedConstructorAccessor10.newInstance(Unknown Source)
	at sun.reflect.DelegatingConstructorAccessorImpl.newInstance(DelegatingConstructorAccessorImpl.java:27)
	at java.lang.reflect.Constructor.newInstance(Constructor.java:513)
	at org.firebirdsql.jdbc.FBStatementFactory.createPreparedStatement(FBStatementFactory.java:90)
	at org.firebirdsql.jdbc.AbstractConnection.prepareStatement(AbstractConnection.java:869)
	at org.firebirdsql.jdbc.AbstractConnection.prepareStatement(AbstractConnection.java:824)
	at org.firebirdsql.jdbc.AbstractConnection.prepareStatement(AbstractConnection.java:817)
	at org.firebirdsql.jdbc.AbstractConnection.prepareStatement(AbstractConnection.java:293)
	at org.apache.jsp.user.thongtincanhanfrm_jsp._jspService(thongtincanhanfrm_jsp.java:574)
	at org.apache.jasper.runtime.HttpJspBase.service(HttpJspBase.java:70)
	at javax.servlet.http.HttpServlet.service(HttpServlet.java:803)
	at org.apache.jasper.servlet.JspServletWrapper.service(JspServletWrapper.java:374)
	at org.apache.jasper.servlet.JspServlet.serviceJspFile(JspServlet.java:337)
	at org.apache.jasper.servlet.JspServlet.service(JspServlet.java:266)
	at javax.servlet.http.HttpServlet.service(HttpServlet.java:803)
	at org.apache.catalina.core.ApplicationFilterChain.internalDoFilter(ApplicationFilterChain.java:290)
	at org.apache.catalina.core.ApplicationFilterChain.doFilter(ApplicationFilterChain.java:206)
	at org.apache.catalina.core.StandardWrapperValve.invoke(StandardWrapperValve.java:233)
	at org.apache.catalina.core.StandardContextValve.invoke(StandardContextValve.java:175)
	at org.apache.catalina.core.StandardHostValve.invoke(StandardHostValve.java:128)
	at org.apache.catalina.valves.ErrorReportValve.invoke(ErrorReportValve.java:102)
	at org.apache.catalina.core.StandardEngineValve.invoke(StandardEngineValve.java:109)
	at org.apache.catalina.connector.CoyoteAdapter.service(CoyoteAdapter.java:286)
	at org.apache.coyote.http11.Http11Processor.process(Http11Processor.java:844)
	at org.apache.coyote.http11.Http11Protocol$Http11ConnectionHandler.process(Http11Protocol.java:583)
	at org.apache.tomcat.util.net.JIoEndpoint$Worker.run(JIoEndpoint.java:447)
	at java.lang.Thread.run(Thread.java:619)
Jul 22, 2009 2:13:46 PM org.apache.catalina.core.StandardWrapperValve invoke
SEVERE: Servlet.service() for servlet jsp threw exception
org.firebirdsql.jdbc.FBSQLException: GDS Exception. 335544343. invalid request BLR at offset 292
data operation not supported
	at org.firebirdsql.jdbc.AbstractPreparedStatement.<init>(AbstractPreparedStatement.java:127)
	at org.firebirdsql.jdbc.FBPreparedStatement.<init>(FBPreparedStatement.java:41)
	at sun.reflect.NativeConstructorAccessorImpl.newInstance0(Native Method)
	at sun.reflect.NativeConstructorAccessorImpl.newInstance(NativeConstructorAccessorImpl.java:39)
	at sun.reflect.DelegatingConstructorAccessorImpl.newInstance(DelegatingConstructorAccessorImpl.java:27)
	at java.lang.reflect.Constructor.newInstance(Constructor.java:513)
	at org.firebirdsql.jdbc.FBStatementFactory.createPreparedStatement(FBStatementFactory.java:90)
	at org.firebirdsql.jdbc.AbstractConnection.prepareStatement(AbstractConnection.java:869)
	at org.firebirdsql.jdbc.AbstractConnection.prepareStatement(AbstractConnection.java:824)
	at org.firebirdsql.jdbc.AbstractConnection.prepareStatement(AbstractConnection.java:817)
	at org.firebirdsql.jdbc.AbstractConnection.prepareStatement(AbstractConnection.java:293)
	at org.apache.jsp.user.thongtincanhanfrm_jsp._jspService(thongtincanhanfrm_jsp.java:574)
	at org.apache.jasper.runtime.HttpJspBase.service(HttpJspBase.java:70)
	at javax.servlet.http.HttpServlet.service(HttpServlet.java:803)
	at org.apache.jasper.servlet.JspServletWrapper.service(JspServletWrapper.java:374)
	at org.apache.jasper.servlet.JspServlet.serviceJspFile(JspServlet.java:337)
	at org.apache.jasper.servlet.JspServlet.service(JspServlet.java:266)
	at javax.servlet.http.HttpServlet.service(HttpServlet.java:803)
	at org.apache.catalina.core.ApplicationFilterChain.internalDoFilter(ApplicationFilterChain.java:290)
	at org.apache.catalina.core.ApplicationFilterChain.doFilter(ApplicationFilterChain.java:206)
	at org.apache.catalina.core.StandardWrapperValve.invoke(StandardWrapperValve.java:233)
	at org.apache.catalina.core.StandardContextValve.invoke(StandardContextValve.java:175)
	at org.apache.catalina.core.StandardHostValve.invoke(StandardHostValve.java:128)
	at org.apache.catalina.valves.ErrorReportValve.invoke(ErrorReportValve.java:102)
	at org.apache.catalina.core.StandardEngineValve.invoke(StandardEngineValve.java:109)
	at org.apache.catalina.connector.CoyoteAdapter.service(CoyoteAdapter.java:286)
	at org.apache.coyote.http11.Http11Processor.process(Http11Processor.java:844)
	at org.apache.coyote.http11.Http11Protocol$Http11ConnectionHandler.process(Http11Protocol.java:583)
	at org.apache.tomcat.util.net.JIoEndpoint$Worker.run(JIoEndpoint.java:447)
	at java.lang.Thread.run(Thread.java:619)
at org.firebirdsql.gds.GDSException: invalid request BLR at offset 292
data operation not supported
	at org.firebirdsql.gds.impl.wire.AbstractJavaGDSImpl.readStatusVector(AbstractJavaGDSImpl.java:2169)
	at org.firebirdsql.gds.impl.wire.AbstractJavaGDSImpl.receiveResponse(AbstractJavaGDSImpl.java:2119)
	at org.firebirdsql.gds.impl.wire.AbstractJavaGDSImpl.iscDsqlPrepare(AbstractJavaGDSImpl.java:1529)
	at org.firebirdsql.gds.impl.GDSHelper.prepareStatement(GDSHelper.java:189)
	at org.firebirdsql.jdbc.AbstractStatement.prepareFixedStatement(AbstractStatement.java:1119)
	at org.firebirdsql.jdbc.AbstractPreparedStatement.prepareFixedStatement(AbstractPreparedStatement.java:1176)
	at org.firebirdsql.jdbc.AbstractPreparedStatement.<init>(AbstractPreparedStatement.java:124)
	at org.firebirdsql.jdbc.FBPreparedStatement.<init>(FBPreparedStatement.java:41)
	at sun.reflect.NativeConstructorAccessorImpl.newInstance0(Native Method)
	at sun.reflect.NativeConstructorAccessorImpl.newInstance(NativeConstructorAccessorImpl.java:39)
	at sun.reflect.DelegatingConstructorAccessorImpl.newInstance(DelegatingConstructorAccessorImpl.java:27)
	at java.lang.reflect.Constructor.newInstance(Constructor.java:513)
	at org.firebirdsql.jdbc.FBStatementFactory.createPreparedStatement(FBStatementFactory.java:90)
	at org.firebirdsql.jdbc.AbstractConnection.prepareStatement(AbstractConnection.java:869)
	at org.firebirdsql.jdbc.AbstractConnection.prepareStatement(AbstractConnection.java:824)
	at org.firebirdsql.jdbc.AbstractConnection.prepareStatement(AbstractConnection.java:817)
	at org.firebirdsql.jdbc.AbstractConnection.prepareStatement(AbstractConnection.java:293)
	at org.apache.jsp.user.thongtincanhanfrm_jsp._jspService(thongtincanhanfrm_jsp.java:574)
	at org.apache.jasper.runtime.HttpJspBase.service(HttpJspBase.java:70)
	at javax.servlet.http.HttpServlet.service(HttpServlet.java:803)
	at org.apache.jasper.servlet.JspServletWrapper.service(JspServletWrapper.java:374)
	at org.apache.jasper.servlet.JspServlet.serviceJspFile(JspServlet.java:337)
	at org.apache.jasper.servlet.JspServlet.service(JspServlet.java:266)
	at javax.servlet.http.HttpServlet.service(HttpServlet.java:803)
	at org.apache.catalina.core.ApplicationFilterChain.internalDoFilter(ApplicationFilterChain.java:290)
	at org.apache.catalina.core.ApplicationFilterChain.doFilter(ApplicationFilterChain.java:206)
	at org.apache.catalina.core.StandardWrapperValve.invoke(StandardWrapperValve.java:233)
	at org.apache.catalina.core.StandardContextValve.invoke(StandardContextValve.java:175)
	at org.apache.catalina.core.StandardHostValve.invoke(StandardHostValve.java:128)
	at org.apache.catalina.valves.ErrorReportValve.invoke(ErrorReportValve.java:102)
	at org.apache.catalina.core.StandardEngineValve.invoke(StandardEngineValve.java:109)
	at org.apache.catalina.connector.CoyoteAdapter.service(CoyoteAdapter.java:286)
	at org.apache.coyote.http11.Http11Processor.process(Http11Processor.java:844)
	at org.apache.coyote.http11.Http11Protocol$Http11ConnectionHandler.process(Http11Protocol.java:583)
	at org.apache.tomcat.util.net.JIoEndpoint$Worker.run(JIoEndpoint.java:447)
	at java.lang.Thread.run(Thread.java:619)
Jul 22, 2009 2:39:29 PM org.apache.catalina.core.StandardWrapperValve invoke
SEVERE: Servlet.service() for servlet jsp threw exception
java.lang.NullPointerException
	at org.apache.jsp.user.updatethongtincanhanfrm_jsp._jspService(updatethongtincanhanfrm_jsp.java:661)
	at org.apache.jasper.runtime.HttpJspBase.service(HttpJspBase.java:70)
	at javax.servlet.http.HttpServlet.service(HttpServlet.java:803)
	at org.apache.jasper.servlet.JspServletWrapper.service(JspServletWrapper.java:374)
	at org.apache.jasper.servlet.JspServlet.serviceJspFile(JspServlet.java:337)
	at org.apache.jasper.servlet.JspServlet.service(JspServlet.java:266)
	at javax.servlet.http.HttpServlet.service(HttpServlet.java:803)
	at org.apache.catalina.core.ApplicationFilterChain.internalDoFilter(ApplicationFilterChain.java:290)
	at org.apache.catalina.core.ApplicationFilterChain.doFilter(ApplicationFilterChain.java:206)
	at org.apache.catalina.core.StandardWrapperValve.invoke(StandardWrapperValve.java:233)
	at org.apache.catalina.core.StandardContextValve.invoke(StandardContextValve.java:175)
	at org.apache.catalina.core.StandardHostValve.invoke(StandardHostValve.java:128)
	at org.apache.catalina.valves.ErrorReportValve.invoke(ErrorReportValve.java:102)
	at org.apache.catalina.core.StandardEngineValve.invoke(StandardEngineValve.java:109)
	at org.apache.catalina.connector.CoyoteAdapter.service(CoyoteAdapter.java:286)
	at org.apache.coyote.http11.Http11Processor.process(Http11Processor.java:844)
	at org.apache.coyote.http11.Http11Protocol$Http11ConnectionHandler.process(Http11Protocol.java:583)
	at org.apache.tomcat.util.net.JIoEndpoint$Worker.run(JIoEndpoint.java:447)
	at java.lang.Thread.run(Thread.java:619)
Jul 22, 2009 2:44:02 PM org.apache.catalina.core.StandardWrapperValve invoke
SEVERE: Servlet.service() for servlet jsp threw exception
java.lang.NullPointerException
	at org.apache.jsp.user.updatethongtincanhanfrm_jsp._jspService(updatethongtincanhanfrm_jsp.java:661)
	at org.apache.jasper.runtime.HttpJspBase.service(HttpJspBase.java:70)
	at javax.servlet.http.HttpServlet.service(HttpServlet.java:803)
	at org.apache.jasper.servlet.JspServletWrapper.service(JspServletWrapper.java:374)
	at org.apache.jasper.servlet.JspServlet.serviceJspFile(JspServlet.java:337)
	at org.apache.jasper.servlet.JspServlet.service(JspServlet.java:266)
	at javax.servlet.http.HttpServlet.service(HttpServlet.java:803)
	at org.apache.catalina.core.ApplicationFilterChain.internalDoFilter(ApplicationFilterChain.java:290)
	at org.apache.catalina.core.ApplicationFilterChain.doFilter(ApplicationFilterChain.java:206)
	at org.apache.catalina.core.StandardWrapperValve.invoke(StandardWrapperValve.java:233)
	at org.apache.catalina.core.StandardContextValve.invoke(StandardContextValve.java:175)
	at org.apache.catalina.core.StandardHostValve.invoke(StandardHostValve.java:128)
	at org.apache.catalina.valves.ErrorReportValve.invoke(ErrorReportValve.java:102)
	at org.apache.catalina.core.StandardEngineValve.invoke(StandardEngineValve.java:109)
	at org.apache.catalina.connector.CoyoteAdapter.service(CoyoteAdapter.java:286)
	at org.apache.coyote.http11.Http11Processor.process(Http11Processor.java:844)
	at org.apache.coyote.http11.Http11Protocol$Http11ConnectionHandler.process(Http11Protocol.java:583)
	at org.apache.tomcat.util.net.JIoEndpoint$Worker.run(JIoEndpoint.java:447)
	at java.lang.Thread.run(Thread.java:619)
Jul 22, 2009 2:50:01 PM org.apache.catalina.core.StandardWrapperValve invoke
SEVERE: Servlet.service() for servlet jsp threw exception
java.lang.NullPointerException
	at org.apache.jsp.user.updatethongtincanhanfrm_jsp._jspService(updatethongtincanhanfrm_jsp.java:661)
	at org.apache.jasper.runtime.HttpJspBase.service(HttpJspBase.java:70)
	at javax.servlet.http.HttpServlet.service(HttpServlet.java:803)
	at org.apache.jasper.servlet.JspServletWrapper.service(JspServletWrapper.java:374)
	at org.apache.jasper.servlet.JspServlet.serviceJspFile(JspServlet.java:337)
	at org.apache.jasper.servlet.JspServlet.service(JspServlet.java:266)
	at javax.servlet.http.HttpServlet.service(HttpServlet.java:803)
	at org.apache.catalina.core.ApplicationFilterChain.internalDoFilter(ApplicationFilterChain.java:290)
	at org.apache.catalina.core.ApplicationFilterChain.doFilter(ApplicationFilterChain.java:206)
	at org.apache.catalina.core.StandardWrapperValve.invoke(StandardWrapperValve.java:233)
	at org.apache.catalina.core.StandardContextValve.invoke(StandardContextValve.java:175)
	at org.apache.catalina.core.StandardHostValve.invoke(StandardHostValve.java:128)
	at org.apache.catalina.valves.ErrorReportValve.invoke(ErrorReportValve.java:102)
	at org.apache.catalina.core.StandardEngineValve.invoke(StandardEngineValve.java:109)
	at org.apache.catalina.connector.CoyoteAdapter.service(CoyoteAdapter.java:286)
	at org.apache.coyote.http11.Http11Processor.process(Http11Processor.java:844)
	at org.apache.coyote.http11.Http11Protocol$Http11ConnectionHandler.process(Http11Protocol.java:583)
	at org.apache.tomcat.util.net.JIoEndpoint$Worker.run(JIoEndpoint.java:447)
	at java.lang.Thread.run(Thread.java:619)
