DefaultInit: init
Logging directory is: D:\server\webapps\ROOT\WEB-INF\log
ConfigManager: Done reading XML config - no errors or warnings
Loading Messagebundle: com/jcorporate/expresso/core
2009-11-30 14:39:58,328 WARN  [Thread-1] misc.ConfigManager (ConfigManager.java:836) - Job handler for configuration 'default' not enabled (because of the setting in expresso-config.xml).
initRequestProcessorClass(org.apache.struts.config.impl.ModuleConfigImpl@7eb6e2)
KKKKK
Loading Messagebundle: com.jcorporate.expresso.core.ExpressoSchema
2009-11-30 14:40:11,062 WARN  [http-8080-2] i18n.Messages (Messages.java:425) - No such key 'No Title' in bundle for schemas: '[com.jcorporate.expresso.core.ExpressoSchema]'
2009
2009
KKKKK
2009-11-30 14:40:39,562 WARN  [http-8080-2] i18n.Messages (Messages.java:425) - No such key 'No Title' in bundle for schemas: '[com.jcorporate.expresso.core.ExpressoSchema]'
DefaultInit: init
Logging directory is: D:\server\webapps\ROOT\WEB-INF\log
ConfigManager: Done reading XML config - no errors or warnings
Loading Messagebundle: com/jcorporate/expresso/core
2009-11-30 14:42:29,218 WARN  [Thread-1] misc.ConfigManager (ConfigManager.java:836) - Job handler for configuration 'default' not enabled (because of the setting in expresso-config.xml).
initRequestProcessorClass(org.apache.struts.config.impl.ModuleConfigImpl@14d5bc9)
KKKKK
Loading Messagebundle: com.jcorporate.expresso.core.ExpressoSchema
2009-11-30 14:42:40,312 WARN  [http-8080-1] i18n.Messages (Messages.java:425) - No such key 'No Title' in bundle for schemas: '[com.jcorporate.expresso.core.ExpressoSchema]'
DefaultInit: init
Bad name for installation path: Reinstall in directory without a space in name.
Logging directory is: D:\THAOLB\DU AN\HRM\hrm-web\Setup_web\server\webapps\ROOT\WEB-INF\log
ConfigManager: Done reading XML config - no errors or warnings
Loading Messagebundle: com/jcorporate/expresso/core
2009-11-30 15:02:28,765 WARN  [Thread-1] misc.ConfigManager (ConfigManager.java:836) - Job handler for configuration 'default' not enabled (because of the setting in expresso-config.xml).
initRequestProcessorClass(org.apache.struts.config.impl.ModuleConfigImpl@1b6235b)
KKKKK
Loading Messagebundle: com.jcorporate.expresso.core.ExpressoSchema
2009-11-30 15:23:25,468 WARN  [http-8080-1] i18n.Messages (Messages.java:425) - No such key 'No Title' in bundle for schemas: '[com.jcorporate.expresso.core.ExpressoSchema]'
KKKKK
2009-11-30 15:23:27,468 WARN  [http-8080-2] i18n.Messages (Messages.java:425) - No such key 'No Title' in bundle for schemas: '[com.jcorporate.expresso.core.ExpressoSchema]'
KKKKK
2009-11-30 15:23:31,312 WARN  [http-8080-3] i18n.Messages (Messages.java:425) - No such key 'No Title' in bundle for schemas: '[com.jcorporate.expresso.core.ExpressoSchema]'
2009
KKKKK
2009-11-30 15:25:58,031 WARN  [http-8080-3] i18n.Messages (Messages.java:425) - No such key 'No Title' in bundle for schemas: '[com.jcorporate.expresso.core.ExpressoSchema]'
org.firebirdsql.jdbc.FBSQLException: Invalid column index.
	at org.firebirdsql.jdbc.AbstractResultSet.getField(AbstractResultSet.java:624)
	at org.firebirdsql.jdbc.AbstractResultSet.getField(AbstractResultSet.java:599)
	at org.firebirdsql.jdbc.AbstractResultSet.getString(AbstractResultSet.java:547)
	at org.apache.jsp.user.phepnamfrm_jsp._jspService(phepnamfrm_jsp.java:935)
	at org.apache.jasper.runtime.HttpJspBase.service(HttpJspBase.java:70)
	at javax.servlet.http.HttpServlet.service(HttpServlet.java:803)
	at org.apache.jasper.servlet.JspServletWrapper.service(JspServletWrapper.java:374)
	at org.apache.jasper.servlet.JspServlet.serviceJspFile(JspServlet.java:337)
	at org.apache.jasper.servlet.JspServlet.service(JspServlet.java:266)
	at javax.servlet.http.HttpServlet.service(HttpServlet.java:803)
	at org.apache.catalina.core.ApplicationFilterChain.internalDoFilter(ApplicationFilterChain.java:290)
	at org.apache.catalina.core.ApplicationFilterChain.doFilter(ApplicationFilterChain.java:206)
	at org.apache.catalina.core.StandardWrapperValve.invoke(StandardWrapperValve.java:233)
	at org.apache.catalina.core.StandardContextValve.invoke(StandardContextValve.java:175)
	at org.apache.catalina.core.StandardHostValve.invoke(StandardHostValve.java:128)
	at org.apache.catalina.valves.ErrorReportValve.invoke(ErrorReportValve.java:102)
	at org.apache.catalina.core.StandardEngineValve.invoke(StandardEngineValve.java:109)
	at org.apache.catalina.connector.CoyoteAdapter.service(CoyoteAdapter.java:286)
	at org.apache.coyote.http11.Http11Processor.process(Http11Processor.java:844)
	at org.apache.coyote.http11.Http11Protocol$Http11ConnectionHandler.process(Http11Protocol.java:583)
	at org.apache.tomcat.util.net.JIoEndpoint$Worker.run(JIoEndpoint.java:447)
	at java.lang.Thread.run(Thread.java:619)
org.firebirdsql.jdbc.FBSQLException: Invalid column index.
	at org.firebirdsql.jdbc.AbstractResultSet.getField(AbstractResultSet.java:624)
	at org.firebirdsql.jdbc.AbstractResultSet.getField(AbstractResultSet.java:599)
	at org.firebirdsql.jdbc.AbstractResultSet.getString(AbstractResultSet.java:547)
	at org.apache.jsp.user.phepnamfrm_jsp._jspService(phepnamfrm_jsp.java:935)
	at org.apache.jasper.runtime.HttpJspBase.service(HttpJspBase.java:70)
	at javax.servlet.http.HttpServlet.service(HttpServlet.java:803)
	at org.apache.jasper.servlet.JspServletWrapper.service(JspServletWrapper.java:374)
	at org.apache.jasper.servlet.JspServlet.serviceJspFile(JspServlet.java:337)
	at org.apache.jasper.servlet.JspServlet.service(JspServlet.java:266)
	at javax.servlet.http.HttpServlet.service(HttpServlet.java:803)
	at org.apache.catalina.core.ApplicationFilterChain.internalDoFilter(ApplicationFilterChain.java:290)
	at org.apache.catalina.core.ApplicationFilterChain.doFilter(ApplicationFilterChain.java:206)
	at org.apache.catalina.core.StandardWrapperValve.invoke(StandardWrapperValve.java:233)
	at org.apache.catalina.core.StandardContextValve.invoke(StandardContextValve.java:175)
	at org.apache.catalina.core.StandardHostValve.invoke(StandardHostValve.java:128)
	at org.apache.catalina.valves.ErrorReportValve.invoke(ErrorReportValve.java:102)
	at org.apache.catalina.core.StandardEngineValve.invoke(StandardEngineValve.java:109)
	at org.apache.catalina.connector.CoyoteAdapter.service(CoyoteAdapter.java:286)
	at org.apache.coyote.http11.Http11Processor.process(Http11Processor.java:844)
	at org.apache.coyote.http11.Http11Protocol$Http11ConnectionHandler.process(Http11Protocol.java:583)
	at org.apache.tomcat.util.net.JIoEndpoint$Worker.run(JIoEndpoint.java:447)
	at java.lang.Thread.run(Thread.java:619)
org.firebirdsql.jdbc.FBSQLException: Invalid column index.
	at org.firebirdsql.jdbc.AbstractResultSet.getField(AbstractResultSet.java:624)
	at org.firebirdsql.jdbc.AbstractResultSet.getField(AbstractResultSet.java:599)
	at org.firebirdsql.jdbc.AbstractResultSet.getString(AbstractResultSet.java:547)
	at org.apache.jsp.user.phepnamfrm_jsp._jspService(phepnamfrm_jsp.java:935)
	at org.apache.jasper.runtime.HttpJspBase.service(HttpJspBase.java:70)
	at javax.servlet.http.HttpServlet.service(HttpServlet.java:803)
	at org.apache.jasper.servlet.JspServletWrapper.service(JspServletWrapper.java:374)
	at org.apache.jasper.servlet.JspServlet.serviceJspFile(JspServlet.java:337)
	at org.apache.jasper.servlet.JspServlet.service(JspServlet.java:266)
	at javax.servlet.http.HttpServlet.service(HttpServlet.java:803)
	at org.apache.catalina.core.ApplicationFilterChain.internalDoFilter(ApplicationFilterChain.java:290)
	at org.apache.catalina.core.ApplicationFilterChain.doFilter(ApplicationFilterChain.java:206)
	at org.apache.catalina.core.StandardWrapperValve.invoke(StandardWrapperValve.java:233)
	at org.apache.catalina.core.StandardContextValve.invoke(StandardContextValve.java:175)
	at org.apache.catalina.core.StandardHostValve.invoke(StandardHostValve.java:128)
	at org.apache.catalina.valves.ErrorReportValve.invoke(ErrorReportValve.java:102)
	at org.apache.catalina.core.StandardEngineValve.invoke(StandardEngineValve.java:109)
	at org.apache.catalina.connector.CoyoteAdapter.service(CoyoteAdapter.java:286)
	at org.apache.coyote.http11.Http11Processor.process(Http11Processor.java:844)
	at org.apache.coyote.http11.Http11Protocol$Http11ConnectionHandler.process(Http11Protocol.java:583)
	at org.apache.tomcat.util.net.JIoEndpoint$Worker.run(JIoEndpoint.java:447)
	at java.lang.Thread.run(Thread.java:619)
org.firebirdsql.jdbc.FBSQLException: Invalid column index.
	at org.firebirdsql.jdbc.AbstractResultSet.getField(AbstractResultSet.java:624)
	at org.firebirdsql.jdbc.AbstractResultSet.getField(AbstractResultSet.java:599)
	at org.firebirdsql.jdbc.AbstractResultSet.getString(AbstractResultSet.java:547)
	at org.apache.jsp.user.phepnamfrm_jsp._jspService(phepnamfrm_jsp.java:935)
	at org.apache.jasper.runtime.HttpJspBase.service(HttpJspBase.java:70)
	at javax.servlet.http.HttpServlet.service(HttpServlet.java:803)
	at org.apache.jasper.servlet.JspServletWrapper.service(JspServletWrapper.java:374)
	at org.apache.jasper.servlet.JspServlet.serviceJspFile(JspServlet.java:337)
	at org.apache.jasper.servlet.JspServlet.service(JspServlet.java:266)
	at javax.servlet.http.HttpServlet.service(HttpServlet.java:803)
	at org.apache.catalina.core.ApplicationFilterChain.internalDoFilter(ApplicationFilterChain.java:290)
	at org.apache.catalina.core.ApplicationFilterChain.doFilter(ApplicationFilterChain.java:206)
	at org.apache.catalina.core.StandardWrapperValve.invoke(StandardWrapperValve.java:233)
	at org.apache.catalina.core.StandardContextValve.invoke(StandardContextValve.java:175)
	at org.apache.catalina.core.StandardHostValve.invoke(StandardHostValve.java:128)
	at org.apache.catalina.valves.ErrorReportValve.invoke(ErrorReportValve.java:102)
	at org.apache.catalina.core.StandardEngineValve.invoke(StandardEngineValve.java:109)
	at org.apache.catalina.connector.CoyoteAdapter.service(CoyoteAdapter.java:286)
	at org.apache.coyote.http11.Http11Processor.process(Http11Processor.java:844)
	at org.apache.coyote.http11.Http11Protocol$Http11ConnectionHandler.process(Http11Protocol.java:583)
	at org.apache.tomcat.util.net.JIoEndpoint$Worker.run(JIoEndpoint.java:447)
	at java.lang.Thread.run(Thread.java:619)
2009
2009
2009
2009
KKKKK
2009-11-30 15:29:23,015 WARN  [http-8080-1] i18n.Messages (Messages.java:425) - No such key 'No Title' in bundle for schemas: '[com.jcorporate.expresso.core.ExpressoSchema]'
2009
DefaultInit: init
Bad name for installation path: Reinstall in directory without a space in name.
Logging directory is: D:\THAOLB\DU AN\HRM\hrm-web\Setup_web\server\webapps\ROOT\WEB-INF\log
ConfigManager: Done reading XML config - no errors or warnings
Loading Messagebundle: com/jcorporate/expresso/core
2009-11-30 15:30:21,312 WARN  [Thread-1] misc.ConfigManager (ConfigManager.java:836) - Job handler for configuration 'default' not enabled (because of the setting in expresso-config.xml).
initRequestProcessorClass(org.apache.struts.config.impl.ModuleConfigImpl@b9b8d0)
2009
org.firebirdsql.jdbc.FBSQLException: Invalid column index.
	at org.firebirdsql.jdbc.AbstractResultSet.getField(AbstractResultSet.java:624)
	at org.firebirdsql.jdbc.AbstractResultSet.getField(AbstractResultSet.java:599)
	at org.firebirdsql.jdbc.AbstractResultSet.getString(AbstractResultSet.java:547)
	at org.apache.jsp.user.phepnamfrm_jsp._jspService(phepnamfrm_jsp.java:935)
	at org.apache.jasper.runtime.HttpJspBase.service(HttpJspBase.java:70)
	at javax.servlet.http.HttpServlet.service(HttpServlet.java:803)
	at org.apache.jasper.servlet.JspServletWrapper.service(JspServletWrapper.java:374)
	at org.apache.jasper.servlet.JspServlet.serviceJspFile(JspServlet.java:337)
	at org.apache.jasper.servlet.JspServlet.service(JspServlet.java:266)
	at javax.servlet.http.HttpServlet.service(HttpServlet.java:803)
	at org.apache.catalina.core.ApplicationFilterChain.internalDoFilter(ApplicationFilterChain.java:290)
	at org.apache.catalina.core.ApplicationFilterChain.doFilter(ApplicationFilterChain.java:206)
	at org.apache.catalina.core.StandardWrapperValve.invoke(StandardWrapperValve.java:233)
	at org.apache.catalina.core.StandardContextValve.invoke(StandardContextValve.java:175)
	at org.apache.catalina.core.StandardHostValve.invoke(StandardHostValve.java:128)
	at org.apache.catalina.valves.ErrorReportValve.invoke(ErrorReportValve.java:102)
	at org.apache.catalina.core.StandardEngineValve.invoke(StandardEngineValve.java:109)
	at org.apache.catalina.connector.CoyoteAdapter.service(CoyoteAdapter.java:286)
	at org.apache.coyote.http11.Http11Processor.process(Http11Processor.java:844)
	at org.apache.coyote.http11.Http11Protocol$Http11ConnectionHandler.process(Http11Protocol.java:583)
	at org.apache.tomcat.util.net.JIoEndpoint$Worker.run(JIoEndpoint.java:447)
	at java.lang.Thread.run(Thread.java:619)
KKKKK
Loading Messagebundle: com.jcorporate.expresso.core.ExpressoSchema
2009-11-30 15:31:04,500 WARN  [http-8080-2] i18n.Messages (Messages.java:425) - No such key 'No Title' in bundle for schemas: '[com.jcorporate.expresso.core.ExpressoSchema]'
KKKKK
2009-11-30 15:31:22,921 WARN  [http-8080-2] i18n.Messages (Messages.java:425) - No such key 'No Title' in bundle for schemas: '[com.jcorporate.expresso.core.ExpressoSchema]'
org.firebirdsql.jdbc.FBSQLException: Invalid column index.
	at org.firebirdsql.jdbc.AbstractResultSet.getField(AbstractResultSet.java:624)
	at org.firebirdsql.jdbc.AbstractResultSet.getField(AbstractResultSet.java:599)
	at org.firebirdsql.jdbc.AbstractResultSet.getString(AbstractResultSet.java:547)
	at org.apache.jsp.user.phepnamfrm_jsp._jspService(phepnamfrm_jsp.java:935)
	at org.apache.jasper.runtime.HttpJspBase.service(HttpJspBase.java:70)
	at javax.servlet.http.HttpServlet.service(HttpServlet.java:803)
	at org.apache.jasper.servlet.JspServletWrapper.service(JspServletWrapper.java:374)
	at org.apache.jasper.servlet.JspServlet.serviceJspFile(JspServlet.java:337)
	at org.apache.jasper.servlet.JspServlet.service(JspServlet.java:266)
	at javax.servlet.http.HttpServlet.service(HttpServlet.java:803)
	at org.apache.catalina.core.ApplicationFilterChain.internalDoFilter(ApplicationFilterChain.java:290)
	at org.apache.catalina.core.ApplicationFilterChain.doFilter(ApplicationFilterChain.java:206)
	at org.apache.catalina.core.StandardWrapperValve.invoke(StandardWrapperValve.java:233)
	at org.apache.catalina.core.StandardContextValve.invoke(StandardContextValve.java:175)
	at org.apache.catalina.core.StandardHostValve.invoke(StandardHostValve.java:128)
	at org.apache.catalina.valves.ErrorReportValve.invoke(ErrorReportValve.java:102)
	at org.apache.catalina.core.StandardEngineValve.invoke(StandardEngineValve.java:109)
	at org.apache.catalina.connector.CoyoteAdapter.service(CoyoteAdapter.java:286)
	at org.apache.coyote.http11.Http11Processor.process(Http11Processor.java:844)
	at org.apache.coyote.http11.Http11Protocol$Http11ConnectionHandler.process(Http11Protocol.java:583)
	at org.apache.tomcat.util.net.JIoEndpoint$Worker.run(JIoEndpoint.java:447)
	at java.lang.Thread.run(Thread.java:619)
KKKKK
2009-11-30 15:35:48,109 WARN  [http-8080-2] i18n.Messages (Messages.java:425) - No such key 'No Title' in bundle for schemas: '[com.jcorporate.expresso.core.ExpressoSchema]'
KKKKK
2009-11-30 15:36:06,796 WARN  [http-8080-2] i18n.Messages (Messages.java:425) - No such key 'No Title' in bundle for schemas: '[com.jcorporate.expresso.core.ExpressoSchema]'
org.firebirdsql.jdbc.FBSQLException: Invalid column index.
	at org.firebirdsql.jdbc.AbstractResultSet.getField(AbstractResultSet.java:624)
	at org.firebirdsql.jdbc.AbstractResultSet.getField(AbstractResultSet.java:599)
	at org.firebirdsql.jdbc.AbstractResultSet.getString(AbstractResultSet.java:547)
	at org.apache.jsp.user.phepnamfrm_jsp._jspService(phepnamfrm_jsp.java:935)
	at org.apache.jasper.runtime.HttpJspBase.service(HttpJspBase.java:70)
	at javax.servlet.http.HttpServlet.service(HttpServlet.java:803)
	at org.apache.jasper.servlet.JspServletWrapper.service(JspServletWrapper.java:374)
	at org.apache.jasper.servlet.JspServlet.serviceJspFile(JspServlet.java:337)
	at org.apache.jasper.servlet.JspServlet.service(JspServlet.java:266)
	at javax.servlet.http.HttpServlet.service(HttpServlet.java:803)
	at org.apache.catalina.core.ApplicationFilterChain.internalDoFilter(ApplicationFilterChain.java:290)
	at org.apache.catalina.core.ApplicationFilterChain.doFilter(ApplicationFilterChain.java:206)
	at org.apache.catalina.core.StandardWrapperValve.invoke(StandardWrapperValve.java:233)
	at org.apache.catalina.core.StandardContextValve.invoke(StandardContextValve.java:175)
	at org.apache.catalina.core.StandardHostValve.invoke(StandardHostValve.java:128)
	at org.apache.catalina.valves.ErrorReportValve.invoke(ErrorReportValve.java:102)
	at org.apache.catalina.core.StandardEngineValve.invoke(StandardEngineValve.java:109)
	at org.apache.catalina.connector.CoyoteAdapter.service(CoyoteAdapter.java:286)
	at org.apache.coyote.http11.Http11Processor.process(Http11Processor.java:844)
	at org.apache.coyote.http11.Http11Protocol$Http11ConnectionHandler.process(Http11Protocol.java:583)
	at org.apache.tomcat.util.net.JIoEndpoint$Worker.run(JIoEndpoint.java:447)
	at java.lang.Thread.run(Thread.java:619)
org.firebirdsql.jdbc.FBSQLException: Invalid column index.
	at org.firebirdsql.jdbc.AbstractResultSet.getField(AbstractResultSet.java:624)
	at org.firebirdsql.jdbc.AbstractResultSet.getField(AbstractResultSet.java:599)
	at org.firebirdsql.jdbc.AbstractResultSet.getString(AbstractResultSet.java:547)
	at org.apache.jsp.user.phepnamfrm_jsp._jspService(phepnamfrm_jsp.java:935)
	at org.apache.jasper.runtime.HttpJspBase.service(HttpJspBase.java:70)
	at javax.servlet.http.HttpServlet.service(HttpServlet.java:803)
	at org.apache.jasper.servlet.JspServletWrapper.service(JspServletWrapper.java:374)
	at org.apache.jasper.servlet.JspServlet.serviceJspFile(JspServlet.java:337)
	at org.apache.jasper.servlet.JspServlet.service(JspServlet.java:266)
	at javax.servlet.http.HttpServlet.service(HttpServlet.java:803)
	at org.apache.catalina.core.ApplicationFilterChain.internalDoFilter(ApplicationFilterChain.java:290)
	at org.apache.catalina.core.ApplicationFilterChain.doFilter(ApplicationFilterChain.java:206)
	at org.apache.catalina.core.StandardWrapperValve.invoke(StandardWrapperValve.java:233)
	at org.apache.catalina.core.StandardContextValve.invoke(StandardContextValve.java:175)
	at org.apache.catalina.core.StandardHostValve.invoke(StandardHostValve.java:128)
	at org.apache.catalina.valves.ErrorReportValve.invoke(ErrorReportValve.java:102)
	at org.apache.catalina.core.StandardEngineValve.invoke(StandardEngineValve.java:109)
	at org.apache.catalina.connector.CoyoteAdapter.service(CoyoteAdapter.java:286)
	at org.apache.coyote.http11.Http11Processor.process(Http11Processor.java:844)
	at org.apache.coyote.http11.Http11Protocol$Http11ConnectionHandler.process(Http11Protocol.java:583)
	at org.apache.tomcat.util.net.JIoEndpoint$Worker.run(JIoEndpoint.java:447)
	at java.lang.Thread.run(Thread.java:619)
KKKKK
2009-11-30 15:40:06,046 WARN  [http-8080-1] i18n.Messages (Messages.java:425) - No such key 'No Title' in bundle for schemas: '[com.jcorporate.expresso.core.ExpressoSchema]'
2009
2009
org.firebirdsql.jdbc.FBSQLException: Invalid column index.
	at org.firebirdsql.jdbc.AbstractResultSet.getField(AbstractResultSet.java:624)
	at org.firebirdsql.jdbc.AbstractResultSet.getField(AbstractResultSet.java:599)
	at org.firebirdsql.jdbc.AbstractResultSet.getString(AbstractResultSet.java:547)
	at org.apache.jsp.user.phepnamfrm_jsp._jspService(phepnamfrm_jsp.java:935)
	at org.apache.jasper.runtime.HttpJspBase.service(HttpJspBase.java:70)
	at javax.servlet.http.HttpServlet.service(HttpServlet.java:803)
	at org.apache.jasper.servlet.JspServletWrapper.service(JspServletWrapper.java:374)
	at org.apache.jasper.servlet.JspServlet.serviceJspFile(JspServlet.java:337)
	at org.apache.jasper.servlet.JspServlet.service(JspServlet.java:266)
	at javax.servlet.http.HttpServlet.service(HttpServlet.java:803)
	at org.apache.catalina.core.ApplicationFilterChain.internalDoFilter(ApplicationFilterChain.java:290)
	at org.apache.catalina.core.ApplicationFilterChain.doFilter(ApplicationFilterChain.java:206)
	at org.apache.catalina.core.StandardWrapperValve.invoke(StandardWrapperValve.java:233)
	at org.apache.catalina.core.StandardContextValve.invoke(StandardContextValve.java:175)
	at org.apache.catalina.core.StandardHostValve.invoke(StandardHostValve.java:128)
	at org.apache.catalina.valves.ErrorReportValve.invoke(ErrorReportValve.java:102)
	at org.apache.catalina.core.StandardEngineValve.invoke(StandardEngineValve.java:109)
	at org.apache.catalina.connector.CoyoteAdapter.service(CoyoteAdapter.java:286)
	at org.apache.coyote.http11.Http11Processor.process(Http11Processor.java:844)
	at org.apache.coyote.http11.Http11Protocol$Http11ConnectionHandler.process(Http11Protocol.java:583)
	at org.apache.tomcat.util.net.JIoEndpoint$Worker.run(JIoEndpoint.java:447)
	at java.lang.Thread.run(Thread.java:619)
org.firebirdsql.jdbc.FBSQLException: Invalid column index.
	at org.firebirdsql.jdbc.AbstractResultSet.getField(AbstractResultSet.java:624)
	at org.firebirdsql.jdbc.AbstractResultSet.getField(AbstractResultSet.java:599)
	at org.firebirdsql.jdbc.AbstractResultSet.getString(AbstractResultSet.java:547)
	at org.apache.jsp.user.phepnamfrm_jsp._jspService(phepnamfrm_jsp.java:935)
	at org.apache.jasper.runtime.HttpJspBase.service(HttpJspBase.java:70)
	at javax.servlet.http.HttpServlet.service(HttpServlet.java:803)
	at org.apache.jasper.servlet.JspServletWrapper.service(JspServletWrapper.java:374)
	at org.apache.jasper.servlet.JspServlet.serviceJspFile(JspServlet.java:337)
	at org.apache.jasper.servlet.JspServlet.service(JspServlet.java:266)
	at javax.servlet.http.HttpServlet.service(HttpServlet.java:803)
	at org.apache.catalina.core.ApplicationFilterChain.internalDoFilter(ApplicationFilterChain.java:290)
	at org.apache.catalina.core.ApplicationFilterChain.doFilter(ApplicationFilterChain.java:206)
	at org.apache.catalina.core.StandardWrapperValve.invoke(StandardWrapperValve.java:233)
	at org.apache.catalina.core.StandardContextValve.invoke(StandardContextValve.java:175)
	at org.apache.catalina.core.StandardHostValve.invoke(StandardHostValve.java:128)
	at org.apache.catalina.valves.ErrorReportValve.invoke(ErrorReportValve.java:102)
	at org.apache.catalina.core.StandardEngineValve.invoke(StandardEngineValve.java:109)
	at org.apache.catalina.connector.CoyoteAdapter.service(CoyoteAdapter.java:286)
	at org.apache.coyote.http11.Http11Processor.process(Http11Processor.java:844)
	at org.apache.coyote.http11.Http11Protocol$Http11ConnectionHandler.process(Http11Protocol.java:583)
	at org.apache.tomcat.util.net.JIoEndpoint$Worker.run(JIoEndpoint.java:447)
	at java.lang.Thread.run(Thread.java:619)
org.firebirdsql.jdbc.FBSQLException: Invalid column index.
	at org.firebirdsql.jdbc.AbstractResultSet.getField(AbstractResultSet.java:624)
	at org.firebirdsql.jdbc.AbstractResultSet.getField(AbstractResultSet.java:599)
	at org.firebirdsql.jdbc.AbstractResultSet.getString(AbstractResultSet.java:547)
	at org.apache.jsp.user.phepnamfrm_jsp._jspService(phepnamfrm_jsp.java:935)
	at org.apache.jasper.runtime.HttpJspBase.service(HttpJspBase.java:70)
	at javax.servlet.http.HttpServlet.service(HttpServlet.java:803)
	at org.apache.jasper.servlet.JspServletWrapper.service(JspServletWrapper.java:374)
	at org.apache.jasper.servlet.JspServlet.serviceJspFile(JspServlet.java:337)
	at org.apache.jasper.servlet.JspServlet.service(JspServlet.java:266)
	at javax.servlet.http.HttpServlet.service(HttpServlet.java:803)
	at org.apache.catalina.core.ApplicationFilterChain.internalDoFilter(ApplicationFilterChain.java:290)
	at org.apache.catalina.core.ApplicationFilterChain.doFilter(ApplicationFilterChain.java:206)
	at org.apache.catalina.core.StandardWrapperValve.invoke(StandardWrapperValve.java:233)
	at org.apache.catalina.core.StandardContextValve.invoke(StandardContextValve.java:175)
	at org.apache.catalina.core.StandardHostValve.invoke(StandardHostValve.java:128)
	at org.apache.catalina.valves.ErrorReportValve.invoke(ErrorReportValve.java:102)
	at org.apache.catalina.core.StandardEngineValve.invoke(StandardEngineValve.java:109)
	at org.apache.catalina.connector.CoyoteAdapter.service(CoyoteAdapter.java:286)
	at org.apache.coyote.http11.Http11Processor.process(Http11Processor.java:844)
	at org.apache.coyote.http11.Http11Protocol$Http11ConnectionHandler.process(Http11Protocol.java:583)
	at org.apache.tomcat.util.net.JIoEndpoint$Worker.run(JIoEndpoint.java:447)
	at java.lang.Thread.run(Thread.java:619)
KKKKK
2009-11-30 15:51:56,171 WARN  [http-8080-2] i18n.Messages (Messages.java:425) - No such key 'No Title' in bundle for schemas: '[com.jcorporate.expresso.core.ExpressoSchema]'
org.firebirdsql.jdbc.FBSQLException: Invalid column index.
	at org.firebirdsql.jdbc.AbstractResultSet.getField(AbstractResultSet.java:624)
	at org.firebirdsql.jdbc.AbstractResultSet.getField(AbstractResultSet.java:599)
	at org.firebirdsql.jdbc.AbstractResultSet.getString(AbstractResultSet.java:547)
	at org.apache.jsp.user.phepnamfrm_jsp._jspService(phepnamfrm_jsp.java:935)
	at org.apache.jasper.runtime.HttpJspBase.service(HttpJspBase.java:70)
	at javax.servlet.http.HttpServlet.service(HttpServlet.java:803)
	at org.apache.jasper.servlet.JspServletWrapper.service(JspServletWrapper.java:374)
	at org.apache.jasper.servlet.JspServlet.serviceJspFile(JspServlet.java:337)
	at org.apache.jasper.servlet.JspServlet.service(JspServlet.java:266)
	at javax.servlet.http.HttpServlet.service(HttpServlet.java:803)
	at org.apache.catalina.core.ApplicationFilterChain.internalDoFilter(ApplicationFilterChain.java:290)
	at org.apache.catalina.core.ApplicationFilterChain.doFilter(ApplicationFilterChain.java:206)
	at org.apache.catalina.core.StandardWrapperValve.invoke(StandardWrapperValve.java:233)
	at org.apache.catalina.core.StandardContextValve.invoke(StandardContextValve.java:175)
	at org.apache.catalina.core.StandardHostValve.invoke(StandardHostValve.java:128)
	at org.apache.catalina.valves.ErrorReportValve.invoke(ErrorReportValve.java:102)
	at org.apache.catalina.core.StandardEngineValve.invoke(StandardEngineValve.java:109)
	at org.apache.catalina.connector.CoyoteAdapter.service(CoyoteAdapter.java:286)
	at org.apache.coyote.http11.Http11Processor.process(Http11Processor.java:844)
	at org.apache.coyote.http11.Http11Protocol$Http11ConnectionHandler.process(Http11Protocol.java:583)
	at org.apache.tomcat.util.net.JIoEndpoint$Worker.run(JIoEndpoint.java:447)
	at java.lang.Thread.run(Thread.java:619)
org.firebirdsql.jdbc.FBSQLException: Invalid column index.
	at org.firebirdsql.jdbc.AbstractResultSet.getField(AbstractResultSet.java:624)
	at org.firebirdsql.jdbc.AbstractResultSet.getField(AbstractResultSet.java:599)
	at org.firebirdsql.jdbc.AbstractResultSet.getString(AbstractResultSet.java:547)
	at org.apache.jsp.user.phepnamfrm_jsp._jspService(phepnamfrm_jsp.java:935)
	at org.apache.jasper.runtime.HttpJspBase.service(HttpJspBase.java:70)
	at javax.servlet.http.HttpServlet.service(HttpServlet.java:803)
	at org.apache.jasper.servlet.JspServletWrapper.service(JspServletWrapper.java:374)
	at org.apache.jasper.servlet.JspServlet.serviceJspFile(JspServlet.java:337)
	at org.apache.jasper.servlet.JspServlet.service(JspServlet.java:266)
	at javax.servlet.http.HttpServlet.service(HttpServlet.java:803)
	at org.apache.catalina.core.ApplicationFilterChain.internalDoFilter(ApplicationFilterChain.java:290)
	at org.apache.catalina.core.ApplicationFilterChain.doFilter(ApplicationFilterChain.java:206)
	at org.apache.catalina.core.StandardWrapperValve.invoke(StandardWrapperValve.java:233)
	at org.apache.catalina.core.StandardContextValve.invoke(StandardContextValve.java:175)
	at org.apache.catalina.core.StandardHostValve.invoke(StandardHostValve.java:128)
	at org.apache.catalina.valves.ErrorReportValve.invoke(ErrorReportValve.java:102)
	at org.apache.catalina.core.StandardEngineValve.invoke(StandardEngineValve.java:109)
	at org.apache.catalina.connector.CoyoteAdapter.service(CoyoteAdapter.java:286)
	at org.apache.coyote.http11.Http11Processor.process(Http11Processor.java:844)
	at org.apache.coyote.http11.Http11Protocol$Http11ConnectionHandler.process(Http11Protocol.java:583)
	at org.apache.tomcat.util.net.JIoEndpoint$Worker.run(JIoEndpoint.java:447)
	at java.lang.Thread.run(Thread.java:619)
org.firebirdsql.jdbc.FBSQLException: Invalid column index.
	at org.firebirdsql.jdbc.AbstractResultSet.getField(AbstractResultSet.java:624)
	at org.firebirdsql.jdbc.AbstractResultSet.getField(AbstractResultSet.java:599)
	at org.firebirdsql.jdbc.AbstractResultSet.getString(AbstractResultSet.java:547)
	at org.apache.jsp.user.phepnamfrm_jsp._jspService(phepnamfrm_jsp.java:935)
	at org.apache.jasper.runtime.HttpJspBase.service(HttpJspBase.java:70)
	at javax.servlet.http.HttpServlet.service(HttpServlet.java:803)
	at org.apache.jasper.servlet.JspServletWrapper.service(JspServletWrapper.java:374)
	at org.apache.jasper.servlet.JspServlet.serviceJspFile(JspServlet.java:337)
	at org.apache.jasper.servlet.JspServlet.service(JspServlet.java:266)
	at javax.servlet.http.HttpServlet.service(HttpServlet.java:803)
	at org.apache.catalina.core.ApplicationFilterChain.internalDoFilter(ApplicationFilterChain.java:290)
	at org.apache.catalina.core.ApplicationFilterChain.doFilter(ApplicationFilterChain.java:206)
	at org.apache.catalina.core.StandardWrapperValve.invoke(StandardWrapperValve.java:233)
	at org.apache.catalina.core.StandardContextValve.invoke(StandardContextValve.java:175)
	at org.apache.catalina.core.StandardHostValve.invoke(StandardHostValve.java:128)
	at org.apache.catalina.valves.ErrorReportValve.invoke(ErrorReportValve.java:102)
	at org.apache.catalina.core.StandardEngineValve.invoke(StandardEngineValve.java:109)
	at org.apache.catalina.connector.CoyoteAdapter.service(CoyoteAdapter.java:286)
	at org.apache.coyote.http11.Http11Processor.process(Http11Processor.java:844)
	at org.apache.coyote.http11.Http11Protocol$Http11ConnectionHandler.process(Http11Protocol.java:583)
	at org.apache.tomcat.util.net.JIoEndpoint$Worker.run(JIoEndpoint.java:447)
	at java.lang.Thread.run(Thread.java:619)
2009
2009
2009
2009
2009
2009
2009
java.lang.NullPointerException
	at org.apache.jsp.user.phieuluongfrm_jsp._jspService(phieuluongfrm_jsp.java:812)
	at org.apache.jasper.runtime.HttpJspBase.service(HttpJspBase.java:70)
	at javax.servlet.http.HttpServlet.service(HttpServlet.java:803)
	at org.apache.jasper.servlet.JspServletWrapper.service(JspServletWrapper.java:374)
	at org.apache.jasper.servlet.JspServlet.serviceJspFile(JspServlet.java:337)
	at org.apache.jasper.servlet.JspServlet.service(JspServlet.java:266)
	at javax.servlet.http.HttpServlet.service(HttpServlet.java:803)
	at org.apache.catalina.core.ApplicationFilterChain.internalDoFilter(ApplicationFilterChain.java:290)
	at org.apache.catalina.core.ApplicationFilterChain.doFilter(ApplicationFilterChain.java:206)
	at org.apache.catalina.core.StandardWrapperValve.invoke(StandardWrapperValve.java:233)
	at org.apache.catalina.core.StandardContextValve.invoke(StandardContextValve.java:175)
	at org.apache.catalina.core.StandardHostValve.invoke(StandardHostValve.java:128)
	at org.apache.catalina.valves.ErrorReportValve.invoke(ErrorReportValve.java:102)
	at org.apache.catalina.core.StandardEngineValve.invoke(StandardEngineValve.java:109)
	at org.apache.catalina.connector.CoyoteAdapter.service(CoyoteAdapter.java:286)
	at org.apache.coyote.http11.Http11Processor.process(Http11Processor.java:844)
	at org.apache.coyote.http11.Http11Protocol$Http11ConnectionHandler.process(Http11Protocol.java:583)
	at org.apache.tomcat.util.net.JIoEndpoint$Worker.run(JIoEndpoint.java:447)
	at java.lang.Thread.run(Thread.java:619)
2009
2009
2009
2009
KKKKK
2009-11-30 16:59:43,312 WARN  [http-8080-2] i18n.Messages (Messages.java:425) - No such key 'No Title' in bundle for schemas: '[com.jcorporate.expresso.core.ExpressoSchema]'
KKKKK
2009-11-30 16:59:51,500 WARN  [http-8080-2] i18n.Messages (Messages.java:425) - No such key 'No Title' in bundle for schemas: '[com.jcorporate.expresso.core.ExpressoSchema]'
