DefaultInit: init
Logging directory is: D:\server\webapps\ROOT\WEB-INF\log
ConfigManager: Done reading XML config - no errors or warnings
Loading Messagebundle: com/jcorporate/expresso/core
2009-12-23 13:56:07,390 WARN  [Thread-1] misc.ConfigManager (ConfigManager.java:836) - Job handler for configuration 'default' not enabled (because of the setting in expresso-config.xml).
initRequestProcessorClass(org.apache.struts.config.impl.ModuleConfigImpl@1d33a6b)
KKKKK
Loading Messagebundle: com.jcorporate.expresso.core.ExpressoSchema
2009-12-23 13:57:07,734 WARN  [http-8080-1] i18n.Messages (Messages.java:425) - No such key 'No Title' in bundle for schemas: '[com.jcorporate.expresso.core.ExpressoSchema]'
DefaultInit: init
Logging directory is: E:\SSP_HRM_3.0\Setup_web\server\webapps\ROOT\WEB-INF\log
ConfigManager: Done reading XML config - no errors or warnings
Loading Messagebundle: com/jcorporate/expresso/core
2009-12-23 14:17:12,828 WARN  [Thread-1] misc.ConfigManager (ConfigManager.java:836) - Job handler for configuration 'default' not enabled (because of the setting in expresso-config.xml).
initRequestProcessorClass(org.apache.struts.config.impl.ModuleConfigImpl@1bc1fb9)
KKKKK
Loading Messagebundle: com.jcorporate.expresso.core.ExpressoSchema
2009-12-23 14:17:29,015 WARN  [http-8080-1] i18n.Messages (Messages.java:425) - No such key 'No Title' in bundle for schemas: '[com.jcorporate.expresso.core.ExpressoSchema]'
KKKKK
2009-12-23 14:20:37,218 WARN  [http-8080-5] i18n.Messages (Messages.java:425) - No such key 'No Title' in bundle for schemas: '[com.jcorporate.expresso.core.ExpressoSchema]'
KKKKK
2009-12-23 16:52:04,437 WARN  [http-8080-4] i18n.Messages (Messages.java:425) - No such key 'No Title' in bundle for schemas: '[com.jcorporate.expresso.core.ExpressoSchema]'
login:thuyptp@ssp.com.vn
login:thuyptp@ssp.com.vn
login:thuyptp@ssp.com.vn
login:thuyptp@ssp.com.vn
KKKKK
2009-12-23 16:53:15,750 WARN  [http-8080-5] i18n.Messages (Messages.java:425) - No such key 'No Title' in bundle for schemas: '[com.jcorporate.expresso.core.ExpressoSchema]'
KKKKK
2009-12-23 16:53:55,625 WARN  [http-8080-5] i18n.Messages (Messages.java:425) - No such key 'No Title' in bundle for schemas: '[com.jcorporate.expresso.core.ExpressoSchema]'
KKKKK
2009-12-23 16:54:00,218 WARN  [http-8080-5] i18n.Messages (Messages.java:425) - No such key 'No Title' in bundle for schemas: '[com.jcorporate.expresso.core.ExpressoSchema]'
KKKKK
2009-12-23 16:54:06,968 WARN  [http-8080-5] i18n.Messages (Messages.java:425) - No such key 'No Title' in bundle for schemas: '[com.jcorporate.expresso.core.ExpressoSchema]'
login:thuyptp@ssp.com.vn
login:thuyptp@ssp.com.vn
login:thuyptp@ssp.com.vn
login:thuyptp@ssp.com.vn
