DefaultInit: init
Logging directory is: D:\server\webapps\ROOT\WEB-INF\log
ConfigManager: Done reading XML config - no errors or warnings
Loading Messagebundle: com/jcorporate/expresso/core
2009-11-20 08:40:32,500 WARN  [Thread-1] misc.ConfigManager (ConfigManager.java:836) - Job handler for configuration 'default' not enabled (because of the setting in expresso-config.xml).
initRequestProcessorClass(org.apache.struts.config.impl.ModuleConfigImpl@160877b)
KKKKK
Loading Messagebundle: com.jcorporate.expresso.core.ExpressoSchema
2009-11-20 08:40:45,265 WARN  [http-8080-1] i18n.Messages (Messages.java:425) - No such key 'No Title' in bundle for schemas: '[com.jcorporate.expresso.core.ExpressoSchema]'
DefaultInit: init
Logging directory is: D:\server\webapps\ROOT\WEB-INF\log
ConfigManager: Done reading XML config - no errors or warnings
Loading Messagebundle: com/jcorporate/expresso/core
2009-11-20 09:07:53,250 WARN  [Thread-1] misc.ConfigManager (ConfigManager.java:836) - Job handler for configuration 'default' not enabled (because of the setting in expresso-config.xml).
initRequestProcessorClass(org.apache.struts.config.impl.ModuleConfigImpl@fd918a)
KKKKK
Loading Messagebundle: com.jcorporate.expresso.core.ExpressoSchema
2009-11-20 09:08:01,906 WARN  [http-8080-1] i18n.Messages (Messages.java:425) - No such key 'No Title' in bundle for schemas: '[com.jcorporate.expresso.core.ExpressoSchema]'
DefaultInit: init
Logging directory is: D:\server\webapps\ROOT\WEB-INF\log
ConfigManager: Done reading XML config - no errors or warnings
Loading Messagebundle: com/jcorporate/expresso/core
2009-11-20 09:14:18,750 WARN  [Thread-1] misc.ConfigManager (ConfigManager.java:836) - Job handler for configuration 'default' not enabled (because of the setting in expresso-config.xml).
initRequestProcessorClass(org.apache.struts.config.impl.ModuleConfigImpl@112e7f7)
KKKKK
Loading Messagebundle: com.jcorporate.expresso.core.ExpressoSchema
2009-11-20 09:14:42,625 WARN  [http-8080-2] i18n.Messages (Messages.java:425) - No such key 'No Title' in bundle for schemas: '[com.jcorporate.expresso.core.ExpressoSchema]'
KKKKK
2009-11-20 11:16:26,781 WARN  [http-8080-1] i18n.Messages (Messages.java:425) - No such key 'No Title' in bundle for schemas: '[com.jcorporate.expresso.core.ExpressoSchema]'
KKKKK
2009-11-20 11:18:16,140 WARN  [http-8080-2] i18n.Messages (Messages.java:425) - No such key 'No Title' in bundle for schemas: '[com.jcorporate.expresso.core.ExpressoSchema]'
com.jcorporate.expresso.core.db.DBException: com.jcorporate.expresso.core.db.DBConnection.connect(String, String):Cant get connection to database via driver 'org.firebirdsql.jdbc.FBDriver' and URL 'jdbc:firebirdsql:localhost/3050:D:/CTLan/Project/workspace/Web_HRM/db/Ssp_hrm_db_30_181108.gdb?lc_ctype=UNICODE_FSS' (no description):GDS Exception. 335544721. Unable to complete network request to host "localhost".
Reason: Unable to complete network request to host "localhost".
	at com.jcorporate.expresso.core.db.DBConnection.connect(DBConnection.java:742)
	at com.jcorporate.expresso.core.db.DBConnectionPool.buildNewConnection(DBConnectionPool.java:406)
	at com.jcorporate.expresso.core.db.DBConnectionPool.createNewConnection(DBConnectionPool.java:456)
	at com.jcorporate.expresso.core.db.DBConnectionPool.getConnection(DBConnectionPool.java:1039)
	at com.jcorporate.expresso.core.db.DBConnectionPool.getConnection(DBConnectionPool.java:1154)
	at com.jcorporate.expresso.core.dbobj.DBObject.find(DBObject.java:2340)
	at com.jcorporate.expresso.core.dbobj.SecuredDBObject.find(SecuredDBObject.java:370)
	at com.jcorporate.expresso.services.dbobj.DefaultUserInfo.find(DefaultUserInfo.java:1391)
	at com.jcorporate.expresso.core.security.User.find(User.java:395)
	at com.jcorporate.expresso.core.servlet.CheckLogin.logInAsNone(CheckLogin.java:333)
	at com.jcorporate.expresso.core.servlet.CheckLogin.check(CheckLogin.java:299)
	at com.jcorporate.expresso.core.servlet.CheckLogin.checkLogin(CheckLogin.java:156)
	at com.jcorporate.expresso.core.controller.Controller.execute(Controller.java:1675)
	at org.apache.struts.action.RequestProcessor.processActionPerform(RequestProcessor.java:484)
	at org.apache.struts.action.RequestProcessor.process(RequestProcessor.java:274)
	at org.apache.struts.action.ActionServlet.process(ActionServlet.java:1482)
	at org.apache.struts.action.ActionServlet.doPost(ActionServlet.java:525)
	at javax.servlet.http.HttpServlet.service(HttpServlet.java:710)
	at javax.servlet.http.HttpServlet.service(HttpServlet.java:803)
	at org.apache.catalina.core.ApplicationFilterChain.internalDoFilter(ApplicationFilterChain.java:290)
	at org.apache.catalina.core.ApplicationFilterChain.doFilter(ApplicationFilterChain.java:206)
	at org.apache.catalina.core.StandardWrapperValve.invoke(StandardWrapperValve.java:233)
	at org.apache.catalina.core.StandardContextValve.invoke(StandardContextValve.java:175)
	at org.apache.catalina.core.StandardHostValve.invoke(StandardHostValve.java:128)
	at org.apache.catalina.valves.ErrorReportValve.invoke(ErrorReportValve.java:102)
	at org.apache.catalina.core.StandardEngineValve.invoke(StandardEngineValve.java:109)
	at org.apache.catalina.connector.CoyoteAdapter.service(CoyoteAdapter.java:286)
	at org.apache.coyote.http11.Http11Processor.process(Http11Processor.java:844)
	at org.apache.coyote.http11.Http11Protocol$Http11ConnectionHandler.process(Http11Protocol.java:583)
	at org.apache.tomcat.util.net.JIoEndpoint$Worker.run(JIoEndpoint.java:447)
	at java.lang.Thread.run(Unknown Source)
2009-11-20 11:50:26,218 ERROR [http-8080-2] dbobj.DBObject (DBObject.java:2456) - Error in find: com.jcorporate.expresso.core.db.DBConnection.connect(String, String):Cant get connection to database via driver 'org.firebirdsql.jdbc.FBDriver' and URL 'jdbc:firebirdsql:localhost/3050:D:/CTLan/Project/workspace/Web_HRM/db/Ssp_hrm_db_30_181108.gdb?lc_ctype=UNICODE_FSS' (no description):GDS Exception. 335544721. Unable to complete network request to host "localhost".
Reason: Unable to complete network request to host "localhost".
com.jcorporate.expresso.core.db.DBException: com.jcorporate.expresso.core.db.DBConnection.connect(String, String):Cant get connection to database via driver 'org.firebirdsql.jdbc.FBDriver' and URL 'jdbc:firebirdsql:localhost/3050:D:/CTLan/Project/workspace/Web_HRM/db/Ssp_hrm_db_30_181108.gdb?lc_ctype=UNICODE_FSS' (no description):GDS Exception. 335544721. Unable to complete network request to host "localhost".
Reason: Unable to complete network request to host "localhost".
	at com.jcorporate.expresso.core.db.DBConnection.connect(DBConnection.java:742)
	at com.jcorporate.expresso.core.db.DBConnectionPool.buildNewConnection(DBConnectionPool.java:406)
	at com.jcorporate.expresso.core.db.DBConnectionPool.createNewConnection(DBConnectionPool.java:456)
	at com.jcorporate.expresso.core.db.DBConnectionPool.getConnection(DBConnectionPool.java:1039)
	at com.jcorporate.expresso.core.db.DBConnectionPool.getConnection(DBConnectionPool.java:1154)
	at com.jcorporate.expresso.core.dbobj.DBObject.find(DBObject.java:2340)
	at com.jcorporate.expresso.core.dbobj.SecuredDBObject.find(SecuredDBObject.java:370)
	at com.jcorporate.expresso.services.dbobj.DefaultUserInfo.find(DefaultUserInfo.java:1391)
	at com.jcorporate.expresso.core.security.User.find(User.java:395)
	at com.jcorporate.expresso.core.servlet.CheckLogin.logInAsNone(CheckLogin.java:333)
	at com.jcorporate.expresso.core.servlet.CheckLogin.check(CheckLogin.java:299)
	at com.jcorporate.expresso.core.servlet.CheckLogin.checkLogin(CheckLogin.java:156)
	at com.jcorporate.expresso.core.controller.Controller.execute(Controller.java:1675)
	at org.apache.struts.action.RequestProcessor.processActionPerform(RequestProcessor.java:484)
	at org.apache.struts.action.RequestProcessor.process(RequestProcessor.java:274)
	at org.apache.struts.action.ActionServlet.process(ActionServlet.java:1482)
	at org.apache.struts.action.ActionServlet.doPost(ActionServlet.java:525)
	at javax.servlet.http.HttpServlet.service(HttpServlet.java:710)
	at javax.servlet.http.HttpServlet.service(HttpServlet.java:803)
	at org.apache.catalina.core.ApplicationFilterChain.internalDoFilter(ApplicationFilterChain.java:290)
	at org.apache.catalina.core.ApplicationFilterChain.doFilter(ApplicationFilterChain.java:206)
	at org.apache.catalina.core.StandardWrapperValve.invoke(StandardWrapperValve.java:233)
	at org.apache.catalina.core.StandardContextValve.invoke(StandardContextValve.java:175)
	at org.apache.catalina.core.StandardHostValve.invoke(StandardHostValve.java:128)
	at org.apache.catalina.valves.ErrorReportValve.invoke(ErrorReportValve.java:102)
	at org.apache.catalina.core.StandardEngineValve.invoke(StandardEngineValve.java:109)
	at org.apache.catalina.connector.CoyoteAdapter.service(CoyoteAdapter.java:286)
	at org.apache.coyote.http11.Http11Processor.process(Http11Processor.java:844)
	at org.apache.coyote.http11.Http11Protocol$Http11ConnectionHandler.process(Http11Protocol.java:583)
	at org.apache.tomcat.util.net.JIoEndpoint$Worker.run(JIoEndpoint.java:447)
	at java.lang.Thread.run(Unknown Source)
2009-11-20 11:50:26,218 ERROR [http-8080-2] servlet.CheckLogin (CheckLogin.java:337) - com.jcorporate.expresso.core.db.DBException: com.jcorporate.expresso.core.db.DBConnection.connect(String, String):Cant get connection to database via driver 'org.firebirdsql.jdbc.FBDriver' and URL 'jdbc:firebirdsql:localhost/3050:D:/CTLan/Project/workspace/Web_HRM/db/Ssp_hrm_db_30_181108.gdb?lc_ctype=UNICODE_FSS' (no description):GDS Exception. 335544721. Unable to complete network request to host "localhost".
Reason: Unable to complete network request to host "localhost".
2009-11-20 11:50:27,359 ERROR [http-8080-2] jdbc.JDBCExecutor (JDBCExecutor.java:951) - com.jcorporate.expresso.core.dataobjects.jdbc.JDBCExecutor.retrieve(DataObject) error
com.jcorporate.expresso.core.db.DBException: com.jcorporate.expresso.core.db.DBConnection.connect(String, String):Cant get connection to database via driver 'org.firebirdsql.jdbc.FBDriver' and URL 'jdbc:firebirdsql:localhost/3050:D:/CTLan/Project/workspace/Web_HRM/db/Ssp_hrm_db_30_181108.gdb?lc_ctype=UNICODE_FSS' (no description):GDS Exception. 335544721. Unable to complete network request to host "localhost".
Reason: Unable to complete network request to host "localhost".
	at com.jcorporate.expresso.core.db.DBConnection.connect(DBConnection.java:742)
	at com.jcorporate.expresso.core.db.DBConnectionPool.buildNewConnection(DBConnectionPool.java:406)
	at com.jcorporate.expresso.core.db.DBConnectionPool.createNewConnection(DBConnectionPool.java:456)
	at com.jcorporate.expresso.core.db.DBConnectionPool.getConnection(DBConnectionPool.java:1039)
	at com.jcorporate.expresso.core.db.DBConnectionPool.getConnection(DBConnectionPool.java:1154)
	at com.jcorporate.expresso.core.dataobjects.jdbc.JDBCExecutor.retrieve(JDBCExecutor.java:821)
	at com.jcorporate.expresso.core.dbobj.DBObject.retrieve(DBObject.java:4961)
	at com.jcorporate.expresso.core.dbobj.SecuredDBObject.retrieve(SecuredDBObject.java:609)
	at com.jcorporate.expresso.core.security.User.retrieve(User.java:941)
	at com.jcorporate.expresso.core.controller.DBController.isAllowed(DBController.java:308)
	at com.jcorporate.expresso.core.controller.DBController.stateAllowed(DBController.java:274)
	at com.jcorporate.expresso.core.controller.Controller.newState(Controller.java:1161)
	at com.jcorporate.expresso.core.controller.Controller.execute(Controller.java:1959)
	at org.apache.struts.action.RequestProcessor.processActionPerform(RequestProcessor.java:484)
	at org.apache.struts.action.RequestProcessor.process(RequestProcessor.java:274)
	at org.apache.struts.action.ActionServlet.process(ActionServlet.java:1482)
	at org.apache.struts.action.ActionServlet.doPost(ActionServlet.java:525)
	at javax.servlet.http.HttpServlet.service(HttpServlet.java:710)
	at javax.servlet.http.HttpServlet.service(HttpServlet.java:803)
	at org.apache.catalina.core.ApplicationFilterChain.internalDoFilter(ApplicationFilterChain.java:290)
	at org.apache.catalina.core.ApplicationFilterChain.doFilter(ApplicationFilterChain.java:206)
	at org.apache.catalina.core.StandardWrapperValve.invoke(StandardWrapperValve.java:233)
	at org.apache.catalina.core.StandardContextValve.invoke(StandardContextValve.java:175)
	at org.apache.catalina.core.StandardHostValve.invoke(StandardHostValve.java:128)
	at org.apache.catalina.valves.ErrorReportValve.invoke(ErrorReportValve.java:102)
	at org.apache.catalina.core.StandardEngineValve.invoke(StandardEngineValve.java:109)
	at org.apache.catalina.connector.CoyoteAdapter.service(CoyoteAdapter.java:286)
	at org.apache.coyote.http11.Http11Processor.process(Http11Processor.java:844)
	at org.apache.coyote.http11.Http11Protocol$Http11ConnectionHandler.process(Http11Protocol.java:583)
	at org.apache.tomcat.util.net.JIoEndpoint$Worker.run(JIoEndpoint.java:447)
	at java.lang.Thread.run(Unknown Source)
com.jcorporate.expresso.core.db.DBException: com.jcorporate.expresso.core.db.DBConnection.connect(String, String):Cant get connection to database via driver 'org.firebirdsql.jdbc.FBDriver' and URL 'jdbc:firebirdsql:localhost/3050:D:/CTLan/Project/workspace/Web_HRM/db/Ssp_hrm_db_30_181108.gdb?lc_ctype=UNICODE_FSS' (no description):GDS Exception. 335544721. Unable to complete network request to host "localhost".
Reason: Unable to complete network request to host "localhost".
	at com.jcorporate.expresso.core.db.DBConnection.connect(DBConnection.java:742)
	at com.jcorporate.expresso.core.db.DBConnectionPool.buildNewConnection(DBConnectionPool.java:406)
	at com.jcorporate.expresso.core.db.DBConnectionPool.createNewConnection(DBConnectionPool.java:456)
	at com.jcorporate.expresso.core.db.DBConnectionPool.getConnection(DBConnectionPool.java:1039)
	at com.jcorporate.expresso.core.db.DBConnectionPool.getConnection(DBConnectionPool.java:1154)
	at com.jcorporate.expresso.core.dataobjects.jdbc.JDBCExecutor.retrieve(JDBCExecutor.java:821)
	at com.jcorporate.expresso.core.dbobj.DBObject.retrieve(DBObject.java:4961)
	at com.jcorporate.expresso.core.dbobj.SecuredDBObject.retrieve(SecuredDBObject.java:609)
	at com.jcorporate.expresso.core.security.User.retrieve(User.java:941)
	at com.jcorporate.expresso.core.controller.DBController.isAllowed(DBController.java:308)
	at com.jcorporate.expresso.core.controller.DBController.stateAllowed(DBController.java:274)
	at com.jcorporate.expresso.core.controller.Controller.newState(Controller.java:1161)
	at com.jcorporate.expresso.core.controller.Controller.execute(Controller.java:1959)
	at org.apache.struts.action.RequestProcessor.processActionPerform(RequestProcessor.java:484)
	at org.apache.struts.action.RequestProcessor.process(RequestProcessor.java:274)
	at org.apache.struts.action.ActionServlet.process(ActionServlet.java:1482)
	at org.apache.struts.action.ActionServlet.doPost(ActionServlet.java:525)
	at javax.servlet.http.HttpServlet.service(HttpServlet.java:710)
	at javax.servlet.http.HttpServlet.service(HttpServlet.java:803)
	at org.apache.catalina.core.ApplicationFilterChain.internalDoFilter(ApplicationFilterChain.java:290)
	at org.apache.catalina.core.ApplicationFilterChain.doFilter(ApplicationFilterChain.java:206)
	at org.apache.catalina.core.StandardWrapperValve.invoke(StandardWrapperValve.java:233)
	at org.apache.catalina.core.StandardContextValve.invoke(StandardContextValve.java:175)
	at org.apache.catalina.core.StandardHostValve.invoke(StandardHostValve.java:128)
	at org.apache.catalina.valves.ErrorReportValve.invoke(ErrorReportValve.java:102)
	at org.apache.catalina.core.StandardEngineValve.invoke(StandardEngineValve.java:109)
	at org.apache.catalina.connector.CoyoteAdapter.service(CoyoteAdapter.java:286)
	at org.apache.coyote.http11.Http11Processor.process(Http11Processor.java:844)
	at org.apache.coyote.http11.Http11Protocol$Http11ConnectionHandler.process(Http11Protocol.java:583)
	at org.apache.tomcat.util.net.JIoEndpoint$Worker.run(JIoEndpoint.java:447)
	at java.lang.Thread.run(Unknown Source)
com.jcorporate.expresso.core.dataobjects.DataException: com.jcorporate.expresso.core.dataobjects.jdbc.JDBCExecutor.retrieve(DataObject) error
	at com.jcorporate.expresso.core.dataobjects.jdbc.JDBCExecutor.retrieve(JDBCExecutor.java:952)
	at com.jcorporate.expresso.core.dbobj.DBObject.retrieve(DBObject.java:4961)
	at com.jcorporate.expresso.core.dbobj.SecuredDBObject.retrieve(SecuredDBObject.java:609)
	at com.jcorporate.expresso.core.security.User.retrieve(User.java:941)
	at com.jcorporate.expresso.core.controller.DBController.isAllowed(DBController.java:308)
	at com.jcorporate.expresso.core.controller.DBController.stateAllowed(DBController.java:274)
	at com.jcorporate.expresso.core.controller.Controller.newState(Controller.java:1161)
	at com.jcorporate.expresso.core.controller.Controller.execute(Controller.java:1959)
	at org.apache.struts.action.RequestProcessor.processActionPerform(RequestProcessor.java:484)
	at org.apache.struts.action.RequestProcessor.process(RequestProcessor.java:274)
	at org.apache.struts.action.ActionServlet.process(ActionServlet.java:1482)
	at org.apache.struts.action.ActionServlet.doPost(ActionServlet.java:525)
	at javax.servlet.http.HttpServlet.service(HttpServlet.java:710)
	at javax.servlet.http.HttpServlet.service(HttpServlet.java:803)
	at org.apache.catalina.core.ApplicationFilterChain.internalDoFilter(ApplicationFilterChain.java:290)
	at org.apache.catalina.core.ApplicationFilterChain.doFilter(ApplicationFilterChain.java:206)
	at org.apache.catalina.core.StandardWrapperValve.invoke(StandardWrapperValve.java:233)
	at org.apache.catalina.core.StandardContextValve.invoke(StandardContextValve.java:175)
	at org.apache.catalina.core.StandardHostValve.invoke(StandardHostValve.java:128)
	at org.apache.catalina.valves.ErrorReportValve.invoke(ErrorReportValve.java:102)
	at org.apache.catalina.core.StandardEngineValve.invoke(StandardEngineValve.java:109)
	at org.apache.catalina.connector.CoyoteAdapter.service(CoyoteAdapter.java:286)
	at org.apache.coyote.http11.Http11Processor.process(Http11Processor.java:844)
	at org.apache.coyote.http11.Http11Protocol$Http11ConnectionHandler.process(Http11Protocol.java:583)
	at org.apache.tomcat.util.net.JIoEndpoint$Worker.run(JIoEndpoint.java:447)
	at java.lang.Thread.run(Unknown Source)
com.jcorporate.expresso.core.controller.ControllerException: Unable to check Controller security
	at com.jcorporate.expresso.core.controller.DBController.stateAllowed(DBController.java:278)
	at com.jcorporate.expresso.core.controller.Controller.newState(Controller.java:1161)
	at com.jcorporate.expresso.core.controller.Controller.execute(Controller.java:1959)
	at org.apache.struts.action.RequestProcessor.processActionPerform(RequestProcessor.java:484)
	at org.apache.struts.action.RequestProcessor.process(RequestProcessor.java:274)
	at org.apache.struts.action.ActionServlet.process(ActionServlet.java:1482)
	at org.apache.struts.action.ActionServlet.doPost(ActionServlet.java:525)
	at javax.servlet.http.HttpServlet.service(HttpServlet.java:710)
	at javax.servlet.http.HttpServlet.service(HttpServlet.java:803)
	at org.apache.catalina.core.ApplicationFilterChain.internalDoFilter(ApplicationFilterChain.java:290)
	at org.apache.catalina.core.ApplicationFilterChain.doFilter(ApplicationFilterChain.java:206)
	at org.apache.catalina.core.StandardWrapperValve.invoke(StandardWrapperValve.java:233)
	at org.apache.catalina.core.StandardContextValve.invoke(StandardContextValve.java:175)
	at org.apache.catalina.core.StandardHostValve.invoke(StandardHostValve.java:128)
	at org.apache.catalina.valves.ErrorReportValve.invoke(ErrorReportValve.java:102)
	at org.apache.catalina.core.StandardEngineValve.invoke(StandardEngineValve.java:109)
	at org.apache.catalina.connector.CoyoteAdapter.service(CoyoteAdapter.java:286)
	at org.apache.coyote.http11.Http11Processor.process(Http11Processor.java:844)
	at org.apache.coyote.http11.Http11Protocol$Http11ConnectionHandler.process(Http11Protocol.java:583)
	at org.apache.tomcat.util.net.JIoEndpoint$Worker.run(JIoEndpoint.java:447)
	at java.lang.Thread.run(Unknown Source)
KKKKK
org.firebirdsql.jdbc.FBSQLException: GDS Exception. 335544726. Error reading data from the connection.
null
Reason: Error reading data from the connection.
null
	at org.firebirdsql.jdbc.InternalTransactionCoordinator$AutoCommitCoordinator.ensureTransaction(InternalTransactionCoordinator.java:224)
	at org.firebirdsql.jdbc.InternalTransactionCoordinator$AutoCommitCoordinator.executionStarted(InternalTransactionCoordinator.java:213)
	at org.firebirdsql.jdbc.InternalTransactionCoordinator.executionStarted(InternalTransactionCoordinator.java:38)
	at org.firebirdsql.jdbc.AbstractStatement.notifyStatementStarted(AbstractStatement.java:235)
	at org.firebirdsql.jdbc.AbstractStatement.notifyStatementStarted(AbstractStatement.java:226)
	at org.firebirdsql.jdbc.AbstractPreparedStatement.<init>(AbstractPreparedStatement.java:121)
	at org.firebirdsql.jdbc.FBPreparedStatement.<init>(FBPreparedStatement.java:41)
	at sun.reflect.NativeConstructorAccessorImpl.newInstance0(Native Method)
	at sun.reflect.NativeConstructorAccessorImpl.newInstance(Unknown Source)
	at sun.reflect.DelegatingConstructorAccessorImpl.newInstance(Unknown Source)
	at java.lang.reflect.Constructor.newInstance(Unknown Source)
	at org.firebirdsql.jdbc.FBStatementFactory.createPreparedStatement(FBStatementFactory.java:90)
	at org.firebirdsql.jdbc.AbstractConnection.prepareStatement(AbstractConnection.java:869)
	at org.firebirdsql.jdbc.AbstractConnection.prepareStatement(AbstractConnection.java:824)
	at org.firebirdsql.jdbc.AbstractConnection.prepareStatement(AbstractConnection.java:817)
	at org.firebirdsql.jdbc.AbstractConnection.prepareStatement(AbstractConnection.java:293)
	at hrm.controller.LoginController.runLoginState(LoginController.java:59)
	at sun.reflect.NativeMethodAccessorImpl.invoke0(Native Method)
	at sun.reflect.NativeMethodAccessorImpl.invoke(Unknown Source)
	at sun.reflect.DelegatingMethodAccessorImpl.invoke(Unknown Source)
	at java.lang.reflect.Method.invoke(Unknown Source)
	at com.jcorporate.expresso.core.controller.Controller.newState(Controller.java:1384)
	at com.jcorporate.expresso.core.controller.Controller.newState(Controller.java:1134)
	at com.jcorporate.expresso.core.controller.Controller.execute(Controller.java:1959)
	at org.apache.struts.action.RequestProcessor.processActionPerform(RequestProcessor.java:484)
	at org.apache.struts.action.RequestProcessor.process(RequestProcessor.java:274)
	at org.apache.struts.action.ActionServlet.process(ActionServlet.java:1482)
	at org.apache.struts.action.ActionServlet.doGet(ActionServlet.java:507)
	at javax.servlet.http.HttpServlet.service(HttpServlet.java:690)
	at javax.servlet.http.HttpServlet.service(HttpServlet.java:803)
	at org.apache.catalina.core.ApplicationFilterChain.internalDoFilter(ApplicationFilterChain.java:290)
	at org.apache.catalina.core.ApplicationFilterChain.doFilter(ApplicationFilterChain.java:206)
	at org.apache.catalina.core.StandardWrapperValve.invoke(StandardWrapperValve.java:233)
	at org.apache.catalina.core.StandardContextValve.invoke(StandardContextValve.java:175)
	at org.apache.catalina.core.StandardHostValve.invoke(StandardHostValve.java:128)
	at org.apache.catalina.valves.ErrorReportValve.invoke(ErrorReportValve.java:102)
	at org.apache.catalina.core.StandardEngineValve.invoke(StandardEngineValve.java:109)
	at org.apache.catalina.connector.CoyoteAdapter.service(CoyoteAdapter.java:286)
	at org.apache.coyote.http11.Http11Processor.process(Http11Processor.java:844)
	at org.apache.coyote.http11.Http11Protocol$Http11ConnectionHandler.process(Http11Protocol.java:583)
	at org.apache.tomcat.util.net.JIoEndpoint$Worker.run(JIoEndpoint.java:447)
	at java.lang.Thread.run(Unknown Source)
at org.firebirdsql.gds.GDSException: Error reading data from the connection.
null
	at org.firebirdsql.gds.impl.wire.AbstractJavaGDSImpl.receiveResponse(AbstractJavaGDSImpl.java:2135)
	at org.firebirdsql.gds.impl.wire.AbstractJavaGDSImpl.iscStartTransaction(AbstractJavaGDSImpl.java:735)
	at org.firebirdsql.gds.impl.GDSHelper.startTransaction(GDSHelper.java:583)
	at org.firebirdsql.jca.FBManagedConnection.findIscTrHandle(FBManagedConnection.java:1006)
	at org.firebirdsql.jca.FBManagedConnection.internalStart(FBManagedConnection.java:925)
	at org.firebirdsql.jca.FBLocalTransaction.internalBegin(FBLocalTransaction.java:140)
	at org.firebirdsql.jca.FBLocalTransaction.begin(FBLocalTransaction.java:112)
	at org.firebirdsql.jdbc.InternalTransactionCoordinator$AutoCommitCoordinator.ensureTransaction(InternalTransactionCoordinator.java:222)
	at org.firebirdsql.jdbc.InternalTransactionCoordinator$AutoCommitCoordinator.executionStarted(InternalTransactionCoordinator.java:213)
	at org.firebirdsql.jdbc.InternalTransactionCoordinator.executionStarted(InternalTransactionCoordinator.java:38)
	at org.firebirdsql.jdbc.AbstractStatement.notifyStatementStarted(AbstractStatement.java:235)
	at org.firebirdsql.jdbc.AbstractStatement.notifyStatementStarted(AbstractStatement.java:226)
	at org.firebirdsql.jdbc.AbstractPreparedStatement.<init>(AbstractPreparedStatement.java:121)
	at org.firebirdsql.jdbc.FBPreparedStatement.<init>(FBPreparedStatement.java:41)
	at sun.reflect.NativeConstructorAccessorImpl.newInstance0(Native Method)
	at sun.reflect.NativeConstructorAccessorImpl.newInstance(Unknown Source)
	at sun.reflect.DelegatingConstructorAccessorImpl.newInstance(Unknown Source)
	at java.lang.reflect.Constructor.newInstance(Unknown Source)
	at org.firebirdsql.jdbc.FBStatementFactory.createPreparedStatement(FBStatementFactory.java:90)
	at org.firebirdsql.jdbc.AbstractConnection.prepareStatement(AbstractConnection.java:869)
	at org.firebirdsql.jdbc.AbstractConnection.prepareStatement(AbstractConnection.java:824)
	at org.firebirdsql.jdbc.AbstractConnection.prepareStatement(AbstractConnection.java:817)
	at org.firebirdsql.jdbc.AbstractConnection.prepareStatement(AbstractConnection.java:293)
	at hrm.controller.LoginController.runLoginState(LoginController.java:59)
	at sun.reflect.NativeMethodAccessorImpl.invoke0(Native Method)
	at sun.reflect.NativeMethodAccessorImpl.invoke(Unknown Source)
	at sun.reflect.DelegatingMethodAccessorImpl.invoke(Unknown Source)
	at java.lang.reflect.Method.invoke(Unknown Source)
	at com.jcorporate.expresso.core.controller.Controller.newState(Controller.java:1384)
	at com.jcorporate.expresso.core.controller.Controller.newState(Controller.java:1134)
	at com.jcorporate.expresso.core.controller.Controller.execute(Controller.java:1959)
	at org.apache.struts.action.RequestProcessor.processActionPerform(RequestProcessor.java:484)
	at org.apache.struts.action.RequestProcessor.process(RequestProcessor.java:274)
	at org.apache.struts.action.ActionServlet.process(ActionServlet.java:1482)
	at org.apache.struts.action.ActionServlet.doGet(ActionServlet.java:507)
	at javax.servlet.http.HttpServlet.service(HttpServlet.java:690)
	at javax.servlet.http.HttpServlet.service(HttpServlet.java:803)
	at org.apache.catalina.core.ApplicationFilterChain.internalDoFilter(ApplicationFilterChain.java:290)
	at org.apache.catalina.core.ApplicationFilterChain.doFilter(ApplicationFilterChain.java:206)
	at org.apache.catalina.core.StandardWrapperValve.invoke(StandardWrapperValve.java:233)
	at org.apache.catalina.core.StandardContextValve.invoke(StandardContextValve.java:175)
	at org.apache.catalina.core.StandardHostValve.invoke(StandardHostValve.java:128)
	at org.apache.catalina.valves.ErrorReportValve.invoke(ErrorReportValve.java:102)
	at org.apache.catalina.core.StandardEngineValve.invoke(StandardEngineValve.java:109)
	at org.apache.catalina.connector.CoyoteAdapter.service(CoyoteAdapter.java:286)
	at org.apache.coyote.http11.Http11Processor.process(Http11Processor.java:844)
	at org.apache.coyote.http11.Http11Protocol$Http11ConnectionHandler.process(Http11Protocol.java:583)
	at org.apache.tomcat.util.net.JIoEndpoint$Worker.run(JIoEndpoint.java:447)
	at java.lang.Thread.run(Unknown Source)
KKKKK
2009-11-20 13:34:28,718 WARN  [http-8080-2] i18n.Messages (Messages.java:425) - No such key 'No Title' in bundle for schemas: '[com.jcorporate.expresso.core.ExpressoSchema]'
KKKKK
2009-11-20 16:00:43,625 WARN  [http-8080-2] i18n.Messages (Messages.java:425) - No such key 'No Title' in bundle for schemas: '[com.jcorporate.expresso.core.ExpressoSchema]'
